{"uid":"1682fb4ba67b49de","name":"TC02 - Verify Event Lifecycle: Create, Verify","fullName":"project_orangehrm.Test.Claim_Configuration_Test.verifyEvent_Lifecycle_Success","historyId":"8166daac8c1672f046cb86c542c67616","time":{"start":1766771353347,"stop":1766771375294,"duration":21947},"status":"failed","statusMessage":"Record not found: Global QA Summit 2025 | Locator: By.xpath: //div[@role='row']//div[normalize-space()='Global QA Summit 2025']","statusTrace":"java.lang.AssertionError: Record not found: Global QA Summit 2025 | Locator: By.xpath: //div[@role='row']//div[normalize-space()='Global QA Summit 2025']\n\tat org.testng.Assert.fail(Assert.java:111)\n\tat project_orangehrm.Base.BasePage.assertVisible(BasePage.java:46)\n\tat project_orangehrm.Pages.CommonPage.verifyRecordVisible(CommonPage.java:311)\n\tat project_orangehrm.Pages.ClaimPage.verifyRecordExists(ClaimPage.java:192)\n\tat project_orangehrm.Test.Claim_Configuration_Test.verifyEvent_Lifecycle_Success(Claim_Configuration_Test.java:51)\n\tat java.base/jdk.internal.reflect.DirectMethodHandleAccessor.invoke(DirectMethodHandleAccessor.java:103)\n\tat java.base/java.lang.reflect.Method.invoke(Method.java:580)\n\tat org.testng.internal.invokers.MethodInvocationHelper.invokeMethod(MethodInvocationHelper.java:141)\n\tat org.testng.internal.invokers.TestInvoker.invokeMethod(TestInvoker.java:687)\n\tat org.testng.internal.invokers.TestInvoker.invokeTestMethod(TestInvoker.java:230)\n\tat org.testng.internal.invokers.MethodRunner.runInSequence(MethodRunner.java:63)\n\tat org.testng.internal.invokers.TestInvoker$MethodInvocationAgent.invoke(TestInvoker.java:995)\n\tat org.testng.internal.invokers.TestInvoker.invokeTestMethods(TestInvoker.java:203)\n\tat org.testng.internal.invokers.TestMethodWorker.invokeTestMethods(TestMethodWorker.java:154)\n\tat org.testng.internal.invokers.TestMethodWorker.run(TestMethodWorker.java:134)\n\tat java.base/java.util.concurrent.Executors$RunnableAdapter.call(Executors.java:572)\n\tat java.base/java.util.concurrent.FutureTask.run(FutureTask.java:317)\n\tat org.testng.internal.thread.graph.TestNGFutureTask.run(TestNGFutureTask.java:22)\n\tat java.base/java.util.concurrent.ThreadPoolExecutor.runWorker(ThreadPoolExecutor.java:1144)\n\tat java.base/java.util.concurrent.ThreadPoolExecutor$Worker.run(ThreadPoolExecutor.java:642)\n\tat java.base/java.lang.Thread.run(Thread.java:1583)\n","flaky":false,"newFailed":false,"newBroken":false,"newPassed":false,"retriesCount":0,"retriesStatusChange":false,"beforeStages":[{"name":"setUp","time":{"start":1766771350825,"stop":1766771351564,"duration":739},"description":"","status":"passed","steps":[],"attachments":[],"parameters":[],"stepsCount":0,"shouldDisplayMessage":false,"attachmentsCount":0,"hasContent":false,"attachmentStep":false},{"name":"setup","time":{"start":1766771351565,"stop":1766771353346,"duration":1781},"description":"","status":"passed","steps":[],"attachments":[],"parameters":[],"stepsCount":0,"shouldDisplayMessage":false,"attachmentsCount":0,"hasContent":false,"attachmentStep":false}],"testStage":{"status":"failed","statusMessage":"Record not found: Global QA Summit 2025 | Locator: By.xpath: //div[@role='row']//div[normalize-space()='Global QA Summit 2025']","statusTrace":"java.lang.AssertionError: Record not found: Global QA Summit 2025 | Locator: By.xpath: //div[@role='row']//div[normalize-space()='Global QA Summit 2025']\n\tat org.testng.Assert.fail(Assert.java:111)\n\tat project_orangehrm.Base.BasePage.assertVisible(BasePage.java:46)\n\tat project_orangehrm.Pages.CommonPage.verifyRecordVisible(CommonPage.java:311)\n\tat project_orangehrm.Pages.ClaimPage.verifyRecordExists(ClaimPage.java:192)\n\tat project_orangehrm.Test.Claim_Configuration_Test.verifyEvent_Lifecycle_Success(Claim_Configuration_Test.java:51)\n\tat java.base/jdk.internal.reflect.DirectMethodHandleAccessor.invoke(DirectMethodHandleAccessor.java:103)\n\tat java.base/java.lang.reflect.Method.invoke(Method.java:580)\n\tat org.testng.internal.invokers.MethodInvocationHelper.invokeMethod(MethodInvocationHelper.java:141)\n\tat org.testng.internal.invokers.TestInvoker.invokeMethod(TestInvoker.java:687)\n\tat org.testng.internal.invokers.TestInvoker.invokeTestMethod(TestInvoker.java:230)\n\tat org.testng.internal.invokers.MethodRunner.runInSequence(MethodRunner.java:63)\n\tat org.testng.internal.invokers.TestInvoker$MethodInvocationAgent.invoke(TestInvoker.java:995)\n\tat org.testng.internal.invokers.TestInvoker.invokeTestMethods(TestInvoker.java:203)\n\tat org.testng.internal.invokers.TestMethodWorker.invokeTestMethods(TestMethodWorker.java:154)\n\tat org.testng.internal.invokers.TestMethodWorker.run(TestMethodWorker.java:134)\n\tat java.base/java.util.concurrent.Executors$RunnableAdapter.call(Executors.java:572)\n\tat java.base/java.util.concurrent.FutureTask.run(FutureTask.java:317)\n\tat org.testng.internal.thread.graph.TestNGFutureTask.run(TestNGFutureTask.java:22)\n\tat java.base/java.util.concurrent.ThreadPoolExecutor.runWorker(ThreadPoolExecutor.java:1144)\n\tat java.base/java.util.concurrent.ThreadPoolExecutor$Worker.run(ThreadPoolExecutor.java:642)\n\tat java.base/java.lang.Thread.run(Thread.java:1583)\n","steps":[],"attachments":[{"uid":"a44d7c9dcbec6136","name":"SoftAssert_Failed - 2025-12-26T17:49:25.051967221","source":"a44d7c9dcbec6136.png","type":"image/png","size":101251},{"uid":"967c4527a0b91ac4","name":"Page Source","source":"967c4527a0b91ac4.html","type":"text/html","size":294994}],"parameters":[],"stepsCount":0,"shouldDisplayMessage":true,"attachmentsCount":2,"hasContent":true,"attachmentStep":false},"afterStages":[{"name":"tearDown","time":{"start":1766771375294,"stop":1766771375609,"duration":315},"description":"","status":"passed","steps":[],"attachments":[{"uid":"2b44c8548f0c8f83","name":"Screenshot Failure - verifyEvent_Lifecycle_Success","source":"2b44c8548f0c8f83.png","type":"image/png","size":101910},{"uid":"c69164926eaf6a51","name":"Page Source","source":"c69164926eaf6a51.html","type":"text/html","size":320080}],"parameters":[],"stepsCount":0,"shouldDisplayMessage":false,"attachmentsCount":2,"hasContent":true,"attachmentStep":false}],"labels":[{"name":"package","value":"project_orangehrm.Test.Claim_Configuration_Test"},{"name":"testClass","value":"project_orangehrm.Test.Claim_Configuration_Test"},{"name":"testMethod","value":"verifyEvent_Lifecycle_Success"},{"name":"parentSuite","value":"OrangeHRM_Strategic_Suite"},{"name":"suite","value":"Step4_Ops_Claims"},{"name":"subSuite","value":"project_orangehrm.Test.Claim_Configuration_Test"},{"name":"host","value":"runnervmh13bl"},{"name":"thread","value":"2206@runnervmh13bl.TestNG-test-Step4_Ops_Claims-1(2980)"},{"name":"framework","value":"testng"},{"name":"language","value":"java"},{"name":"resultFormat","value":"allure2"}],"parameters":[{"name":"browser","value":"edge"}],"links":[],"hidden":true,"retry":true,"extra":{"categories":[],"tags":[]},"source":"1682fb4ba67b49de.json","parameterValues":["edge"]}