{"uid":"2ed666e0b4c284f1","name":"TC01 - Verify Admin Assigning Claim to Employee","fullName":"project_orangehrm.Test.Claim_Advanced_Test.verifyAssignClaim_Success","historyId":"a0599a09eeddbc7325b763547e7a6dc9","time":{"start":1766698862914,"stop":1766698882056,"duration":19142},"status":"broken","statusMessage":"Expected condition failed: waiting for presence of element located by: By.xpath: //label[normalize-space()='Expense Type']/../following-sibling::div//div[contains(@class,'oxd-select-text')] (tried for 10 second(s) with 300 milliseconds interval)","statusTrace":"org.openqa.selenium.TimeoutException: Expected condition failed: waiting for presence of element located by: By.xpath: //label[normalize-space()='Expense Type']/../following-sibling::div//div[contains(@class,'oxd-select-text')] (tried for 10 second(s) with 300 milliseconds interval)\n\tat org.openqa.selenium.support.ui.FluentWait.timeoutException(FluentWait.java:265)\n\tat org.openqa.selenium.support.ui.FluentWait.until(FluentWait.java:228)\n\tat project_orangehrm.Base.BasePage.clickJS(BasePage.java:130)\n\tat project_orangehrm.Base.BasePage.clickWhenReady(BasePage.java:97)\n\tat project_orangehrm.Pages.CommonPage.selectDropdownOption(CommonPage.java:95)\n\tat project_orangehrm.Pages.ClaimPage.clickAndSelectDropdown(ClaimPage.java:122)\n\tat project_orangehrm.Test.Claim_Advanced_Test.verifyAssignClaim_Success(Claim_Advanced_Test.java:51)\n\tat java.base/jdk.internal.reflect.DirectMethodHandleAccessor.invoke(DirectMethodHandleAccessor.java:103)\n\tat java.base/java.lang.reflect.Method.invoke(Method.java:580)\n\tat org.testng.internal.invokers.MethodInvocationHelper.invokeMethod(MethodInvocationHelper.java:141)\n\tat org.testng.internal.invokers.TestInvoker.invokeMethod(TestInvoker.java:687)\n\tat org.testng.internal.invokers.TestInvoker.invokeTestMethod(TestInvoker.java:230)\n\tat org.testng.internal.invokers.MethodRunner.runInSequence(MethodRunner.java:63)\n\tat org.testng.internal.invokers.TestInvoker$MethodInvocationAgent.invoke(TestInvoker.java:995)\n\tat org.testng.internal.invokers.TestInvoker.invokeTestMethods(TestInvoker.java:203)\n\tat org.testng.internal.invokers.TestMethodWorker.invokeTestMethods(TestMethodWorker.java:154)\n\tat org.testng.internal.invokers.TestMethodWorker.run(TestMethodWorker.java:134)\n\tat java.base/java.util.concurrent.Executors$RunnableAdapter.call(Executors.java:572)\n\tat java.base/java.util.concurrent.FutureTask.run(FutureTask.java:317)\n\tat org.testng.internal.thread.graph.TestNGFutureTask.run(TestNGFutureTask.java:22)\n\tat java.base/java.util.concurrent.ThreadPoolExecutor.runWorker(ThreadPoolExecutor.java:1144)\n\tat java.base/java.util.concurrent.ThreadPoolExecutor$Worker.run(ThreadPoolExecutor.java:642)\n\tat java.base/java.lang.Thread.run(Thread.java:1583)\nCaused by: org.openqa.selenium.NoSuchElementException: no such element: Unable to locate element: {\"method\":\"xpath\",\"selector\":\"//label[normalize-space()='Expense Type']/../following-sibling::div//div[contains(@class,'oxd-select-text')]\"}\n  (Session info: chrome=143.0.7499.109)\nFor documentation on this error, please visit: https://www.selenium.dev/documentation/webdriver/troubleshooting/errors#nosuchelementexception\nBuild info: version: '4.37.0', revision: '3c1da1e342'\nSystem info: os.name: 'Linux', os.arch: 'amd64', os.version: '6.11.0-1018-azure', java.version: '21.0.9'\nDriver info: org.openqa.selenium.chrome.ChromeDriver\nCommand: [9525aeb93ea047e49f466b470138a237, findElement {value=//label[normalize-space()='Expense Type']/../following-sibling::div//div[contains(@class,'oxd-select-text')], using=xpath}]\nCapabilities {acceptInsecureCerts: false, browserName: chrome, browserVersion: 143.0.7499.109, chrome: {chromedriverVersion: 143.0.7499.169 (164b20aab62..., userDataDir: /tmp/.org.chromium.Chromium...}, fedcm:accounts: true, goog:chromeOptions: {debuggerAddress: localhost:42185}, goog:processID: 38627, networkConnectionEnabled: false, pageLoadStrategy: normal, platformName: linux, proxy: Proxy(), se:cdp: ws://localhost:42185/devtoo..., se:cdpVersion: 143.0.7499.109, setWindowRect: true, strictFileInteractability: false, timeouts: {implicit: 0, pageLoad: 300000, script: 30000}, unhandledPromptBehavior: dismiss and notify, webauthn:extension:credBlob: true, webauthn:extension:largeBlob: true, webauthn:extension:minPinLength: true, webauthn:extension:prf: true, webauthn:virtualAuthenticators: true}\nSession ID: 9525aeb93ea047e49f466b470138a237\n\tat java.base/jdk.internal.reflect.DirectConstructorHandleAccessor.newInstance(DirectConstructorHandleAccessor.java:62)\n\tat java.base/java.lang.reflect.Constructor.newInstanceWithCaller(Constructor.java:502)\n\tat java.base/java.lang.reflect.Constructor.newInstance(Constructor.java:486)\n\tat org.openqa.selenium.remote.ErrorCodec.decode(ErrorCodec.java:167)\n\tat org.openqa.selenium.remote.codec.w3c.W3CHttpResponseCodec.decode(W3CHttpResponseCodec.java:138)\n\tat org.openqa.selenium.remote.codec.w3c.W3CHttpResponseCodec.decode(W3CHttpResponseCodec.java:50)\n\tat org.openqa.selenium.remote.HttpCommandExecutor.execute(HttpCommandExecutor.java:215)\n\tat org.openqa.selenium.remote.service.DriverCommandExecutor.invokeExecute(DriverCommandExecutor.java:216)\n\tat org.openqa.selenium.remote.service.DriverCommandExecutor.execute(DriverCommandExecutor.java:174)\n\tat org.openqa.selenium.remote.RemoteWebDriver.execute(RemoteWebDriver.java:557)\n\tat org.openqa.selenium.remote.ElementLocation$ElementFinder$2.findElement(ElementLocation.java:165)\n\tat org.openqa.selenium.remote.ElementLocation.findElement(ElementLocation.java:59)\n\tat org.openqa.selenium.remote.RemoteWebDriver.findElement(RemoteWebDriver.java:380)\n\tat org.openqa.selenium.remote.RemoteWebDriver.findElement(RemoteWebDriver.java:374)\n\tat org.openqa.selenium.support.ui.ExpectedConditions$6.apply(ExpectedConditions.java:171)\n\tat org.openqa.selenium.support.ui.ExpectedConditions$6.apply(ExpectedConditions.java:168)\n\tat org.openqa.selenium.support.ui.FluentWait.until(FluentWait.java:203)\n\t... 21 more\n","flaky":false,"newFailed":false,"newBroken":false,"newPassed":false,"retriesCount":3,"retriesStatusChange":false,"beforeStages":[{"name":"setUp","time":{"start":1766698859389,"stop":1766698860456,"duration":1067},"description":"","status":"passed","steps":[],"attachments":[],"parameters":[],"stepsCount":0,"shouldDisplayMessage":false,"attachmentsCount":0,"hasContent":false,"attachmentStep":false},{"name":"setup","time":{"start":1766698860456,"stop":1766698862913,"duration":2457},"description":"","status":"passed","steps":[],"attachments":[],"parameters":[],"stepsCount":0,"shouldDisplayMessage":false,"attachmentsCount":0,"hasContent":false,"attachmentStep":false}],"afterStages":[{"name":"tearDown","time":{"start":1766698882057,"stop":1766698882687,"duration":630},"description":"","status":"passed","steps":[],"attachments":[{"uid":"b2c2235aabd8e27c","name":"Screenshot Failure - verifyAssignClaim_Success","source":"b2c2235aabd8e27c.png","type":"image/png","size":7424},{"uid":"7f14c7c890e7223c","name":"Page Source","source":"7f14c7c890e7223c.html","type":"text/html","size":299655}],"parameters":[],"stepsCount":0,"shouldDisplayMessage":false,"attachmentsCount":2,"hasContent":true,"attachmentStep":false}],"labels":[{"name":"package","value":"project_orangehrm.Test.Claim_Advanced_Test"},{"name":"testClass","value":"project_orangehrm.Test.Claim_Advanced_Test"},{"name":"testMethod","value":"verifyAssignClaim_Success"},{"name":"parentSuite","value":"OrangeHRM_E2E_Suite"},{"name":"suite","value":"Step4_Operational"},{"name":"subSuite","value":"project_orangehrm.Test.Claim_Advanced_Test"},{"name":"host","value":"runnervmh13bl"},{"name":"thread","value":"2295@runnervmh13bl.TestNG-test-Step4_Operational-4(2040)"},{"name":"framework","value":"testng"},{"name":"language","value":"java"},{"name":"resultFormat","value":"allure2"}],"parameters":[{"name":"browser","value":"edge"}],"links":[],"hidden":false,"retry":false,"extra":{"severity":"normal","retries":[{"uid":"97bedf7b650f5743","status":"broken","statusDetails":"Expected condition failed: waiting for element to be clickable: By.xpath: //div[@role='listbox']//span (tried for 10 second(s) with 300 milliseconds interval)\nBuild info: version: '4.37.0', revision: '3c1da1e342'\nSystem info: os.name: 'Linux', os.arch: 'amd64', os.version: '6.11.0-1018-azure', java.version: '21.0.9'\nDriver info: driver.version: unknown","time":{"start":1766696457499,"stop":1766696468583,"duration":11084}},{"uid":"3d01df51609ee568","status":"broken","statusDetails":"Expected condition failed: waiting for presence of element located by: By.xpath: //label[normalize-space()='Expense Type']/../following-sibling::div//div[contains(@class,'oxd-select-text')] (tried for 10 second(s) with 300 milliseconds interval)","time":{"start":1766695937999,"stop":1766695957387,"duration":19388}},{"uid":"2837bcdd00ccc552","status":"broken","statusDetails":"Expected condition failed: waiting for presence of element located by: By.xpath: //label[normalize-space()='Expense Type']/../following-sibling::div//div[contains(@class,'oxd-select-text')] (tried for 10 second(s) with 300 milliseconds interval)","time":{"start":1766693631726,"stop":1766693650953,"duration":19227}}],"categories":[{"name":"Test defects","matchedStatuses":[],"flaky":false}],"history":{"statistic":{"failed":0,"broken":5,"skipped":0,"passed":2,"unknown":0,"total":7},"items":[{"uid":"38e502695bda9146","reportUrl":"https://m1mohammed1.github.io/orangeHRM/16/#testresult/38e502695bda9146","status":"broken","statusDetails":"Expected condition failed: waiting for element to be clickable: By.xpath: //div[@role='listbox']//span[contains(normalize-space(), 'Team Lunch')] (tried for 10 second(s) with 300 milliseconds interval)\nBuild info: version: '4.37.0', revision: '3c1da1e342'\nSystem info: os.name: 'Linux', os.arch: 'amd64', os.version: '6.11.0-1018-azure', java.version: '21.0.9'\nDriver info: driver.version: unknown","time":{"start":1766630568018,"stop":1766630588855,"duration":20837}},{"uid":"5938883bdf3e345","reportUrl":"https://m1mohammed1.github.io/orangeHRM/15/#testresult/5938883bdf3e345","status":"broken","statusDetails":"Expected condition failed: waiting for presence of element located by: By.xpath: //label[normalize-space()='Expense Type']/../following-sibling::div//div[contains(@class,'oxd-select-text')] (tried for 10 second(s) with 300 milliseconds interval)","time":{"start":1766622835551,"stop":1766622854866,"duration":19315}},{"uid":"c19709a67fa2ec3e","reportUrl":"https://m1mohammed1.github.io/orangeHRM/13/#testresult/c19709a67fa2ec3e","status":"broken","statusDetails":"Expected condition failed: waiting for element to be clickable: By.xpath: //div[@role='listbox']//span[contains(normalize-space(), 'Team Lunch')] (tried for 10 second(s) with 300 milliseconds interval)\nBuild info: version: '4.37.0', revision: '3c1da1e342'\nSystem info: os.name: 'Linux', os.arch: 'amd64', os.version: '6.11.0-1018-azure', java.version: '21.0.9'\nDriver info: driver.version: unknown","time":{"start":1766619174209,"stop":1766619193115,"duration":18906}},{"uid":"7695186628f379bc","reportUrl":"https://m1mohammed1.github.io/orangeHRM/11/#testresult/7695186628f379bc","status":"broken","statusDetails":"Expected condition failed: waiting for project_orangehrm.Base.BasePage$$Lambda/0x00007f5df0348268@6805bdc0 (tried for 5 second(s) with 300 milliseconds interval)","time":{"start":1766606391544,"stop":1766606410606,"duration":19062}},{"uid":"7dd524458e6044e8","reportUrl":"https://m1mohammed1.github.io/orangeHRM/10/#testresult/7dd524458e6044e8","status":"passed","time":{"start":1766598247107,"stop":1766598258000,"duration":10893}},{"uid":"d83f5c7359621e96","reportUrl":"https://m1mohammed1.github.io/orangeHRM/9/#testresult/d83f5c7359621e96","status":"passed","time":{"start":1766596364251,"stop":1766596378497,"duration":14246}}]},"tags":[]},"source":"2ed666e0b4c284f1.json","parameterValues":["edge"]}