{"uid":"3e98186c4423199","name":"TC01 - Verify Leave Type Lifecycle: Create, Verify, Delete","fullName":"project_orangehrm.Test.Leave_Configuration_Test.verifyLeaveType_Lifecycle_Success","historyId":"e91b0d1f5ca0a0906ec02b58573e7c07","time":{"start":1766698674698,"stop":1766698696643,"duration":21945},"status":"failed","statusMessage":"Record not found: Casual Leave - Test | Locator: By.xpath: //div[@role='row']//div[normalize-space()='Casual Leave - Test']","statusTrace":"java.lang.AssertionError: Record not found: Casual Leave - Test | Locator: By.xpath: //div[@role='row']//div[normalize-space()='Casual Leave - Test']\n\tat org.testng.Assert.fail(Assert.java:111)\n\tat project_orangehrm.Base.BasePage.assertVisible(BasePage.java:46)\n\tat project_orangehrm.Pages.CommonPage.verifyRecordVisible(CommonPage.java:311)\n\tat project_orangehrm.Pages.LeavePage.verifyRecordExists(LeavePage.java:114)\n\tat project_orangehrm.Test.Leave_Configuration_Test.verifyLeaveType_Lifecycle_Success(Leave_Configuration_Test.java:42)\n\tat java.base/jdk.internal.reflect.DirectMethodHandleAccessor.invoke(DirectMethodHandleAccessor.java:103)\n\tat java.base/java.lang.reflect.Method.invoke(Method.java:580)\n\tat org.testng.internal.invokers.MethodInvocationHelper.invokeMethod(MethodInvocationHelper.java:141)\n\tat org.testng.internal.invokers.TestInvoker.invokeMethod(TestInvoker.java:687)\n\tat org.testng.internal.invokers.TestInvoker.invokeTestMethod(TestInvoker.java:230)\n\tat org.testng.internal.invokers.MethodRunner.runInSequence(MethodRunner.java:63)\n\tat org.testng.internal.invokers.TestInvoker$MethodInvocationAgent.invoke(TestInvoker.java:995)\n\tat org.testng.internal.invokers.TestInvoker.invokeTestMethods(TestInvoker.java:203)\n\tat org.testng.internal.invokers.TestMethodWorker.invokeTestMethods(TestMethodWorker.java:154)\n\tat org.testng.internal.invokers.TestMethodWorker.run(TestMethodWorker.java:134)\n\tat java.base/java.util.concurrent.Executors$RunnableAdapter.call(Executors.java:572)\n\tat java.base/java.util.concurrent.FutureTask.run(FutureTask.java:317)\n\tat org.testng.internal.thread.graph.TestNGFutureTask.run(TestNGFutureTask.java:22)\n\tat java.base/java.util.concurrent.ThreadPoolExecutor.runWorker(ThreadPoolExecutor.java:1144)\n\tat java.base/java.util.concurrent.ThreadPoolExecutor$Worker.run(ThreadPoolExecutor.java:642)\n\tat java.base/java.lang.Thread.run(Thread.java:1583)\n","flaky":true,"newFailed":false,"newBroken":false,"newPassed":false,"retriesCount":3,"retriesStatusChange":true,"beforeStages":[{"name":"setUp","time":{"start":1766698671657,"stop":1766698672839,"duration":1182},"description":"","status":"passed","steps":[],"attachments":[],"parameters":[],"stepsCount":0,"shouldDisplayMessage":false,"attachmentsCount":0,"hasContent":false,"attachmentStep":false},{"name":"setup","time":{"start":1766698672840,"stop":1766698674697,"duration":1857},"description":"","status":"passed","steps":[],"attachments":[],"parameters":[],"stepsCount":0,"shouldDisplayMessage":false,"attachmentsCount":0,"hasContent":false,"attachmentStep":false}],"testStage":{"status":"failed","statusMessage":"Record not found: Casual Leave - Test | Locator: By.xpath: //div[@role='row']//div[normalize-space()='Casual Leave - Test']","statusTrace":"java.lang.AssertionError: Record not found: Casual Leave - Test | Locator: By.xpath: //div[@role='row']//div[normalize-space()='Casual Leave - Test']\n\tat org.testng.Assert.fail(Assert.java:111)\n\tat project_orangehrm.Base.BasePage.assertVisible(BasePage.java:46)\n\tat project_orangehrm.Pages.CommonPage.verifyRecordVisible(CommonPage.java:311)\n\tat project_orangehrm.Pages.LeavePage.verifyRecordExists(LeavePage.java:114)\n\tat project_orangehrm.Test.Leave_Configuration_Test.verifyLeaveType_Lifecycle_Success(Leave_Configuration_Test.java:42)\n\tat java.base/jdk.internal.reflect.DirectMethodHandleAccessor.invoke(DirectMethodHandleAccessor.java:103)\n\tat java.base/java.lang.reflect.Method.invoke(Method.java:580)\n\tat org.testng.internal.invokers.MethodInvocationHelper.invokeMethod(MethodInvocationHelper.java:141)\n\tat org.testng.internal.invokers.TestInvoker.invokeMethod(TestInvoker.java:687)\n\tat org.testng.internal.invokers.TestInvoker.invokeTestMethod(TestInvoker.java:230)\n\tat org.testng.internal.invokers.MethodRunner.runInSequence(MethodRunner.java:63)\n\tat org.testng.internal.invokers.TestInvoker$MethodInvocationAgent.invoke(TestInvoker.java:995)\n\tat org.testng.internal.invokers.TestInvoker.invokeTestMethods(TestInvoker.java:203)\n\tat org.testng.internal.invokers.TestMethodWorker.invokeTestMethods(TestMethodWorker.java:154)\n\tat org.testng.internal.invokers.TestMethodWorker.run(TestMethodWorker.java:134)\n\tat java.base/java.util.concurrent.Executors$RunnableAdapter.call(Executors.java:572)\n\tat java.base/java.util.concurrent.FutureTask.run(FutureTask.java:317)\n\tat org.testng.internal.thread.graph.TestNGFutureTask.run(TestNGFutureTask.java:22)\n\tat java.base/java.util.concurrent.ThreadPoolExecutor.runWorker(ThreadPoolExecutor.java:1144)\n\tat java.base/java.util.concurrent.ThreadPoolExecutor$Worker.run(ThreadPoolExecutor.java:642)\n\tat java.base/java.lang.Thread.run(Thread.java:1583)\n","steps":[],"attachments":[{"uid":"621d870582959830","name":"SoftAssert_Failed - 2025-12-25T21:38:06.326085459","source":"621d870582959830.png","type":"image/png","size":7424},{"uid":"5e89c367dafca5b8","name":"Page Source","source":"5e89c367dafca5b8.html","type":"text/html","size":14987}],"parameters":[],"stepsCount":0,"shouldDisplayMessage":true,"attachmentsCount":2,"hasContent":true,"attachmentStep":false},"afterStages":[{"name":"tearDown","time":{"start":1766698696644,"stop":1766698697571,"duration":927},"description":"","status":"passed","steps":[],"attachments":[{"uid":"8d115b0a0cb2d4b4","name":"Screenshot Failure - verifyLeaveType_Lifecycle_Success","source":"8d115b0a0cb2d4b4.png","type":"image/png","size":7424},{"uid":"ba96e8d62d4d3627","name":"Page Source","source":"ba96e8d62d4d3627.html","type":"text/html","size":14976}],"parameters":[],"stepsCount":0,"shouldDisplayMessage":false,"attachmentsCount":2,"hasContent":true,"attachmentStep":false}],"labels":[{"name":"package","value":"project_orangehrm.Test.Leave_Configuration_Test"},{"name":"testClass","value":"project_orangehrm.Test.Leave_Configuration_Test"},{"name":"testMethod","value":"verifyLeaveType_Lifecycle_Success"},{"name":"parentSuite","value":"OrangeHRM_E2E_Suite"},{"name":"suite","value":"Step4_Operational"},{"name":"subSuite","value":"project_orangehrm.Test.Leave_Configuration_Test"},{"name":"host","value":"runnervmh13bl"},{"name":"thread","value":"2295@runnervmh13bl.TestNG-test-Step4_Operational-1(2037)"},{"name":"framework","value":"testng"},{"name":"language","value":"java"},{"name":"resultFormat","value":"allure2"}],"parameters":[{"name":"browser","value":"edge"}],"links":[],"hidden":false,"retry":false,"extra":{"severity":"normal","retries":[{"uid":"a094a799cdfa62d","status":"failed","statusDetails":"Record not found: Casual Leave - Test | Locator: By.xpath: //div[@role='row']//div[normalize-space()='Casual Leave - Test']","time":{"start":1766696248514,"stop":1766696270648,"duration":22134}},{"uid":"aaaf99e9a8c051f2","status":"failed","statusDetails":"Record not found: Casual Leave - Test | Locator: By.xpath: //div[@role='row']//div[normalize-space()='Casual Leave - Test']","time":{"start":1766695771456,"stop":1766695793790,"duration":22334}},{"uid":"ee4f8c1f9a8f2650","status":"passed","time":{"start":1766693477810,"stop":1766693494113,"duration":16303}}],"categories":[{"name":"Product defects","matchedStatuses":[],"flaky":false}],"history":{"statistic":{"failed":6,"broken":0,"skipped":0,"passed":1,"unknown":0,"total":7},"items":[{"uid":"888309034343e6c1","reportUrl":"https://m1mohammed1.github.io/orangeHRM/16/#testresult/888309034343e6c1","status":"failed","statusDetails":"Record not found: Casual Leave - Test | Locator: By.xpath: //div[@role='row']//div[normalize-space()='Casual Leave - Test']","time":{"start":1766630397033,"stop":1766630418965,"duration":21932}},{"uid":"aa04879bb6e7fa86","reportUrl":"https://m1mohammed1.github.io/orangeHRM/15/#testresult/aa04879bb6e7fa86","status":"failed","statusDetails":"Record not found: Casual Leave - Test | Locator: By.xpath: //div[@role='row']//div[normalize-space()='Casual Leave - Test']","time":{"start":1766624999744,"stop":1766625022301,"duration":22557}},{"uid":"d605e8622c96286e","reportUrl":"https://m1mohammed1.github.io/orangeHRM/13/#testresult/d605e8622c96286e","status":"passed","time":{"start":1766619031069,"stop":1766619048001,"duration":16932}},{"uid":"5806ecd762017e85","reportUrl":"https://m1mohammed1.github.io/orangeHRM/11/#testresult/5806ecd762017e85","status":"failed","statusDetails":"Success message not displayed | Locator: By.xpath: //div[contains(@class, 'oxd-toast--success')]","time":{"start":1766606334106,"stop":1766606345975,"duration":11869}},{"uid":"ca5f91c6296f362d","reportUrl":"https://m1mohammed1.github.io/orangeHRM/10/#testresult/ca5f91c6296f362d","status":"failed","statusDetails":"Success message not displayed | Locator: By.xpath: //div[contains(@class, 'oxd-toast--success')]","time":{"start":1766598186499,"stop":1766598198423,"duration":11924}},{"uid":"e4daca4eea7b94f0","reportUrl":"https://m1mohammed1.github.io/orangeHRM/9/#testresult/e4daca4eea7b94f0","status":"failed","statusDetails":"Success message not displayed | Locator: By.xpath: //div[contains(@class, 'oxd-toast--success')]","time":{"start":1766596252582,"stop":1766596275357,"duration":22775}}]},"tags":[]},"source":"3e98186c4423199.json","parameterValues":["edge"]}