{"uid":"573e06da2e451613","name":"TC03 - Verify Add Employee with Trem","fullName":"project_orangehrm.Test.PIM_Employee_Test.verifyEmployee_Trem","historyId":"602e203d826249f75d16c301aa31db82","time":{"start":1766769173665,"stop":1766769195137,"duration":21472},"status":"broken","statusMessage":"Expected condition failed: waiting for element to be clickable: By.xpath: //div[contains(@class, 'orangehrm-tabs')]//a[contains(text(), 'Job')] (tried for 10 second(s) with 300 milliseconds interval)\nBuild info: version: '4.37.0', revision: '3c1da1e342'\nSystem info: os.name: 'Linux', os.arch: 'amd64', os.version: '6.11.0-1018-azure', java.version: '21.0.9'\nDriver info: driver.version: unknown","statusTrace":"org.openqa.selenium.TimeoutException: Expected condition failed: waiting for element to be clickable: By.xpath: //div[contains(@class, 'orangehrm-tabs')]//a[contains(text(), 'Job')] (tried for 10 second(s) with 300 milliseconds interval)\nBuild info: version: '4.37.0', revision: '3c1da1e342'\nSystem info: os.name: 'Linux', os.arch: 'amd64', os.version: '6.11.0-1018-azure', java.version: '21.0.9'\nDriver info: driver.version: unknown\n\tat org.openqa.selenium.support.ui.FluentWait.timeoutException(FluentWait.java:265)\n\tat org.openqa.selenium.support.ui.FluentWait.until(FluentWait.java:228)\n\tat project_orangehrm.Base.BasePage.clickWhenReady(BasePage.java:95)\n\tat project_orangehrm.Pages.PIMPage.clickSideBarEmp(PIMPage.java:35)\n\tat project_orangehrm.Test.PIM_Employee_Test.verifyEmployee_Trem(PIM_Employee_Test.java:110)\n\tat java.base/jdk.internal.reflect.DirectMethodHandleAccessor.invoke(DirectMethodHandleAccessor.java:103)\n\tat java.base/java.lang.reflect.Method.invoke(Method.java:580)\n\tat org.testng.internal.invokers.MethodInvocationHelper.invokeMethod(MethodInvocationHelper.java:141)\n\tat org.testng.internal.invokers.TestInvoker.invokeMethod(TestInvoker.java:687)\n\tat org.testng.internal.invokers.TestInvoker.invokeTestMethod(TestInvoker.java:230)\n\tat org.testng.internal.invokers.MethodRunner.runInSequence(MethodRunner.java:63)\n\tat org.testng.internal.invokers.TestInvoker$MethodInvocationAgent.invoke(TestInvoker.java:995)\n\tat org.testng.internal.invokers.TestInvoker.invokeTestMethods(TestInvoker.java:203)\n\tat org.testng.internal.invokers.TestMethodWorker.invokeTestMethods(TestMethodWorker.java:154)\n\tat org.testng.internal.invokers.TestMethodWorker.run(TestMethodWorker.java:134)\n\tat java.base/java.util.ArrayList.forEach(ArrayList.java:1596)\n\tat org.testng.TestRunner.privateRun(TestRunner.java:741)\n\tat org.testng.TestRunner.run(TestRunner.java:616)\n\tat org.testng.SuiteRunner.runTest(SuiteRunner.java:421)\n\tat org.testng.SuiteRunner.runSequentially(SuiteRunner.java:413)\n\tat org.testng.SuiteRunner.privateRun(SuiteRunner.java:373)\n\tat org.testng.SuiteRunner.run(SuiteRunner.java:312)\n\tat org.testng.SuiteRunnerWorker.runSuite(SuiteRunnerWorker.java:52)\n\tat org.testng.SuiteRunnerWorker.run(SuiteRunnerWorker.java:95)\n\tat org.testng.TestNG.runSuitesSequentially(TestNG.java:1274)\n\tat org.testng.TestNG.runSuitesLocally(TestNG.java:1208)\n\tat org.testng.TestNG.runSuites(TestNG.java:1112)\n\tat org.testng.TestNG.run(TestNG.java:1079)\n\tat org.apache.maven.surefire.testng.TestNGExecutor.run(TestNGExecutor.java:308)\n\tat org.apache.maven.surefire.testng.TestNGXmlTestSuite.execute(TestNGXmlTestSuite.java:71)\n\tat org.apache.maven.surefire.testng.TestNGProvider.invoke(TestNGProvider.java:113)\n\tat org.apache.maven.surefire.booter.ForkedBooter.runSuitesInProcess(ForkedBooter.java:385)\n\tat org.apache.maven.surefire.booter.ForkedBooter.execute(ForkedBooter.java:162)\n\tat org.apache.maven.surefire.booter.ForkedBooter.run(ForkedBooter.java:507)\n\tat org.apache.maven.surefire.booter.ForkedBooter.main(ForkedBooter.java:495)\n","flaky":false,"newFailed":false,"newBroken":false,"newPassed":false,"retriesCount":3,"retriesStatusChange":true,"beforeStages":[{"name":"setUp","time":{"start":1766769171203,"stop":1766769171910,"duration":707},"description":"","status":"passed","steps":[],"attachments":[],"parameters":[],"stepsCount":0,"shouldDisplayMessage":false,"attachmentsCount":0,"hasContent":false,"attachmentStep":false},{"name":"setup","time":{"start":1766769171911,"stop":1766769173663,"duration":1752},"description":"","status":"passed","steps":[],"attachments":[],"parameters":[],"stepsCount":0,"shouldDisplayMessage":false,"attachmentsCount":0,"hasContent":false,"attachmentStep":false}],"testStage":{"status":"broken","statusMessage":"Expected condition failed: waiting for element to be clickable: By.xpath: //div[contains(@class, 'orangehrm-tabs')]//a[contains(text(), 'Job')] (tried for 10 second(s) with 300 milliseconds interval)\nBuild info: version: '4.37.0', revision: '3c1da1e342'\nSystem info: os.name: 'Linux', os.arch: 'amd64', os.version: '6.11.0-1018-azure', java.version: '21.0.9'\nDriver info: driver.version: unknown","statusTrace":"org.openqa.selenium.TimeoutException: Expected condition failed: waiting for element to be clickable: By.xpath: //div[contains(@class, 'orangehrm-tabs')]//a[contains(text(), 'Job')] (tried for 10 second(s) with 300 milliseconds interval)\nBuild info: version: '4.37.0', revision: '3c1da1e342'\nSystem info: os.name: 'Linux', os.arch: 'amd64', os.version: '6.11.0-1018-azure', java.version: '21.0.9'\nDriver info: driver.version: unknown\n\tat org.openqa.selenium.support.ui.FluentWait.timeoutException(FluentWait.java:265)\n\tat org.openqa.selenium.support.ui.FluentWait.until(FluentWait.java:228)\n\tat project_orangehrm.Base.BasePage.clickWhenReady(BasePage.java:95)\n\tat project_orangehrm.Pages.PIMPage.clickSideBarEmp(PIMPage.java:35)\n\tat project_orangehrm.Test.PIM_Employee_Test.verifyEmployee_Trem(PIM_Employee_Test.java:110)\n\tat java.base/jdk.internal.reflect.DirectMethodHandleAccessor.invoke(DirectMethodHandleAccessor.java:103)\n\tat java.base/java.lang.reflect.Method.invoke(Method.java:580)\n\tat org.testng.internal.invokers.MethodInvocationHelper.invokeMethod(MethodInvocationHelper.java:141)\n\tat org.testng.internal.invokers.TestInvoker.invokeMethod(TestInvoker.java:687)\n\tat org.testng.internal.invokers.TestInvoker.invokeTestMethod(TestInvoker.java:230)\n\tat org.testng.internal.invokers.MethodRunner.runInSequence(MethodRunner.java:63)\n\tat org.testng.internal.invokers.TestInvoker$MethodInvocationAgent.invoke(TestInvoker.java:995)\n\tat org.testng.internal.invokers.TestInvoker.invokeTestMethods(TestInvoker.java:203)\n\tat org.testng.internal.invokers.TestMethodWorker.invokeTestMethods(TestMethodWorker.java:154)\n\tat org.testng.internal.invokers.TestMethodWorker.run(TestMethodWorker.java:134)\n\tat java.base/java.util.ArrayList.forEach(ArrayList.java:1596)\n\tat org.testng.TestRunner.privateRun(TestRunner.java:741)\n\tat org.testng.TestRunner.run(TestRunner.java:616)\n\tat org.testng.SuiteRunner.runTest(SuiteRunner.java:421)\n\tat org.testng.SuiteRunner.runSequentially(SuiteRunner.java:413)\n\tat org.testng.SuiteRunner.privateRun(SuiteRunner.java:373)\n\tat org.testng.SuiteRunner.run(SuiteRunner.java:312)\n\tat org.testng.SuiteRunnerWorker.runSuite(SuiteRunnerWorker.java:52)\n\tat org.testng.SuiteRunnerWorker.run(SuiteRunnerWorker.java:95)\n\tat org.testng.TestNG.runSuitesSequentially(TestNG.java:1274)\n\tat org.testng.TestNG.runSuitesLocally(TestNG.java:1208)\n\tat org.testng.TestNG.runSuites(TestNG.java:1112)\n\tat org.testng.TestNG.run(TestNG.java:1079)\n\tat org.apache.maven.surefire.testng.TestNGExecutor.run(TestNGExecutor.java:308)\n\tat org.apache.maven.surefire.testng.TestNGXmlTestSuite.execute(TestNGXmlTestSuite.java:71)\n\tat org.apache.maven.surefire.testng.TestNGProvider.invoke(TestNGProvider.java:113)\n\tat org.apache.maven.surefire.booter.ForkedBooter.runSuitesInProcess(ForkedBooter.java:385)\n\tat org.apache.maven.surefire.booter.ForkedBooter.execute(ForkedBooter.java:162)\n\tat org.apache.maven.surefire.booter.ForkedBooter.run(ForkedBooter.java:507)\n\tat org.apache.maven.surefire.booter.ForkedBooter.main(ForkedBooter.java:495)\n","steps":[],"attachments":[{"uid":"5700867b227e58e6","name":"SoftAssert_Failed - 2025-12-26T17:13:04.968843470","source":"5700867b227e58e6.png","type":"image/png","size":113071},{"uid":"61367591109b6607","name":"Page Source","source":"61367591109b6607.html","type":"text/html","size":297183}],"parameters":[],"stepsCount":0,"shouldDisplayMessage":true,"attachmentsCount":2,"hasContent":true,"attachmentStep":false},"afterStages":[{"name":"tearDown","time":{"start":1766769195139,"stop":1766769195333,"duration":194},"description":"","status":"passed","steps":[],"attachments":[{"uid":"4f46789875379b72","name":"Screenshot Failure - verifyEmployee_Trem","source":"4f46789875379b72.png","type":"image/png","size":113071},{"uid":"301d73dde8bae8ad","name":"Page Source","source":"301d73dde8bae8ad.html","type":"text/html","size":297183}],"parameters":[],"stepsCount":0,"shouldDisplayMessage":false,"attachmentsCount":2,"hasContent":true,"attachmentStep":false}],"labels":[{"name":"package","value":"project_orangehrm.Test.PIM_Employee_Test"},{"name":"testClass","value":"project_orangehrm.Test.PIM_Employee_Test"},{"name":"testMethod","value":"verifyEmployee_Trem"},{"name":"parentSuite","value":"OrangeHRM_Strategic_Suite"},{"name":"suite","value":"Step1_Hyper_Admin_PIM_Foundation"},{"name":"subSuite","value":"project_orangehrm.Test.PIM_Employee_Test"},{"name":"host","value":"runnervmh13bl"},{"name":"thread","value":"2206@runnervmh13bl.main(1)"},{"name":"framework","value":"testng"},{"name":"language","value":"java"},{"name":"resultFormat","value":"allure2"}],"parameters":[{"name":"browser","value":"edge"}],"links":[],"hidden":false,"retry":false,"extra":{"severity":"normal","retries":[{"uid":"e0aa18b8af5c2135","status":"broken","statusDetails":"Expected condition failed: waiting for element to be clickable: By.xpath: //div[contains(@class, 'orangehrm-tabs')]//a[contains(text(), 'Job')] (tried for 10 second(s) with 300 milliseconds interval)\nBuild info: version: '4.37.0', revision: '3c1da1e342'\nSystem info: os.name: 'Linux', os.arch: 'amd64', os.version: '6.11.0-1018-azure', java.version: '21.0.9'\nDriver info: driver.version: unknown","time":{"start":1766769168583,"stop":1766769190310,"duration":21727}},{"uid":"6f5252b88ccd48fc","status":"broken","statusDetails":"Expected condition failed: waiting for element to be clickable: By.xpath: //div[contains(@class, 'orangehrm-tabs')]//a[contains(text(), 'Job')] (tried for 10 second(s) with 300 milliseconds interval)\nBuild info: version: '4.37.0', revision: '3c1da1e342'\nSystem info: os.name: 'Linux', os.arch: 'amd64', os.version: '6.11.0-1018-azure', java.version: '21.0.9'\nDriver info: driver.version: unknown","time":{"start":1766769158508,"stop":1766769180107,"duration":21599}},{"uid":"d00a90adca6c700c","status":"passed","time":{"start":1766766411747,"stop":1766766420532,"duration":8785}}],"categories":[{"name":"Test defects","matchedStatuses":[],"flaky":false}],"history":{"statistic":{"failed":3,"broken":7,"skipped":1,"passed":2,"unknown":0,"total":13},"items":[{"uid":"b73203645ea5979a","reportUrl":"https://m1mohammed1.github.io/orangeHRM/24/#testresult/b73203645ea5979a","status":"skipped","statusDetails":"Expected condition failed: waiting for project_orangehrm.Base.BasePage$$Lambda/0x00007fd2f83468a8@5ec88f9e (tried for 10 second(s) with 300 milliseconds interval)","time":{"start":1766763595487,"stop":1766763595487,"duration":0}},{"uid":"a6760c0f5f9c0d87","reportUrl":"https://m1mohammed1.github.io/orangeHRM/23/#testresult/a6760c0f5f9c0d87","status":"broken","statusDetails":"Expected condition failed: waiting for element to be clickable: By.xpath: //div[contains(@class, 'orangehrm-tabs')]//a[contains(text(), 'Job')] (tried for 10 second(s) with 300 milliseconds interval)\nBuild info: version: '4.37.0', revision: '3c1da1e342'\nSystem info: os.name: 'Linux', os.arch: 'amd64', os.version: '6.11.0-1018-azure', java.version: '21.0.9'\nDriver info: driver.version: unknown","time":{"start":1766758970876,"stop":1766758992508,"duration":21632}},{"uid":"e459ce53d893cb83","reportUrl":"https://m1mohammed1.github.io/orangeHRM/22/#testresult/e459ce53d893cb83","status":"broken","statusDetails":"Expected condition failed: waiting for element to be clickable: By.xpath: //div[contains(@class, 'orangehrm-tabs')]//a[contains(text(), 'Job')] (tried for 10 second(s) with 300 milliseconds interval)\nBuild info: version: '4.37.0', revision: '3c1da1e342'\nSystem info: os.name: 'Linux', os.arch: 'amd64', os.version: '6.11.0-1018-azure', java.version: '21.0.9'\nDriver info: driver.version: unknown","time":{"start":1766705194837,"stop":1766705216316,"duration":21479}},{"uid":"f45cf6d841bc8262","reportUrl":"https://m1mohammed1.github.io/orangeHRM/20/#testresult/f45cf6d841bc8262","status":"passed","time":{"start":1766704684940,"stop":1766704692945,"duration":8005}},{"uid":"88b9da05731ba1c3","reportUrl":"https://m1mohammed1.github.io/orangeHRM/17/#testresult/88b9da05731ba1c3","status":"broken","statusDetails":"Expected condition failed: waiting for element to be clickable: By.xpath: //div[contains(@class, 'orangehrm-tabs')]//a[contains(text(), 'Job')] (tried for 10 second(s) with 300 milliseconds interval)\nBuild info: version: '4.37.0', revision: '3c1da1e342'\nSystem info: os.name: 'Linux', os.arch: 'amd64', os.version: '6.11.0-1018-azure', java.version: '21.0.9'\nDriver info: driver.version: unknown","time":{"start":1766697212618,"stop":1766697234131,"duration":21513}},{"uid":"24e1474322aa6590","reportUrl":"https://m1mohammed1.github.io/orangeHRM/16/#testresult/24e1474322aa6590","status":"broken","statusDetails":"Expected condition failed: waiting for element to be clickable: By.xpath: //div[contains(@class, 'orangehrm-tabs')]//a[contains(text(), 'Job')] (tried for 10 second(s) with 300 milliseconds interval)\nBuild info: version: '4.37.0', revision: '3c1da1e342'\nSystem info: os.name: 'Linux', os.arch: 'amd64', os.version: '6.11.0-1018-azure', java.version: '21.0.9'\nDriver info: driver.version: unknown","time":{"start":1766632198275,"stop":1766632219974,"duration":21699}},{"uid":"570c7daee7277f90","reportUrl":"https://m1mohammed1.github.io/orangeHRM/15/#testresult/570c7daee7277f90","status":"broken","statusDetails":"Expected condition failed: waiting for element to be clickable: By.xpath: //div[contains(@class, 'orangehrm-tabs')]//a[contains(text(), 'Job')] (tried for 10 second(s) with 300 milliseconds interval)\nBuild info: version: '4.37.0', revision: '3c1da1e342'\nSystem info: os.name: 'Linux', os.arch: 'amd64', os.version: '6.11.0-1018-azure', java.version: '21.0.9'\nDriver info: driver.version: unknown","time":{"start":1766624508610,"stop":1766624530319,"duration":21709}},{"uid":"c8228af983cc63f6","reportUrl":"https://m1mohammed1.github.io/orangeHRM/13/#testresult/c8228af983cc63f6","status":"broken","statusDetails":"Expected condition failed: waiting for element to be clickable: By.xpath: //div[contains(@class, 'orangehrm-tabs')]//a[contains(text(), 'Job')] (tried for 10 second(s) with 300 milliseconds interval)\nBuild info: version: '4.37.0', revision: '3c1da1e342'\nSystem info: os.name: 'Linux', os.arch: 'amd64', os.version: '6.11.0-1018-azure', java.version: '21.0.9'\nDriver info: driver.version: unknown","time":{"start":1766618309966,"stop":1766618331363,"duration":21397}},{"uid":"8a58fd271d725244","reportUrl":"https://m1mohammed1.github.io/orangeHRM/12/#testresult/8a58fd271d725244","status":"passed","time":{"start":1766616829670,"stop":1766616837968,"duration":8298}},{"uid":"98ca32eb65ab590c","reportUrl":"https://m1mohammed1.github.io/orangeHRM/11/#testresult/98ca32eb65ab590c","status":"failed","statusDetails":"Success message not displayed | Locator: By.xpath: //div[contains(@class, 'oxd-toast--success')]","time":{"start":1766606047654,"stop":1766606059069,"duration":11415}},{"uid":"1647e59458d8b359","reportUrl":"https://m1mohammed1.github.io/orangeHRM/10/#testresult/1647e59458d8b359","status":"failed","statusDetails":"Success message not displayed | Locator: By.xpath: //div[contains(@class, 'oxd-toast--success')]","time":{"start":1766597918973,"stop":1766597930711,"duration":11738}},{"uid":"3d224b3ad0613b58","reportUrl":"https://m1mohammed1.github.io/orangeHRM/9/#testresult/3d224b3ad0613b58","status":"failed","statusDetails":"Success message not displayed | Locator: By.xpath: //div[contains(@class, 'oxd-toast--success')]","time":{"start":1766596104101,"stop":1766596126332,"duration":22231}}]},"tags":[]},"source":"573e06da2e451613.json","parameterValues":["edge"]}