{"uid":"5c3307da90f536c","name":"TC02 - Positive: Verify Engagement (Like and Comment)","fullName":"project_orangehrm.Test.Buzz_Newsfeed_Test.verifyEngagement_Success","historyId":"fc41fb952595f8a3781300ca386a7b51","time":{"start":1766772025202,"stop":1766772049146,"duration":23944},"status":"broken","statusMessage":"Expected condition failed: waiting for presence of element located by: By.xpath: //div[contains(@class,'orangehrm-buzz-post')][.//*[contains(normalize-space(),'Engagement ')]]//div[contains(@class,'orangehrm-buzz-post-actions')]//button[i[contains(@class,'bi-heart')]] (tried for 10 second(s) with 300 milliseconds interval)","statusTrace":"org.openqa.selenium.TimeoutException: Expected condition failed: waiting for presence of element located by: By.xpath: //div[contains(@class,'orangehrm-buzz-post')][.//*[contains(normalize-space(),'Engagement ')]]//div[contains(@class,'orangehrm-buzz-post-actions')]//button[i[contains(@class,'bi-heart')]] (tried for 10 second(s) with 300 milliseconds interval)\n\tat org.openqa.selenium.support.ui.FluentWait.timeoutException(FluentWait.java:265)\n\tat org.openqa.selenium.support.ui.FluentWait.until(FluentWait.java:228)\n\tat project_orangehrm.Base.BasePage.clickJS(BasePage.java:130)\n\tat project_orangehrm.Pages.BuzzPage.clickLikeOnPost(BuzzPage.java:34)\n\tat project_orangehrm.Test.Buzz_Newsfeed_Test.verifyEngagement_Success(Buzz_Newsfeed_Test.java:49)\n\tat java.base/jdk.internal.reflect.DirectMethodHandleAccessor.invoke(DirectMethodHandleAccessor.java:103)\n\tat java.base/java.lang.reflect.Method.invoke(Method.java:580)\n\tat org.testng.internal.invokers.MethodInvocationHelper.invokeMethod(MethodInvocationHelper.java:141)\n\tat org.testng.internal.invokers.TestInvoker.invokeMethod(TestInvoker.java:687)\n\tat org.testng.internal.invokers.TestInvoker.invokeTestMethod(TestInvoker.java:230)\n\tat org.testng.internal.invokers.MethodRunner.runInSequence(MethodRunner.java:63)\n\tat org.testng.internal.invokers.TestInvoker$MethodInvocationAgent.invoke(TestInvoker.java:995)\n\tat org.testng.internal.invokers.TestInvoker.invokeTestMethods(TestInvoker.java:203)\n\tat org.testng.internal.invokers.TestMethodWorker.invokeTestMethods(TestMethodWorker.java:154)\n\tat org.testng.internal.invokers.TestMethodWorker.run(TestMethodWorker.java:134)\n\tat java.base/java.util.concurrent.Executors$RunnableAdapter.call(Executors.java:572)\n\tat java.base/java.util.concurrent.FutureTask.run(FutureTask.java:317)\n\tat org.testng.internal.thread.graph.TestNGFutureTask.run(TestNGFutureTask.java:22)\n\tat java.base/java.util.concurrent.ThreadPoolExecutor.runWorker(ThreadPoolExecutor.java:1144)\n\tat java.base/java.util.concurrent.ThreadPoolExecutor$Worker.run(ThreadPoolExecutor.java:642)\n\tat java.base/java.lang.Thread.run(Thread.java:1583)\nCaused by: org.openqa.selenium.NoSuchElementException: no such element: Unable to locate element: {\"method\":\"xpath\",\"selector\":\"//div[contains(@class,'orangehrm-buzz-post')][.//*[contains(normalize-space(),'Engagement ')]]//div[contains(@class,'orangehrm-buzz-post-actions')]//button[i[contains(@class,'bi-heart')]]\"}\n  (Session info: chrome=143.0.7499.109)\nFor documentation on this error, please visit: https://www.selenium.dev/documentation/webdriver/troubleshooting/errors#nosuchelementexception\nBuild info: version: '4.37.0', revision: '3c1da1e342'\nSystem info: os.name: 'Linux', os.arch: 'amd64', os.version: '6.11.0-1018-azure', java.version: '21.0.9'\nDriver info: org.openqa.selenium.chrome.ChromeDriver\nCommand: [5bf0337d21df15f7f2e12e81d99930af, findElement {value=//div[contains(@class,'orangehrm-buzz-post')][.//*[contains(normalize-space(),'Engagement ')]]//div[contains(@class,'orangehrm-buzz-post-actions')]//button[i[contains(@class,'bi-heart')]], using=xpath}]\nCapabilities {acceptInsecureCerts: false, browserName: chrome, browserVersion: 143.0.7499.109, chrome: {chromedriverVersion: 143.0.7499.42 (24bdc8c48a0c..., userDataDir: /tmp/.org.chromium.Chromium...}, fedcm:accounts: true, goog:chromeOptions: {debuggerAddress: localhost:40467}, goog:processID: 48742, networkConnectionEnabled: false, pageLoadStrategy: normal, platformName: linux, proxy: Proxy(), se:cdp: ws://localhost:40467/devtoo..., se:cdpVersion: 143.0.7499.109, setWindowRect: true, strictFileInteractability: false, timeouts: {implicit: 0, pageLoad: 300000, script: 30000}, unhandledPromptBehavior: dismiss and notify, webauthn:extension:credBlob: true, webauthn:extension:largeBlob: true, webauthn:extension:minPinLength: true, webauthn:extension:prf: true, webauthn:virtualAuthenticators: true}\nSession ID: 5bf0337d21df15f7f2e12e81d99930af\n\tat java.base/jdk.internal.reflect.DirectConstructorHandleAccessor.newInstance(DirectConstructorHandleAccessor.java:62)\n\tat java.base/java.lang.reflect.Constructor.newInstanceWithCaller(Constructor.java:502)\n\tat java.base/java.lang.reflect.Constructor.newInstance(Constructor.java:486)\n\tat org.openqa.selenium.remote.ErrorCodec.decode(ErrorCodec.java:167)\n\tat org.openqa.selenium.remote.codec.w3c.W3CHttpResponseCodec.decode(W3CHttpResponseCodec.java:138)\n\tat org.openqa.selenium.remote.codec.w3c.W3CHttpResponseCodec.decode(W3CHttpResponseCodec.java:50)\n\tat org.openqa.selenium.remote.HttpCommandExecutor.execute(HttpCommandExecutor.java:215)\n\tat org.openqa.selenium.remote.service.DriverCommandExecutor.invokeExecute(DriverCommandExecutor.java:216)\n\tat org.openqa.selenium.remote.service.DriverCommandExecutor.execute(DriverCommandExecutor.java:174)\n\tat org.openqa.selenium.remote.RemoteWebDriver.execute(RemoteWebDriver.java:557)\n\tat org.openqa.selenium.remote.ElementLocation$ElementFinder$2.findElement(ElementLocation.java:165)\n\tat org.openqa.selenium.remote.ElementLocation.findElement(ElementLocation.java:59)\n\tat org.openqa.selenium.remote.RemoteWebDriver.findElement(RemoteWebDriver.java:380)\n\tat org.openqa.selenium.remote.RemoteWebDriver.findElement(RemoteWebDriver.java:374)\n\tat org.openqa.selenium.support.ui.ExpectedConditions$6.apply(ExpectedConditions.java:171)\n\tat org.openqa.selenium.support.ui.ExpectedConditions$6.apply(ExpectedConditions.java:168)\n\tat org.openqa.selenium.support.ui.FluentWait.until(FluentWait.java:203)\n\t... 19 more\n","flaky":false,"newFailed":false,"newBroken":false,"newPassed":false,"retriesCount":3,"retriesStatusChange":false,"beforeStages":[{"name":"setUp","time":{"start":1766772022002,"stop":1766772023391,"duration":1389},"description":"","status":"passed","steps":[],"attachments":[],"parameters":[],"stepsCount":0,"shouldDisplayMessage":false,"attachmentsCount":0,"hasContent":false,"attachmentStep":false},{"name":"setup","time":{"start":1766772023392,"stop":1766772025201,"duration":1809},"description":"","status":"passed","steps":[],"attachments":[],"parameters":[],"stepsCount":0,"shouldDisplayMessage":false,"attachmentsCount":0,"hasContent":false,"attachmentStep":false}],"afterStages":[{"name":"tearDown","time":{"start":1766772049147,"stop":1766772049223,"duration":76},"description":"","status":"passed","steps":[],"attachments":[{"uid":"480e7ba5d28f4bd9","name":"Screenshot Error","source":"480e7ba5d28f4bd9.txt","type":"text/plain","size":1152}],"parameters":[],"stepsCount":0,"shouldDisplayMessage":false,"attachmentsCount":1,"hasContent":true,"attachmentStep":false}],"labels":[{"name":"package","value":"project_orangehrm.Test.Buzz_Newsfeed_Test"},{"name":"testClass","value":"project_orangehrm.Test.Buzz_Newsfeed_Test"},{"name":"testMethod","value":"verifyEngagement_Success"},{"name":"parentSuite","value":"OrangeHRM_Strategic_Suite"},{"name":"suite","value":"Step5_Perf_Buzz_Dash"},{"name":"subSuite","value":"project_orangehrm.Test.Buzz_Newsfeed_Test"},{"name":"host","value":"runnervmh13bl"},{"name":"thread","value":"2336@runnervmh13bl.TestNG-test-Step5_Perf_Buzz_Dash-1(3808)"},{"name":"framework","value":"testng"},{"name":"language","value":"java"},{"name":"resultFormat","value":"allure2"}],"parameters":[{"name":"browser","value":"edge"}],"links":[],"hidden":false,"retry":false,"extra":{"severity":"normal","retries":[{"uid":"1b01d664c73f6a1c","status":"broken","statusDetails":"stale element reference: stale element not found in the current frame\n  (Session info: chrome=143.0.7499.109)\nFor documentation on this error, please visit: https://www.selenium.dev/documentation/webdriver/troubleshooting/errors#staleelementreferenceexception\nBuild info: version: '4.37.0', revision: '3c1da1e342'\nSystem info: os.name: 'Linux', os.arch: 'amd64', os.version: '6.11.0-1018-azure', java.version: '21.0.9'\nDriver info: org.openqa.selenium.chrome.ChromeDriver\nCommand: [a3eddd9975e49b0106f2d780e5bdd58e, clickElement {id=f.D7337B0BD356E66C6A2FEC19CDC937CC.d.5FE8CFCD539AF45442B30242C14AA6FC.e.48}]\nCapabilities {acceptInsecureCerts: false, browserName: chrome, browserVersion: 143.0.7499.109, chrome: {chromedriverVersion: 143.0.7499.42 (24bdc8c48a0c..., userDataDir: /tmp/.org.chromium.Chromium...}, fedcm:accounts: true, goog:chromeOptions: {debuggerAddress: localhost:36053}, goog:processID: 49274, networkConnectionEnabled: false, pageLoadStrategy: normal, platformName: linux, proxy: Proxy(), se:cdp: ws://localhost:36053/devtoo..., se:cdpVersion: 143.0.7499.109, setWindowRect: true, strictFileInteractability: false, timeouts: {implicit: 0, pageLoad: 300000, script: 30000}, unhandledPromptBehavior: dismiss and notify, webauthn:extension:credBlob: true, webauthn:extension:largeBlob: true, webauthn:extension:minPinLength: true, webauthn:extension:prf: true, webauthn:virtualAuthenticators: true}\nElement: [[ChromeDriver: chrome on linux (a3eddd9975e49b0106f2d780e5bdd58e)] -> xpath: //button[@type='submit']]\nSession ID: a3eddd9975e49b0106f2d780e5bdd58e","time":{"start":1766771836694,"stop":1766771837146,"duration":452}},{"uid":"7b96eb1ae5799eb1","status":"broken","statusDetails":"stale element reference: stale element not found in the current frame\n  (Session info: chrome=143.0.7499.109)\nFor documentation on this error, please visit: https://www.selenium.dev/documentation/webdriver/troubleshooting/errors#staleelementreferenceexception\nBuild info: version: '4.37.0', revision: '3c1da1e342'\nSystem info: os.name: 'Linux', os.arch: 'amd64', os.version: '6.11.0-1018-azure', java.version: '21.0.9'\nDriver info: org.openqa.selenium.chrome.ChromeDriver\nCommand: [970b961443ca070b79f1be6d438315ff, clickElement {id=f.3F581A2DF9CBBDDB6D941149F752BBCA.d.BE9A3C8906907937482B6A8B7331F494.e.47}]\nCapabilities {acceptInsecureCerts: false, browserName: chrome, browserVersion: 143.0.7499.109, chrome: {chromedriverVersion: 143.0.7499.42 (24bdc8c48a0c..., userDataDir: /tmp/.org.chromium.Chromium...}, fedcm:accounts: true, goog:chromeOptions: {debuggerAddress: localhost:45783}, goog:processID: 49363, networkConnectionEnabled: false, pageLoadStrategy: normal, platformName: linux, proxy: Proxy(), se:cdp: ws://localhost:45783/devtoo..., se:cdpVersion: 143.0.7499.109, setWindowRect: true, strictFileInteractability: false, timeouts: {implicit: 0, pageLoad: 300000, script: 30000}, unhandledPromptBehavior: dismiss and notify, webauthn:extension:credBlob: true, webauthn:extension:largeBlob: true, webauthn:extension:minPinLength: true, webauthn:extension:prf: true, webauthn:virtualAuthenticators: true}\nElement: [[ChromeDriver: chrome on linux (970b961443ca070b79f1be6d438315ff)] -> xpath: //button[@type='submit']]\nSession ID: 970b961443ca070b79f1be6d438315ff","time":{"start":1766771778737,"stop":1766771779200,"duration":463}},{"uid":"8afb979dc4d3bb52","status":"broken","statusDetails":"Expected condition failed: waiting for presence of element located by: By.xpath: //div[contains(@class,'orangehrm-buzz-post')][.//*[contains(normalize-space(),'Engagement ')]]//div[contains(@class,'orangehrm-buzz-post-actions')]//button[i[contains(@class,'bi-heart')]] (tried for 10 second(s) with 300 milliseconds interval)","time":{"start":1766768898322,"stop":1766768922241,"duration":23919}}],"categories":[{"name":"Test defects","matchedStatuses":[],"flaky":false}],"history":{"statistic":{"failed":0,"broken":10,"skipped":1,"passed":0,"unknown":0,"total":11},"items":[{"uid":"f747fd64aa300972","reportUrl":"https://m1mohammed1.github.io/orangeHRM/24/#testresult/f747fd64aa300972","status":"skipped","statusDetails":"Expected condition failed: waiting for project_orangehrm.Base.BasePage$$Lambda/0x00007fd2f83468a8@47222ceb (tried for 10 second(s) with 300 milliseconds interval)","time":{"start":1766763873545,"stop":1766763873545,"duration":0}},{"uid":"624a6ae3913f16f","reportUrl":"https://m1mohammed1.github.io/orangeHRM/23/#testresult/624a6ae3913f16f","status":"broken","statusDetails":"Expected condition failed: waiting for presence of element located by: By.xpath: //div[contains(@class,'orangehrm-buzz-post')][.//*[contains(normalize-space(),'Engagement ')]]//div[contains(@class,'orangehrm-buzz-post-actions')]//button[i[contains(@class,'bi-heart')]] (tried for 10 second(s) with 300 milliseconds interval)","time":{"start":1766761852206,"stop":1766761876081,"duration":23875}},{"uid":"5d9f24774ad57fb7","reportUrl":"https://m1mohammed1.github.io/orangeHRM/22/#testresult/5d9f24774ad57fb7","status":"broken","statusDetails":"Expected condition failed: waiting for presence of element located by: By.xpath: //div[contains(@class,'orangehrm-buzz-post')][.//*[contains(normalize-space(),'Engagement ')]]//div[contains(@class,'orangehrm-buzz-post-actions')]//button[i[contains(@class,'bi-heart')]] (tried for 10 second(s) with 300 milliseconds interval)","time":{"start":1766706875674,"stop":1766706886347,"duration":10673}},{"uid":"a2133a0397b193d2","reportUrl":"https://m1mohammed1.github.io/orangeHRM/17/#testresult/a2133a0397b193d2","status":"broken","statusDetails":"stale element reference: stale element not found in the current frame\n  (Session info: chrome=143.0.7499.109)\nFor documentation on this error, please visit: https://www.selenium.dev/documentation/webdriver/troubleshooting/errors#staleelementreferenceexception\nBuild info: version: '4.37.0', revision: '3c1da1e342'\nSystem info: os.name: 'Linux', os.arch: 'amd64', os.version: '6.11.0-1018-azure', java.version: '21.0.9'\nDriver info: org.openqa.selenium.chrome.ChromeDriver\nCommand: [6bda676fefde8e092a4aff0a26650987, clickElement {id=f.3D911DEAEF10862C7F428B59B6715617.d.E8666C7F8D2C276372C344E8578A9797.e.46}]\nCapabilities {acceptInsecureCerts: false, browserName: chrome, browserVersion: 143.0.7499.109, chrome: {chromedriverVersion: 143.0.7499.169 (164b20aab62..., userDataDir: /tmp/.org.chromium.Chromium...}, fedcm:accounts: true, goog:chromeOptions: {debuggerAddress: localhost:35427}, goog:processID: 46617, networkConnectionEnabled: false, pageLoadStrategy: normal, platformName: linux, proxy: Proxy(), se:cdp: ws://localhost:35427/devtoo..., se:cdpVersion: 143.0.7499.109, setWindowRect: true, strictFileInteractability: false, timeouts: {implicit: 0, pageLoad: 300000, script: 30000}, unhandledPromptBehavior: dismiss and notify, webauthn:extension:credBlob: true, webauthn:extension:largeBlob: true, webauthn:extension:minPinLength: true, webauthn:extension:prf: true, webauthn:virtualAuthenticators: true}\nElement: [[ChromeDriver: chrome on linux (6bda676fefde8e092a4aff0a26650987)] -> xpath: //button[@type='submit']]\nSession ID: 6bda676fefde8e092a4aff0a26650987","time":{"start":1766696666716,"stop":1766696667446,"duration":730}},{"uid":"1632d882e47bc345","reportUrl":"https://m1mohammed1.github.io/orangeHRM/16/#testresult/1632d882e47bc345","status":"broken","statusDetails":"Expected condition failed: waiting for presence of element located by: By.xpath: //div[contains(@class,'orangehrm-buzz-post')][.//*[contains(normalize-space(),'Engagement ')]]//div[contains(@class,'orangehrm-buzz-post-actions')]//button[i[contains(@class,'bi-heart')]] (tried for 10 second(s) with 300 milliseconds interval)","time":{"start":1766630764904,"stop":1766630775622,"duration":10718}},{"uid":"ba2553d52c0c4d9e","reportUrl":"https://m1mohammed1.github.io/orangeHRM/15/#testresult/ba2553d52c0c4d9e","status":"broken","statusDetails":"Expected condition failed: waiting for presence of element located by: By.xpath: //div[contains(@class,'orangehrm-buzz-post')][.//*[contains(normalize-space(),'Engagement ')]]//div[contains(@class,'orangehrm-buzz-post-actions')]//button[i[contains(@class,'bi-heart')]] (tried for 10 second(s) with 300 milliseconds interval)","time":{"start":1766623020410,"stop":1766623031283,"duration":10873}},{"uid":"c733653f29eae195","reportUrl":"https://m1mohammed1.github.io/orangeHRM/13/#testresult/c733653f29eae195","status":"broken","statusDetails":"Expected condition failed: waiting for presence of element located by: By.xpath: //div[contains(@class,'orangehrm-buzz-post')][.//*[contains(normalize-space(),'Engagement ')]]//div[contains(@class,'orangehrm-buzz-post-actions')]//button[i[contains(@class,'bi-heart')]] (tried for 10 second(s) with 300 milliseconds interval)","time":{"start":1766619344952,"stop":1766619355642,"duration":10690}},{"uid":"823024f34a0f4fda","reportUrl":"https://m1mohammed1.github.io/orangeHRM/11/#testresult/823024f34a0f4fda","status":"broken","statusDetails":"Expected condition failed: waiting for presence of element located by: By.xpath: //div[contains(@class,'orangehrm-buzz-post')][.//*[contains(normalize-space(),'Engagement ')]]//div[contains(@class,'orangehrm-buzz-post-actions')]//button[i[contains(@class,'bi-heart')]] (tried for 5 second(s) with 300 milliseconds interval)","time":{"start":1766606439606,"stop":1766606460745,"duration":21139}},{"uid":"e7f364b4c6ceae27","reportUrl":"https://m1mohammed1.github.io/orangeHRM/10/#testresult/e7f364b4c6ceae27","status":"broken","statusDetails":"Expected condition failed: waiting for presence of element located by: By.xpath: //div[contains(@class,'orangehrm-buzz-post')][.//*[contains(normalize-space(),'Engagement ')]]//div[contains(@class,'orangehrm-buzz-post-actions')]//button[i[contains(@class,'bi-heart')]] (tried for 7 second(s) with 300 milliseconds interval)","time":{"start":1766598339122,"stop":1766598363380,"duration":24258}},{"uid":"f3f9f09019c821a6","reportUrl":"https://m1mohammed1.github.io/orangeHRM/9/#testresult/f3f9f09019c821a6","status":"broken","statusDetails":"Expected condition failed: waiting for presence of element located by: By.xpath: //div[contains(@class,'orangehrm-buzz-post')][.//*[contains(normalize-space(),'Engagement ')]]//div[contains(@class,'orangehrm-buzz-post-actions')]//button[i[contains(@class,'bi-heart')]] (tried for 15 second(s) with 300 milliseconds interval)","time":{"start":1766596655876,"stop":1766596687573,"duration":31697}}]},"tags":[]},"source":"5c3307da90f536c.json","parameterValues":["edge"]}