{"uid":"703a6923cc5dbf9f","name":"TC15 - Verify Search by Hiring Manager","fullName":"project_orangehrm.Test.Recruitment_CandidateWorkflow_Test.verifyCandidate_SearchByHiringManager_Success","historyId":"ac5bd1bf34141c18254cda7665d6855d","time":{"start":1766770854216,"stop":1766770864963,"duration":10747},"status":"broken","statusMessage":"Expected condition failed: waiting for project_orangehrm.Base.BasePage$$Lambda/0x00007f7ea43491b0@4ef8275f (tried for 10 second(s) with 300 milliseconds interval)","statusTrace":"org.openqa.selenium.TimeoutException: Expected condition failed: waiting for project_orangehrm.Base.BasePage$$Lambda/0x00007f7ea43491b0@4ef8275f (tried for 10 second(s) with 300 milliseconds interval)\n\tat org.openqa.selenium.support.ui.FluentWait.timeoutException(FluentWait.java:265)\n\tat org.openqa.selenium.support.ui.FluentWait.until(FluentWait.java:228)\n\tat project_orangehrm.Base.BasePage.typeText(BasePage.java:82)\n\tat project_orangehrm.Pages.CommonPage.type(CommonPage.java:364)\n\tat project_orangehrm.Pages.CommonPage.typeInField(CommonPage.java:85)\n\tat project_orangehrm.Pages.RecruitmentPage.typeInDynamicField(RecruitmentPage.java:46)\n\tat project_orangehrm.Test.Recruitment_CandidateWorkflow_Test.verifyCandidate_SearchByHiringManager_Success(Recruitment_CandidateWorkflow_Test.java:245)\n\tat java.base/jdk.internal.reflect.DirectMethodHandleAccessor.invoke(DirectMethodHandleAccessor.java:103)\n\tat java.base/java.lang.reflect.Method.invoke(Method.java:580)\n\tat org.testng.internal.invokers.MethodInvocationHelper.invokeMethod(MethodInvocationHelper.java:141)\n\tat org.testng.internal.invokers.TestInvoker.invokeMethod(TestInvoker.java:687)\n\tat org.testng.internal.invokers.TestInvoker.invokeTestMethod(TestInvoker.java:230)\n\tat org.testng.internal.invokers.MethodRunner.runInSequence(MethodRunner.java:63)\n\tat org.testng.internal.invokers.TestInvoker$MethodInvocationAgent.invoke(TestInvoker.java:995)\n\tat org.testng.internal.invokers.TestInvoker.invokeTestMethods(TestInvoker.java:203)\n\tat org.testng.internal.invokers.TestMethodWorker.invokeTestMethods(TestMethodWorker.java:154)\n\tat org.testng.internal.invokers.TestMethodWorker.run(TestMethodWorker.java:134)\n\tat java.base/java.util.ArrayList.forEach(ArrayList.java:1596)\n\tat org.testng.TestRunner.privateRun(TestRunner.java:741)\n\tat org.testng.TestRunner.run(TestRunner.java:616)\n\tat org.testng.SuiteRunner.runTest(SuiteRunner.java:421)\n\tat org.testng.SuiteRunner.runSequentially(SuiteRunner.java:413)\n\tat org.testng.SuiteRunner.privateRun(SuiteRunner.java:373)\n\tat org.testng.SuiteRunner.run(SuiteRunner.java:312)\n\tat org.testng.SuiteRunnerWorker.runSuite(SuiteRunnerWorker.java:52)\n\tat org.testng.SuiteRunnerWorker.run(SuiteRunnerWorker.java:95)\n\tat org.testng.TestNG.runSuitesSequentially(TestNG.java:1274)\n\tat org.testng.TestNG.runSuitesLocally(TestNG.java:1208)\n\tat org.testng.TestNG.runSuites(TestNG.java:1112)\n\tat org.testng.TestNG.run(TestNG.java:1079)\n\tat org.apache.maven.surefire.testng.TestNGExecutor.run(TestNGExecutor.java:308)\n\tat org.apache.maven.surefire.testng.TestNGXmlTestSuite.execute(TestNGXmlTestSuite.java:71)\n\tat org.apache.maven.surefire.testng.TestNGProvider.invoke(TestNGProvider.java:113)\n\tat org.apache.maven.surefire.booter.ForkedBooter.runSuitesInProcess(ForkedBooter.java:385)\n\tat org.apache.maven.surefire.booter.ForkedBooter.execute(ForkedBooter.java:162)\n\tat org.apache.maven.surefire.booter.ForkedBooter.run(ForkedBooter.java:507)\n\tat org.apache.maven.surefire.booter.ForkedBooter.main(ForkedBooter.java:495)\nCaused by: org.openqa.selenium.NoSuchElementException: no such element: Unable to locate element: {\"method\":\"xpath\",\"selector\":\"//label[normalize-space()='Hiring Manager']/../following-sibling::div//input\"}\n  (Session info: chrome=143.0.7499.109)\nFor documentation on this error, please visit: https://www.selenium.dev/documentation/webdriver/troubleshooting/errors#nosuchelementexception\nBuild info: version: '4.37.0', revision: '3c1da1e342'\nSystem info: os.name: 'Linux', os.arch: 'amd64', os.version: '6.11.0-1018-azure', java.version: '21.0.9'\nDriver info: org.openqa.selenium.chrome.ChromeDriver\nCommand: [27579ced51908299e14177df290fe8a4, findElement {value=//label[normalize-space()='Hiring Manager']/../following-sibling::div//input, using=xpath}]\nCapabilities {acceptInsecureCerts: false, browserName: chrome, browserVersion: 143.0.7499.109, chrome: {chromedriverVersion: 143.0.7499.42 (24bdc8c48a0c..., userDataDir: /tmp/.org.chromium.Chromium...}, fedcm:accounts: true, goog:chromeOptions: {debuggerAddress: localhost:34761}, goog:processID: 25277, networkConnectionEnabled: false, pageLoadStrategy: normal, platformName: linux, proxy: Proxy(), se:cdp: ws://localhost:34761/devtoo..., se:cdpVersion: 143.0.7499.109, setWindowRect: true, strictFileInteractability: false, timeouts: {implicit: 0, pageLoad: 300000, script: 30000}, unhandledPromptBehavior: dismiss and notify, webauthn:extension:credBlob: true, webauthn:extension:largeBlob: true, webauthn:extension:minPinLength: true, webauthn:extension:prf: true, webauthn:virtualAuthenticators: true}\nSession ID: 27579ced51908299e14177df290fe8a4\n\tat java.base/jdk.internal.reflect.DirectConstructorHandleAccessor.newInstance(DirectConstructorHandleAccessor.java:62)\n\tat java.base/java.lang.reflect.Constructor.newInstanceWithCaller(Constructor.java:502)\n\tat java.base/java.lang.reflect.Constructor.newInstance(Constructor.java:486)\n\tat org.openqa.selenium.remote.ErrorCodec.decode(ErrorCodec.java:167)\n\tat org.openqa.selenium.remote.codec.w3c.W3CHttpResponseCodec.decode(W3CHttpResponseCodec.java:138)\n\tat org.openqa.selenium.remote.codec.w3c.W3CHttpResponseCodec.decode(W3CHttpResponseCodec.java:50)\n\tat org.openqa.selenium.remote.HttpCommandExecutor.execute(HttpCommandExecutor.java:215)\n\tat org.openqa.selenium.remote.service.DriverCommandExecutor.invokeExecute(DriverCommandExecutor.java:216)\n\tat org.openqa.selenium.remote.service.DriverCommandExecutor.execute(DriverCommandExecutor.java:174)\n\tat org.openqa.selenium.remote.RemoteWebDriver.execute(RemoteWebDriver.java:557)\n\tat org.openqa.selenium.remote.ElementLocation$ElementFinder$2.findElement(ElementLocation.java:165)\n\tat org.openqa.selenium.remote.ElementLocation.findElement(ElementLocation.java:59)\n\tat org.openqa.selenium.remote.RemoteWebDriver.findElement(RemoteWebDriver.java:380)\n\tat org.openqa.selenium.remote.RemoteWebDriver.findElement(RemoteWebDriver.java:374)\n\tat project_orangehrm.Base.BasePage.lambda$typeText$0(BasePage.java:83)\n\tat org.openqa.selenium.support.ui.FluentWait.until(FluentWait.java:203)\n\t... 35 more\n","flaky":false,"newFailed":false,"newBroken":false,"newPassed":false,"retriesCount":3,"retriesStatusChange":false,"beforeStages":[{"name":"setUp","time":{"start":1766770850713,"stop":1766770852110,"duration":1397},"description":"","status":"passed","steps":[],"attachments":[],"parameters":[],"stepsCount":0,"shouldDisplayMessage":false,"attachmentsCount":0,"hasContent":false,"attachmentStep":false},{"name":"setup","time":{"start":1766770852111,"stop":1766770854215,"duration":2104},"description":"","status":"passed","steps":[],"attachments":[],"parameters":[],"stepsCount":0,"shouldDisplayMessage":false,"attachmentsCount":0,"hasContent":false,"attachmentStep":false}],"afterStages":[{"name":"tearDown","time":{"start":1766770864963,"stop":1766770865166,"duration":203},"description":"","status":"passed","steps":[],"attachments":[{"uid":"c6c68ddedfec6b64","name":"Screenshot Failure - verifyCandidate_SearchByHiringManager_Success","source":"c6c68ddedfec6b64.png","type":"image/png","size":134304},{"uid":"1e1a915283ade04","name":"Page Source","source":"1e1a915283ade04.html","type":"text/html","size":401712}],"parameters":[],"stepsCount":0,"shouldDisplayMessage":false,"attachmentsCount":2,"hasContent":true,"attachmentStep":false}],"labels":[{"name":"package","value":"project_orangehrm.Test.Recruitment_CandidateWorkflow_Test"},{"name":"testClass","value":"project_orangehrm.Test.Recruitment_CandidateWorkflow_Test"},{"name":"testMethod","value":"verifyCandidate_SearchByHiringManager_Success"},{"name":"parentSuite","value":"OrangeHRM_Strategic_Suite"},{"name":"suite","value":"Step3_Recruitment"},{"name":"subSuite","value":"project_orangehrm.Test.Recruitment_CandidateWorkflow_Test"},{"name":"host","value":"runnervmh13bl"},{"name":"thread","value":"2336@runnervmh13bl.main(1)"},{"name":"framework","value":"testng"},{"name":"language","value":"java"},{"name":"resultFormat","value":"allure2"}],"parameters":[{"name":"browser","value":"edge"}],"links":[],"hidden":false,"retry":false,"extra":{"severity":"normal","retries":[{"uid":"204ecd0e9883082e","status":"broken","statusDetails":"Expected condition failed: waiting for project_orangehrm.Base.BasePage$$Lambda/0x00007f07d0348d50@55d3cf04 (tried for 10 second(s) with 300 milliseconds interval)","time":{"start":1766770765454,"stop":1766770776089,"duration":10635}},{"uid":"15d21935c71c9e0b","status":"broken","statusDetails":"Expected condition failed: waiting for project_orangehrm.Base.BasePage$$Lambda/0x00007f53f8344bd0@4ef442f6 (tried for 10 second(s) with 300 milliseconds interval)","time":{"start":1766770685017,"stop":1766770695631,"duration":10614}},{"uid":"91840c018196e72c","status":"broken","statusDetails":"Expected condition failed: waiting for project_orangehrm.Base.BasePage$$Lambda/0x00007f8abc346ae0@6064ef87 (tried for 10 second(s) with 300 milliseconds interval)","time":{"start":1766767823075,"stop":1766767833781,"duration":10706}}],"categories":[{"name":"Test defects","matchedStatuses":[],"flaky":false}],"history":{"statistic":{"failed":0,"broken":7,"skipped":1,"passed":0,"unknown":0,"total":8},"items":[{"uid":"8221c579724b8513","reportUrl":"https://m1mohammed1.github.io/orangeHRM/24/#testresult/8221c579724b8513","status":"skipped","statusDetails":"Expected condition failed: waiting for project_orangehrm.Base.BasePage$$Lambda/0x00007fd2f83468a8@3348c987 (tried for 10 second(s) with 300 milliseconds interval)","time":{"start":1766763722393,"stop":1766763722393,"duration":0}},{"uid":"28cb4de7469820bc","reportUrl":"https://m1mohammed1.github.io/orangeHRM/23/#testresult/28cb4de7469820bc","status":"broken","statusDetails":"Expected condition failed: waiting for project_orangehrm.Base.BasePage$$Lambda/0x00007f0d70348d50@977fe15 (tried for 10 second(s) with 300 milliseconds interval)","time":{"start":1766760653975,"stop":1766760664765,"duration":10790}},{"uid":"ef786797ca523b3e","reportUrl":"https://m1mohammed1.github.io/orangeHRM/22/#testresult/ef786797ca523b3e","status":"broken","statusDetails":"Expected condition failed: waiting for project_orangehrm.Base.BasePage$$Lambda/0x00007ff0b0346ae0@59a2eda9 (tried for 10 second(s) with 300 milliseconds interval)","time":{"start":1766706446987,"stop":1766706457598,"duration":10611}},{"uid":"f9e9800996cd3e3c","reportUrl":"https://m1mohammed1.github.io/orangeHRM/17/#testresult/f9e9800996cd3e3c","status":"broken","statusDetails":"Expected condition failed: waiting for project_orangehrm.Base.BasePage$$Lambda/0x00007fad88345248@3ff52035 (tried for 10 second(s) with 300 milliseconds interval)","time":{"start":1766698554608,"stop":1766698565291,"duration":10683}},{"uid":"2af45a6cc2bfb676","reportUrl":"https://m1mohammed1.github.io/orangeHRM/16/#testresult/2af45a6cc2bfb676","status":"broken","statusDetails":"Expected condition failed: waiting for project_orangehrm.Base.BasePage$$Lambda/0x00007fecbc344bd0@60f55b91 (tried for 10 second(s) with 300 milliseconds interval)","time":{"start":1766630272257,"stop":1766630282899,"duration":10642}},{"uid":"1f37debfa8ade4ce","reportUrl":"https://m1mohammed1.github.io/orangeHRM/15/#testresult/1f37debfa8ade4ce","status":"broken","statusDetails":"Expected condition failed: waiting for project_orangehrm.Base.BasePage$$Lambda/0x00007fe4bc3491b0@67dc68da (tried for 10 second(s) with 300 milliseconds interval)","time":{"start":1766625127207,"stop":1766625138438,"duration":11231}},{"uid":"f3b3792abf0f1ebd","reportUrl":"https://m1mohammed1.github.io/orangeHRM/13/#testresult/f3b3792abf0f1ebd","status":"broken","statusDetails":"Expected condition failed: waiting for project_orangehrm.Base.BasePage$$Lambda/0x00007f5fd43477d8@41bed9c6 (tried for 10 second(s) with 300 milliseconds interval)","time":{"start":1766618887342,"stop":1766618897944,"duration":10602}}]},"tags":[]},"source":"703a6923cc5dbf9f.json","parameterValues":["edge"]}