{"uid":"73a29279cce99009","name":"TC01 - Verify Skill Lifecycle: Create","fullName":"project_orangehrm.Test.Admin_Qualifications_Test.verifySkills_Lifecycle_Success","historyId":"18f36257b901bd3fc2a936f45cda5ff5","time":{"start":1766769598059,"stop":1766769619805,"duration":21746},"status":"failed","statusMessage":"Record not found: Java Automation | Locator: By.xpath: //div[@role='row']//div[normalize-space()='Java Automation']","statusTrace":"java.lang.AssertionError: Record not found: Java Automation | Locator: By.xpath: //div[@role='row']//div[normalize-space()='Java Automation']\n\tat org.testng.Assert.fail(Assert.java:111)\n\tat project_orangehrm.Base.BasePage.assertVisible(BasePage.java:46)\n\tat project_orangehrm.Pages.CommonPage.verifyRecordVisible(CommonPage.java:311)\n\tat project_orangehrm.Pages.AdminPage.verifyRecordExists(AdminPage.java:132)\n\tat project_orangehrm.Test.Admin_Qualifications_Test.verifySkills_Lifecycle_Success(Admin_Qualifications_Test.java:40)\n\tat java.base/jdk.internal.reflect.DirectMethodHandleAccessor.invoke(DirectMethodHandleAccessor.java:103)\n\tat java.base/java.lang.reflect.Method.invoke(Method.java:580)\n\tat org.testng.internal.invokers.MethodInvocationHelper.invokeMethod(MethodInvocationHelper.java:141)\n\tat org.testng.internal.invokers.TestInvoker.invokeMethod(TestInvoker.java:687)\n\tat org.testng.internal.invokers.TestInvoker.invokeTestMethod(TestInvoker.java:230)\n\tat org.testng.internal.invokers.MethodRunner.runInSequence(MethodRunner.java:63)\n\tat org.testng.internal.invokers.TestInvoker$MethodInvocationAgent.invoke(TestInvoker.java:995)\n\tat org.testng.internal.invokers.TestInvoker.invokeTestMethods(TestInvoker.java:203)\n\tat org.testng.internal.invokers.TestMethodWorker.invokeTestMethods(TestMethodWorker.java:154)\n\tat org.testng.internal.invokers.TestMethodWorker.run(TestMethodWorker.java:134)\n\tat java.base/java.util.ArrayList.forEach(ArrayList.java:1596)\n\tat org.testng.TestRunner.privateRun(TestRunner.java:741)\n\tat org.testng.TestRunner.run(TestRunner.java:616)\n\tat org.testng.SuiteRunner.runTest(SuiteRunner.java:421)\n\tat org.testng.SuiteRunner.runSequentially(SuiteRunner.java:413)\n\tat org.testng.SuiteRunner.privateRun(SuiteRunner.java:373)\n\tat org.testng.SuiteRunner.run(SuiteRunner.java:312)\n\tat org.testng.SuiteRunnerWorker.runSuite(SuiteRunnerWorker.java:52)\n\tat org.testng.SuiteRunnerWorker.run(SuiteRunnerWorker.java:95)\n\tat org.testng.TestNG.runSuitesSequentially(TestNG.java:1274)\n\tat org.testng.TestNG.runSuitesLocally(TestNG.java:1208)\n\tat org.testng.TestNG.runSuites(TestNG.java:1112)\n\tat org.testng.TestNG.run(TestNG.java:1079)\n\tat org.apache.maven.surefire.testng.TestNGExecutor.run(TestNGExecutor.java:308)\n\tat org.apache.maven.surefire.testng.TestNGXmlTestSuite.execute(TestNGXmlTestSuite.java:71)\n\tat org.apache.maven.surefire.testng.TestNGProvider.invoke(TestNGProvider.java:113)\n\tat org.apache.maven.surefire.booter.ForkedBooter.runSuitesInProcess(ForkedBooter.java:385)\n\tat org.apache.maven.surefire.booter.ForkedBooter.execute(ForkedBooter.java:162)\n\tat org.apache.maven.surefire.booter.ForkedBooter.run(ForkedBooter.java:507)\n\tat org.apache.maven.surefire.booter.ForkedBooter.main(ForkedBooter.java:495)\n","flaky":false,"newFailed":false,"newBroken":false,"newPassed":false,"retriesCount":3,"retriesStatusChange":true,"beforeStages":[{"name":"setUp","time":{"start":1766769595536,"stop":1766769596258,"duration":722},"description":"","status":"passed","steps":[],"attachments":[],"parameters":[],"stepsCount":0,"shouldDisplayMessage":false,"attachmentsCount":0,"hasContent":false,"attachmentStep":false},{"name":"setup","time":{"start":1766769596258,"stop":1766769598058,"duration":1800},"description":"","status":"passed","steps":[],"attachments":[],"parameters":[],"stepsCount":0,"shouldDisplayMessage":false,"attachmentsCount":0,"hasContent":false,"attachmentStep":false}],"testStage":{"status":"failed","statusMessage":"Record not found: Java Automation | Locator: By.xpath: //div[@role='row']//div[normalize-space()='Java Automation']","statusTrace":"java.lang.AssertionError: Record not found: Java Automation | Locator: By.xpath: //div[@role='row']//div[normalize-space()='Java Automation']\n\tat org.testng.Assert.fail(Assert.java:111)\n\tat project_orangehrm.Base.BasePage.assertVisible(BasePage.java:46)\n\tat project_orangehrm.Pages.CommonPage.verifyRecordVisible(CommonPage.java:311)\n\tat project_orangehrm.Pages.AdminPage.verifyRecordExists(AdminPage.java:132)\n\tat project_orangehrm.Test.Admin_Qualifications_Test.verifySkills_Lifecycle_Success(Admin_Qualifications_Test.java:40)\n\tat java.base/jdk.internal.reflect.DirectMethodHandleAccessor.invoke(DirectMethodHandleAccessor.java:103)\n\tat java.base/java.lang.reflect.Method.invoke(Method.java:580)\n\tat org.testng.internal.invokers.MethodInvocationHelper.invokeMethod(MethodInvocationHelper.java:141)\n\tat org.testng.internal.invokers.TestInvoker.invokeMethod(TestInvoker.java:687)\n\tat org.testng.internal.invokers.TestInvoker.invokeTestMethod(TestInvoker.java:230)\n\tat org.testng.internal.invokers.MethodRunner.runInSequence(MethodRunner.java:63)\n\tat org.testng.internal.invokers.TestInvoker$MethodInvocationAgent.invoke(TestInvoker.java:995)\n\tat org.testng.internal.invokers.TestInvoker.invokeTestMethods(TestInvoker.java:203)\n\tat org.testng.internal.invokers.TestMethodWorker.invokeTestMethods(TestMethodWorker.java:154)\n\tat org.testng.internal.invokers.TestMethodWorker.run(TestMethodWorker.java:134)\n\tat java.base/java.util.ArrayList.forEach(ArrayList.java:1596)\n\tat org.testng.TestRunner.privateRun(TestRunner.java:741)\n\tat org.testng.TestRunner.run(TestRunner.java:616)\n\tat org.testng.SuiteRunner.runTest(SuiteRunner.java:421)\n\tat org.testng.SuiteRunner.runSequentially(SuiteRunner.java:413)\n\tat org.testng.SuiteRunner.privateRun(SuiteRunner.java:373)\n\tat org.testng.SuiteRunner.run(SuiteRunner.java:312)\n\tat org.testng.SuiteRunnerWorker.runSuite(SuiteRunnerWorker.java:52)\n\tat org.testng.SuiteRunnerWorker.run(SuiteRunnerWorker.java:95)\n\tat org.testng.TestNG.runSuitesSequentially(TestNG.java:1274)\n\tat org.testng.TestNG.runSuitesLocally(TestNG.java:1208)\n\tat org.testng.TestNG.runSuites(TestNG.java:1112)\n\tat org.testng.TestNG.run(TestNG.java:1079)\n\tat org.apache.maven.surefire.testng.TestNGExecutor.run(TestNGExecutor.java:308)\n\tat org.apache.maven.surefire.testng.TestNGXmlTestSuite.execute(TestNGXmlTestSuite.java:71)\n\tat org.apache.maven.surefire.testng.TestNGProvider.invoke(TestNGProvider.java:113)\n\tat org.apache.maven.surefire.booter.ForkedBooter.runSuitesInProcess(ForkedBooter.java:385)\n\tat org.apache.maven.surefire.booter.ForkedBooter.execute(ForkedBooter.java:162)\n\tat org.apache.maven.surefire.booter.ForkedBooter.run(ForkedBooter.java:507)\n\tat org.apache.maven.surefire.booter.ForkedBooter.main(ForkedBooter.java:495)\n","steps":[],"attachments":[{"uid":"ab490b94a6d7df5b","name":"SoftAssert_Failed - 2025-12-26T17:20:09.644947591","source":"ab490b94a6d7df5b.png","type":"image/png","size":100807},{"uid":"58d53ae6fa08bedd","name":"Page Source","source":"58d53ae6fa08bedd.html","type":"text/html","size":294789}],"parameters":[],"stepsCount":0,"shouldDisplayMessage":true,"attachmentsCount":2,"hasContent":true,"attachmentStep":false},"afterStages":[{"name":"tearDown","time":{"start":1766769619806,"stop":1766769619996,"duration":190},"description":"","status":"passed","steps":[],"attachments":[{"uid":"ba3deabe71354990","name":"Screenshot Failure - verifySkills_Lifecycle_Success","source":"ba3deabe71354990.png","type":"image/png","size":100807},{"uid":"9957724eafba125b","name":"Page Source","source":"9957724eafba125b.html","type":"text/html","size":294789}],"parameters":[],"stepsCount":0,"shouldDisplayMessage":false,"attachmentsCount":2,"hasContent":true,"attachmentStep":false}],"labels":[{"name":"package","value":"project_orangehrm.Test.Admin_Qualifications_Test"},{"name":"testClass","value":"project_orangehrm.Test.Admin_Qualifications_Test"},{"name":"testMethod","value":"verifySkills_Lifecycle_Success"},{"name":"parentSuite","value":"OrangeHRM_Strategic_Suite"},{"name":"suite","value":"Step1_Hyper_Admin_PIM_Foundation"},{"name":"subSuite","value":"project_orangehrm.Test.Admin_Qualifications_Test"},{"name":"host","value":"runnervmh13bl"},{"name":"thread","value":"2206@runnervmh13bl.main(1)"},{"name":"framework","value":"testng"},{"name":"language","value":"java"},{"name":"resultFormat","value":"allure2"}],"parameters":[{"name":"browser","value":"edge"}],"links":[],"hidden":false,"retry":false,"extra":{"severity":"normal","retries":[{"uid":"47c3642456dae826","status":"failed","statusDetails":"Record not found: Java Automation | Locator: By.xpath: //div[@role='row']//div[normalize-space()='Java Automation']","time":{"start":1766769581184,"stop":1766769603175,"duration":21991}},{"uid":"2bc740caccac8d3d","status":"failed","statusDetails":"Record not found: Java Automation | Locator: By.xpath: //div[@role='row']//div[normalize-space()='Java Automation']","time":{"start":1766769531843,"stop":1766769554540,"duration":22697}},{"uid":"5ce34fadc1cbfa05","status":"passed","time":{"start":1766766745511,"stop":1766766751313,"duration":5802}}],"categories":[{"name":"Product defects","matchedStatuses":[],"flaky":false}],"history":{"statistic":{"failed":6,"broken":0,"skipped":1,"passed":6,"unknown":0,"total":13},"items":[{"uid":"fe1c77ce17a58b58","reportUrl":"https://m1mohammed1.github.io/orangeHRM/24/#testresult/fe1c77ce17a58b58","status":"skipped","statusDetails":"Expected condition failed: waiting for project_orangehrm.Base.BasePage$$Lambda/0x00007fd2f83468a8@3cc9632d (tried for 10 second(s) with 300 milliseconds interval)","time":{"start":1766763630145,"stop":1766763630145,"duration":0}},{"uid":"6543e8d4fc48853e","reportUrl":"https://m1mohammed1.github.io/orangeHRM/23/#testresult/6543e8d4fc48853e","status":"failed","statusDetails":"Record not found: Java Automation | Locator: By.xpath: //div[@role='row']//div[normalize-space()='Java Automation']","time":{"start":1766759394041,"stop":1766759416025,"duration":21984}},{"uid":"5ba7a55932d2d7af","reportUrl":"https://m1mohammed1.github.io/orangeHRM/22/#testresult/5ba7a55932d2d7af","status":"passed","time":{"start":1766705492092,"stop":1766705497436,"duration":5344}},{"uid":"3ab7bc695502294","reportUrl":"https://m1mohammed1.github.io/orangeHRM/17/#testresult/3ab7bc695502294","status":"passed","time":{"start":1766697525005,"stop":1766697531050,"duration":6045}},{"uid":"30ba54b3210c4d90","reportUrl":"https://m1mohammed1.github.io/orangeHRM/16/#testresult/30ba54b3210c4d90","status":"passed","time":{"start":1766631622459,"stop":1766631628264,"duration":5805}},{"uid":"a07d1daf48795b2f","reportUrl":"https://m1mohammed1.github.io/orangeHRM/15/#testresult/a07d1daf48795b2f","status":"failed","statusDetails":"Record not found: Java Automation | Locator: By.xpath: //div[@role='row']//div[normalize-space()='Java Automation']","time":{"start":1766623810737,"stop":1766623832562,"duration":21825}},{"uid":"9d3dd4612ad3247b","reportUrl":"https://m1mohammed1.github.io/orangeHRM/14/#testresult/9d3dd4612ad3247b","status":"passed","time":{"start":1766620879409,"stop":1766620885308,"duration":5899}},{"uid":"8841a6ef25e27126","reportUrl":"https://m1mohammed1.github.io/orangeHRM/13/#testresult/8841a6ef25e27126","status":"failed","statusDetails":"Record not found: Java Automation | Locator: By.xpath: //div[@role='row']//div[normalize-space()='Java Automation']","time":{"start":1766620072037,"stop":1766620093769,"duration":21732}},{"uid":"3abff6d72f1644d3","reportUrl":"https://m1mohammed1.github.io/orangeHRM/12/#testresult/3abff6d72f1644d3","status":"passed","time":{"start":1766616329151,"stop":1766616334500,"duration":5349}},{"uid":"baad02d8553d15d5","reportUrl":"https://m1mohammed1.github.io/orangeHRM/11/#testresult/baad02d8553d15d5","status":"passed","time":{"start":1766605596972,"stop":1766605601903,"duration":4931}},{"uid":"b53cc83404d4b0c0","reportUrl":"https://m1mohammed1.github.io/orangeHRM/10/#testresult/b53cc83404d4b0c0","status":"failed","statusDetails":"Success message not displayed | Locator: By.xpath: //div[contains(@class, 'oxd-toast--success')]","time":{"start":1766597334115,"stop":1766597345841,"duration":11726}},{"uid":"613a4844fe7b6236","reportUrl":"https://m1mohammed1.github.io/orangeHRM/9/#testresult/613a4844fe7b6236","status":"failed","statusDetails":"Success message not displayed | Locator: By.xpath: //div[contains(@class, 'oxd-toast--success')]","time":{"start":1766595656690,"stop":1766595679576,"duration":22886}}]},"tags":[]},"source":"73a29279cce99009.json","parameterValues":["edge"]}