{"uid":"892abeb6f41b8464","name":"TC01 - Verify Customer Add","fullName":"project_orangehrm.Test.Time_ProjectInfo_Test.verifyCustomer_Add_Success","historyId":"d0c73dfdd3d04c7614ebe985e2c70c0","time":{"start":1766771045555,"stop":1766771068410,"duration":22855},"status":"failed","statusMessage":"Record not found: Auto Test Customer | Locator: By.xpath: //div[@role='row']//div[normalize-space()='Auto Test Customer']","statusTrace":"java.lang.AssertionError: Record not found: Auto Test Customer | Locator: By.xpath: //div[@role='row']//div[normalize-space()='Auto Test Customer']\n\tat org.testng.Assert.fail(Assert.java:111)\n\tat project_orangehrm.Base.BasePage.assertVisible(BasePage.java:46)\n\tat project_orangehrm.Pages.CommonPage.verifyRecordVisible(CommonPage.java:311)\n\tat project_orangehrm.Pages.TimePage.verifyRecordExists(TimePage.java:145)\n\tat project_orangehrm.Test.Time_ProjectInfo_Test.verifyCustomer_Add_Success(Time_ProjectInfo_Test.java:43)\n\tat java.base/jdk.internal.reflect.DirectMethodHandleAccessor.invoke(DirectMethodHandleAccessor.java:103)\n\tat java.base/java.lang.reflect.Method.invoke(Method.java:580)\n\tat org.testng.internal.invokers.MethodInvocationHelper.invokeMethod(MethodInvocationHelper.java:141)\n\tat org.testng.internal.invokers.TestInvoker.invokeMethod(TestInvoker.java:687)\n\tat org.testng.internal.invokers.TestInvoker.invokeTestMethod(TestInvoker.java:230)\n\tat org.testng.internal.invokers.MethodRunner.runInSequence(MethodRunner.java:63)\n\tat org.testng.internal.invokers.TestInvoker$MethodInvocationAgent.invoke(TestInvoker.java:995)\n\tat org.testng.internal.invokers.TestInvoker.invokeTestMethods(TestInvoker.java:203)\n\tat org.testng.internal.invokers.TestMethodWorker.invokeTestMethods(TestMethodWorker.java:154)\n\tat org.testng.internal.invokers.TestMethodWorker.run(TestMethodWorker.java:134)\n\tat java.base/java.util.concurrent.Executors$RunnableAdapter.call(Executors.java:572)\n\tat java.base/java.util.concurrent.FutureTask.run(FutureTask.java:317)\n\tat org.testng.internal.thread.graph.TestNGFutureTask.run(TestNGFutureTask.java:22)\n\tat java.base/java.util.concurrent.ThreadPoolExecutor.runWorker(ThreadPoolExecutor.java:1144)\n\tat java.base/java.util.concurrent.ThreadPoolExecutor$Worker.run(ThreadPoolExecutor.java:642)\n\tat java.base/java.lang.Thread.run(Thread.java:1583)\n","flaky":true,"newFailed":false,"newBroken":false,"newPassed":false,"retriesCount":3,"retriesStatusChange":true,"beforeStages":[{"name":"setUp","time":{"start":1766771041842,"stop":1766771043329,"duration":1487},"description":"","status":"passed","steps":[],"attachments":[],"parameters":[],"stepsCount":0,"shouldDisplayMessage":false,"attachmentsCount":0,"hasContent":false,"attachmentStep":false},{"name":"setup","time":{"start":1766771043330,"stop":1766771045553,"duration":2223},"description":"","status":"passed","steps":[],"attachments":[],"parameters":[],"stepsCount":0,"shouldDisplayMessage":false,"attachmentsCount":0,"hasContent":false,"attachmentStep":false}],"testStage":{"status":"failed","statusMessage":"Record not found: Auto Test Customer | Locator: By.xpath: //div[@role='row']//div[normalize-space()='Auto Test Customer']","statusTrace":"java.lang.AssertionError: Record not found: Auto Test Customer | Locator: By.xpath: //div[@role='row']//div[normalize-space()='Auto Test Customer']\n\tat org.testng.Assert.fail(Assert.java:111)\n\tat project_orangehrm.Base.BasePage.assertVisible(BasePage.java:46)\n\tat project_orangehrm.Pages.CommonPage.verifyRecordVisible(CommonPage.java:311)\n\tat project_orangehrm.Pages.TimePage.verifyRecordExists(TimePage.java:145)\n\tat project_orangehrm.Test.Time_ProjectInfo_Test.verifyCustomer_Add_Success(Time_ProjectInfo_Test.java:43)\n\tat java.base/jdk.internal.reflect.DirectMethodHandleAccessor.invoke(DirectMethodHandleAccessor.java:103)\n\tat java.base/java.lang.reflect.Method.invoke(Method.java:580)\n\tat org.testng.internal.invokers.MethodInvocationHelper.invokeMethod(MethodInvocationHelper.java:141)\n\tat org.testng.internal.invokers.TestInvoker.invokeMethod(TestInvoker.java:687)\n\tat org.testng.internal.invokers.TestInvoker.invokeTestMethod(TestInvoker.java:230)\n\tat org.testng.internal.invokers.MethodRunner.runInSequence(MethodRunner.java:63)\n\tat org.testng.internal.invokers.TestInvoker$MethodInvocationAgent.invoke(TestInvoker.java:995)\n\tat org.testng.internal.invokers.TestInvoker.invokeTestMethods(TestInvoker.java:203)\n\tat org.testng.internal.invokers.TestMethodWorker.invokeTestMethods(TestMethodWorker.java:154)\n\tat org.testng.internal.invokers.TestMethodWorker.run(TestMethodWorker.java:134)\n\tat java.base/java.util.concurrent.Executors$RunnableAdapter.call(Executors.java:572)\n\tat java.base/java.util.concurrent.FutureTask.run(FutureTask.java:317)\n\tat org.testng.internal.thread.graph.TestNGFutureTask.run(TestNGFutureTask.java:22)\n\tat java.base/java.util.concurrent.ThreadPoolExecutor.runWorker(ThreadPoolExecutor.java:1144)\n\tat java.base/java.util.concurrent.ThreadPoolExecutor$Worker.run(ThreadPoolExecutor.java:642)\n\tat java.base/java.lang.Thread.run(Thread.java:1583)\n","steps":[],"attachments":[{"uid":"5316340f9e869d57","name":"SoftAssert_Failed - 2025-12-26T17:44:17.397005639","source":"5316340f9e869d57.png","type":"image/png","size":7424},{"uid":"964fe660abc34fa6","name":"Page Source","source":"964fe660abc34fa6.html","type":"text/html","size":14984}],"parameters":[],"stepsCount":0,"shouldDisplayMessage":true,"attachmentsCount":2,"hasContent":true,"attachmentStep":false},"afterStages":[{"name":"tearDown","time":{"start":1766771068411,"stop":1766771068488,"duration":77},"description":"","status":"passed","steps":[],"attachments":[{"uid":"568d2a5e05fba594","name":"Screenshot Error","source":"568d2a5e05fba594.txt","type":"text/plain","size":1152}],"parameters":[],"stepsCount":0,"shouldDisplayMessage":false,"attachmentsCount":1,"hasContent":true,"attachmentStep":false}],"labels":[{"name":"package","value":"project_orangehrm.Test.Time_ProjectInfo_Test"},{"name":"testClass","value":"project_orangehrm.Test.Time_ProjectInfo_Test"},{"name":"testMethod","value":"verifyCustomer_Add_Success"},{"name":"parentSuite","value":"OrangeHRM_Strategic_Suite"},{"name":"suite","value":"Step4_Ops_Time_Logic"},{"name":"subSuite","value":"project_orangehrm.Test.Time_ProjectInfo_Test"},{"name":"host","value":"runnervmh13bl"},{"name":"thread","value":"2336@runnervmh13bl.TestNG-test-Step4_Ops_Time_Logic-1(2193)"},{"name":"framework","value":"testng"},{"name":"language","value":"java"},{"name":"resultFormat","value":"allure2"}],"parameters":[{"name":"browser","value":"edge"}],"links":[],"hidden":false,"retry":false,"extra":{"severity":"normal","retries":[{"uid":"d9ffe5f9451c086a","status":"failed","statusDetails":"Record not found: Auto Test Customer | Locator: By.xpath: //div[@role='row']//div[normalize-space()='Auto Test Customer']","time":{"start":1766770937469,"stop":1766770959369,"duration":21900}},{"uid":"58cab21aac7a9b8d","status":"failed","statusDetails":"Record not found: Auto Test Customer | Locator: By.xpath: //div[@role='row']//div[normalize-space()='Auto Test Customer']","time":{"start":1766770862099,"stop":1766770884467,"duration":22368}},{"uid":"ee6f1b2d6fcad26f","status":"passed","time":{"start":1766768002571,"stop":1766768008541,"duration":5970}}],"categories":[{"name":"Product defects","matchedStatuses":[],"flaky":false}],"history":{"statistic":{"failed":3,"broken":0,"skipped":1,"passed":4,"unknown":0,"total":8},"items":[{"uid":"45cc8bd632adfb6a","reportUrl":"https://m1mohammed1.github.io/orangeHRM/24/#testresult/45cc8bd632adfb6a","status":"skipped","statusDetails":"Expected condition failed: waiting for project_orangehrm.Base.BasePage$$Lambda/0x00007fd2f83468a8@7d10f7dc (tried for 10 second(s) with 300 milliseconds interval)","time":{"start":1766763780170,"stop":1766763780170,"duration":0}},{"uid":"4522fda0a620e069","reportUrl":"https://m1mohammed1.github.io/orangeHRM/23/#testresult/4522fda0a620e069","status":"failed","statusDetails":"Record not found: Auto Test Customer | Locator: By.xpath: //div[@role='row']//div[normalize-space()='Auto Test Customer']","time":{"start":1766760860745,"stop":1766760882870,"duration":22125}},{"uid":"d45e5b7c661b95b3","reportUrl":"https://m1mohammed1.github.io/orangeHRM/22/#testresult/d45e5b7c661b95b3","status":"passed","time":{"start":1766706521565,"stop":1766706527924,"duration":6359}},{"uid":"93d882a57d18d0a2","reportUrl":"https://m1mohammed1.github.io/orangeHRM/17/#testresult/93d882a57d18d0a2","status":"passed","time":{"start":1766698640608,"stop":1766698646271,"duration":5663}},{"uid":"901ed1b699538807","reportUrl":"https://m1mohammed1.github.io/orangeHRM/16/#testresult/901ed1b699538807","status":"failed","statusDetails":"Record not found: Auto Test Customer | Locator: By.xpath: //div[@role='row']//div[normalize-space()='Auto Test Customer']","time":{"start":1766630360692,"stop":1766630383044,"duration":22352}},{"uid":"fee6c72031994319","reportUrl":"https://m1mohammed1.github.io/orangeHRM/15/#testresult/fee6c72031994319","status":"passed","time":{"start":1766624963130,"stop":1766624969533,"duration":6403}},{"uid":"f3c14ada356e1576","reportUrl":"https://m1mohammed1.github.io/orangeHRM/13/#testresult/f3c14ada356e1576","status":"passed","time":{"start":1766618973515,"stop":1766618979375,"duration":5860}}]},"tags":[]},"source":"892abeb6f41b8464.json","parameterValues":["edge"]}