{"uid":"8c2178407331aeb5","name":"TC03 - Positive: Verify Edit Post","fullName":"project_orangehrm.Test.Buzz_Newsfeed_Test.verifyPost_Edit_Success","historyId":"a82e69d48cb1d629d7a0ac07ecd93c36","time":{"start":1766598373547,"stop":1766598381734,"duration":8187},"status":"broken","statusMessage":"Expected condition failed: waiting for project_orangehrm.Base.BasePage$$Lambda/0x00007f24a434a560@6f0f092c (tried for 7 second(s) with 300 milliseconds interval)","statusTrace":"org.openqa.selenium.TimeoutException: Expected condition failed: waiting for project_orangehrm.Base.BasePage$$Lambda/0x00007f24a434a560@6f0f092c (tried for 7 second(s) with 300 milliseconds interval)\n\tat org.openqa.selenium.support.ui.FluentWait.timeoutException(FluentWait.java:265)\n\tat org.openqa.selenium.support.ui.FluentWait.until(FluentWait.java:228)\n\tat project_orangehrm.Base.BasePage.clickWhenReady(BasePage.java:73)\n\tat project_orangehrm.Pages.BuzzPage.createPost(BuzzPage.java:28)\n\tat project_orangehrm.Test.Buzz_Newsfeed_Test.verifyPost_Edit_Success(Buzz_Newsfeed_Test.java:60)\n\tat java.base/jdk.internal.reflect.DirectMethodHandleAccessor.invoke(DirectMethodHandleAccessor.java:103)\n\tat java.base/java.lang.reflect.Method.invoke(Method.java:580)\n\tat org.testng.internal.invokers.MethodInvocationHelper.invokeMethod(MethodInvocationHelper.java:141)\n\tat org.testng.internal.invokers.TestInvoker.invokeMethod(TestInvoker.java:687)\n\tat org.testng.internal.invokers.TestInvoker.invokeTestMethod(TestInvoker.java:230)\n\tat org.testng.internal.invokers.MethodRunner.runInSequence(MethodRunner.java:63)\n\tat org.testng.internal.invokers.TestInvoker$MethodInvocationAgent.invoke(TestInvoker.java:995)\n\tat org.testng.internal.invokers.TestInvoker.invokeTestMethods(TestInvoker.java:203)\n\tat org.testng.internal.invokers.TestMethodWorker.invokeTestMethods(TestMethodWorker.java:154)\n\tat org.testng.internal.invokers.TestMethodWorker.run(TestMethodWorker.java:134)\n\tat java.base/java.util.concurrent.Executors$RunnableAdapter.call(Executors.java:572)\n\tat java.base/java.util.concurrent.FutureTask.run(FutureTask.java:317)\n\tat org.testng.internal.thread.graph.TestNGFutureTask.run(TestNGFutureTask.java:22)\n\tat java.base/java.util.concurrent.ThreadPoolExecutor.runWorker(ThreadPoolExecutor.java:1144)\n\tat java.base/java.util.concurrent.ThreadPoolExecutor$Worker.run(ThreadPoolExecutor.java:642)\n\tat java.base/java.lang.Thread.run(Thread.java:1583)\nCaused by: org.openqa.selenium.ElementClickInterceptedException: element click intercepted: Element <button data-v-10d463b7=\"\" data-v-2afe39e0=\"\" type=\"submit\" class=\"oxd-button oxd-button--medium oxd-button--main\">...</button> is not clickable at point (1117, 14). Other element would receive the click: <div data-v-c286b6e5=\"\" class=\"oxd-topbar-header-title\">...</div>\n  (Session info: MicrosoftEdge=143.0.3650.80)\nBuild info: version: '4.37.0', revision: '3c1da1e342'\nSystem info: os.name: 'Linux', os.arch: 'amd64', os.version: '6.11.0-1018-azure', java.version: '21.0.9'\nDriver info: org.openqa.selenium.edge.EdgeDriver\nCommand: [32444de7db3ecd802ca5f718b9160a4d, clickElement {id=f.A0458B5F7AE12CD3A5F676E0EC3C4815.d.899780A11FE30DCA2CCDABB70879D70E.e.60}]\nCapabilities {acceptInsecureCerts: false, browserName: MicrosoftEdge, browserVersion: 143.0.3650.80, fedcm:accounts: true, goog:processID: 49991, ms:edgeOptions: {debuggerAddress: localhost:34869}, msedge: {msedgedriverVersion: 143.0.3650.80 (788579717f68..., userDataDir: /tmp/.com.microsoft.Edge.sc...}, networkConnectionEnabled: false, pageLoadStrategy: normal, platformName: linux, proxy: Proxy(), se:cdp: ws://localhost:34869/devtoo..., se:cdpVersion: 143.0.3650.80, setWindowRect: true, strictFileInteractability: false, timeouts: {implicit: 0, pageLoad: 300000, script: 30000}, unhandledPromptBehavior: dismiss and notify, webauthn:extension:credBlob: true, webauthn:extension:largeBlob: true, webauthn:extension:minPinLength: true, webauthn:extension:prf: true, webauthn:virtualAuthenticators: true}\nElement: [[EdgeDriver: MicrosoftEdge on linux (32444de7db3ecd802ca5f718b9160a4d)] -> xpath: //button[@type='submit']]\nSession ID: 32444de7db3ecd802ca5f718b9160a4d\n\tat java.base/jdk.internal.reflect.DirectConstructorHandleAccessor.newInstance(DirectConstructorHandleAccessor.java:62)\n\tat java.base/java.lang.reflect.Constructor.newInstanceWithCaller(Constructor.java:502)\n\tat java.base/java.lang.reflect.Constructor.newInstance(Constructor.java:486)\n\tat org.openqa.selenium.remote.ErrorCodec.decode(ErrorCodec.java:167)\n\tat org.openqa.selenium.remote.codec.w3c.W3CHttpResponseCodec.decode(W3CHttpResponseCodec.java:138)\n\tat org.openqa.selenium.remote.codec.w3c.W3CHttpResponseCodec.decode(W3CHttpResponseCodec.java:50)\n\tat org.openqa.selenium.remote.HttpCommandExecutor.execute(HttpCommandExecutor.java:215)\n\tat org.openqa.selenium.remote.service.DriverCommandExecutor.invokeExecute(DriverCommandExecutor.java:216)\n\tat org.openqa.selenium.remote.service.DriverCommandExecutor.execute(DriverCommandExecutor.java:174)\n\tat org.openqa.selenium.remote.RemoteWebDriver.execute(RemoteWebDriver.java:557)\n\tat org.openqa.selenium.remote.RemoteWebElement.execute(RemoteWebElement.java:223)\n\tat org.openqa.selenium.remote.RemoteWebElement.click(RemoteWebElement.java:76)\n\tat project_orangehrm.Base.BasePage.lambda$clickWhenReady$1(BasePage.java:75)\n\tat org.openqa.selenium.support.ui.FluentWait.until(FluentWait.java:203)\n\t... 19 more\n","flaky":false,"newFailed":false,"newBroken":true,"newPassed":false,"retriesCount":0,"retriesStatusChange":false,"beforeStages":[{"name":"setUp","time":{"start":1766598365520,"stop":1766598368692,"duration":3172},"description":"","status":"passed","steps":[],"attachments":[],"parameters":[],"stepsCount":0,"shouldDisplayMessage":false,"attachmentsCount":0,"hasContent":false,"attachmentStep":false},{"name":"setup","time":{"start":1766598368692,"stop":1766598373543,"duration":4851},"description":"","status":"passed","steps":[],"attachments":[],"parameters":[],"stepsCount":0,"shouldDisplayMessage":false,"attachmentsCount":0,"hasContent":false,"attachmentStep":false}],"afterStages":[{"name":"tearDown","time":{"start":1766598381735,"stop":1766598383401,"duration":1666},"description":"","status":"passed","steps":[],"attachments":[{"uid":"2356cb2a03fa0de0","name":"Screenshot Failure - verifyPost_Edit_Success","source":"2356cb2a03fa0de0.png","type":"image/png","size":7429},{"uid":"c929956e0f19554b","name":"Page Source","source":"c929956e0f19554b.html","type":"text/html","size":308215}],"parameters":[],"stepsCount":0,"shouldDisplayMessage":false,"attachmentsCount":2,"hasContent":true,"attachmentStep":false}],"labels":[{"name":"package","value":"project_orangehrm.Test.Buzz_Newsfeed_Test"},{"name":"testClass","value":"project_orangehrm.Test.Buzz_Newsfeed_Test"},{"name":"testMethod","value":"verifyPost_Edit_Success"},{"name":"parentSuite","value":"OrangeHRM_Revolutionary_E2E_Suite"},{"name":"suite","value":"Step4_Performance_And_Engagement"},{"name":"subSuite","value":"project_orangehrm.Test.Buzz_Newsfeed_Test"},{"name":"host","value":"runnervmh13bl"},{"name":"thread","value":"2200@runnervmh13bl.TestNG-test-Step4_Performance_And_Engagement-4(2062)"},{"name":"framework","value":"testng"},{"name":"language","value":"java"},{"name":"resultFormat","value":"allure2"}],"parameters":[{"name":"browser","value":"edge"}],"links":[],"hidden":false,"retry":false,"extra":{"severity":"normal","retries":[],"categories":[{"name":"Test defects","matchedStatuses":[],"flaky":false}],"history":{"statistic":{"failed":0,"broken":1,"skipped":0,"passed":1,"unknown":0,"total":2},"items":[{"uid":"6a28be2b1e759146","reportUrl":"https://m1mohammed1.github.io/orangeHRM/9/#testresult/6a28be2b1e759146","status":"passed","time":{"start":1766596692950,"stop":1766596707878,"duration":14928}}]},"tags":[]},"source":"8c2178407331aeb5.json","parameterValues":["edge"]}