{"uid":"8e2b60b659468ca8","name":"TC13 - Verify Job Category Lifecycle: Create, Verify, and Delete","fullName":"project_orangehrm.Test.AdminJobTest.verifyJobCategory_Lifecycle_Success","historyId":"a53a26dd1b544708a42e22215934687b","time":{"start":1766623595853,"stop":1766623617810,"duration":21957},"status":"failed","statusMessage":"Record not found: Professionals - َQA Engineer | Locator: By.xpath: //div[@role='row']//div[normalize-space()='Professionals - َQA Engineer']","statusTrace":"java.lang.AssertionError: Record not found: Professionals - َQA Engineer | Locator: By.xpath: //div[@role='row']//div[normalize-space()='Professionals - َQA Engineer']\n\tat org.testng.Assert.fail(Assert.java:111)\n\tat project_orangehrm.Base.BasePage.assertVisible(BasePage.java:38)\n\tat project_orangehrm.Pages.CommonPage.verifyRecordVisible(CommonPage.java:299)\n\tat project_orangehrm.Pages.AdminPage.verifyRecordExists(AdminPage.java:127)\n\tat project_orangehrm.Test.AdminJobTest.verifyJobCategory_Lifecycle_Success(AdminJobTest.java:230)\n\tat java.base/jdk.internal.reflect.DirectMethodHandleAccessor.invoke(DirectMethodHandleAccessor.java:103)\n\tat java.base/java.lang.reflect.Method.invoke(Method.java:580)\n\tat org.testng.internal.invokers.MethodInvocationHelper.invokeMethod(MethodInvocationHelper.java:141)\n\tat org.testng.internal.invokers.TestInvoker.invokeMethod(TestInvoker.java:687)\n\tat org.testng.internal.invokers.TestInvoker.invokeTestMethod(TestInvoker.java:230)\n\tat org.testng.internal.invokers.MethodRunner.runInSequence(MethodRunner.java:63)\n\tat org.testng.internal.invokers.TestInvoker$MethodInvocationAgent.invoke(TestInvoker.java:995)\n\tat org.testng.internal.invokers.TestInvoker.invokeTestMethods(TestInvoker.java:203)\n\tat org.testng.internal.invokers.TestMethodWorker.invokeTestMethods(TestMethodWorker.java:154)\n\tat org.testng.internal.invokers.TestMethodWorker.run(TestMethodWorker.java:134)\n\tat java.base/java.util.ArrayList.forEach(ArrayList.java:1596)\n\tat org.testng.TestRunner.privateRun(TestRunner.java:741)\n\tat org.testng.TestRunner.run(TestRunner.java:616)\n\tat org.testng.SuiteRunner.runTest(SuiteRunner.java:421)\n\tat org.testng.SuiteRunner.runSequentially(SuiteRunner.java:413)\n\tat org.testng.SuiteRunner.privateRun(SuiteRunner.java:373)\n\tat org.testng.SuiteRunner.run(SuiteRunner.java:312)\n\tat org.testng.SuiteRunnerWorker.runSuite(SuiteRunnerWorker.java:52)\n\tat org.testng.SuiteRunnerWorker.run(SuiteRunnerWorker.java:95)\n\tat org.testng.TestNG.runSuitesSequentially(TestNG.java:1274)\n\tat org.testng.TestNG.runSuitesLocally(TestNG.java:1208)\n\tat org.testng.TestNG.runSuites(TestNG.java:1112)\n\tat org.testng.TestNG.run(TestNG.java:1079)\n\tat org.apache.maven.surefire.testng.TestNGExecutor.run(TestNGExecutor.java:308)\n\tat org.apache.maven.surefire.testng.TestNGXmlTestSuite.execute(TestNGXmlTestSuite.java:71)\n\tat org.apache.maven.surefire.testng.TestNGProvider.invoke(TestNGProvider.java:113)\n\tat org.apache.maven.surefire.booter.ForkedBooter.runSuitesInProcess(ForkedBooter.java:385)\n\tat org.apache.maven.surefire.booter.ForkedBooter.execute(ForkedBooter.java:162)\n\tat org.apache.maven.surefire.booter.ForkedBooter.run(ForkedBooter.java:507)\n\tat org.apache.maven.surefire.booter.ForkedBooter.main(ForkedBooter.java:495)\n","flaky":true,"newFailed":false,"newBroken":false,"newPassed":false,"retriesCount":2,"retriesStatusChange":true,"beforeStages":[{"name":"setUp","time":{"start":1766623592869,"stop":1766623593655,"duration":786},"description":"","status":"passed","steps":[],"attachments":[],"parameters":[],"stepsCount":0,"shouldDisplayMessage":false,"attachmentsCount":0,"hasContent":false,"attachmentStep":false},{"name":"setup","time":{"start":1766623593656,"stop":1766623595851,"duration":2195},"description":"","status":"passed","steps":[],"attachments":[],"parameters":[],"stepsCount":0,"shouldDisplayMessage":false,"attachmentsCount":0,"hasContent":false,"attachmentStep":false}],"testStage":{"status":"failed","statusMessage":"Record not found: Professionals - َQA Engineer | Locator: By.xpath: //div[@role='row']//div[normalize-space()='Professionals - َQA Engineer']","statusTrace":"java.lang.AssertionError: Record not found: Professionals - َQA Engineer | Locator: By.xpath: //div[@role='row']//div[normalize-space()='Professionals - َQA Engineer']\n\tat org.testng.Assert.fail(Assert.java:111)\n\tat project_orangehrm.Base.BasePage.assertVisible(BasePage.java:38)\n\tat project_orangehrm.Pages.CommonPage.verifyRecordVisible(CommonPage.java:299)\n\tat project_orangehrm.Pages.AdminPage.verifyRecordExists(AdminPage.java:127)\n\tat project_orangehrm.Test.AdminJobTest.verifyJobCategory_Lifecycle_Success(AdminJobTest.java:230)\n\tat java.base/jdk.internal.reflect.DirectMethodHandleAccessor.invoke(DirectMethodHandleAccessor.java:103)\n\tat java.base/java.lang.reflect.Method.invoke(Method.java:580)\n\tat org.testng.internal.invokers.MethodInvocationHelper.invokeMethod(MethodInvocationHelper.java:141)\n\tat org.testng.internal.invokers.TestInvoker.invokeMethod(TestInvoker.java:687)\n\tat org.testng.internal.invokers.TestInvoker.invokeTestMethod(TestInvoker.java:230)\n\tat org.testng.internal.invokers.MethodRunner.runInSequence(MethodRunner.java:63)\n\tat org.testng.internal.invokers.TestInvoker$MethodInvocationAgent.invoke(TestInvoker.java:995)\n\tat org.testng.internal.invokers.TestInvoker.invokeTestMethods(TestInvoker.java:203)\n\tat org.testng.internal.invokers.TestMethodWorker.invokeTestMethods(TestMethodWorker.java:154)\n\tat org.testng.internal.invokers.TestMethodWorker.run(TestMethodWorker.java:134)\n\tat java.base/java.util.ArrayList.forEach(ArrayList.java:1596)\n\tat org.testng.TestRunner.privateRun(TestRunner.java:741)\n\tat org.testng.TestRunner.run(TestRunner.java:616)\n\tat org.testng.SuiteRunner.runTest(SuiteRunner.java:421)\n\tat org.testng.SuiteRunner.runSequentially(SuiteRunner.java:413)\n\tat org.testng.SuiteRunner.privateRun(SuiteRunner.java:373)\n\tat org.testng.SuiteRunner.run(SuiteRunner.java:312)\n\tat org.testng.SuiteRunnerWorker.runSuite(SuiteRunnerWorker.java:52)\n\tat org.testng.SuiteRunnerWorker.run(SuiteRunnerWorker.java:95)\n\tat org.testng.TestNG.runSuitesSequentially(TestNG.java:1274)\n\tat org.testng.TestNG.runSuitesLocally(TestNG.java:1208)\n\tat org.testng.TestNG.runSuites(TestNG.java:1112)\n\tat org.testng.TestNG.run(TestNG.java:1079)\n\tat org.apache.maven.surefire.testng.TestNGExecutor.run(TestNGExecutor.java:308)\n\tat org.apache.maven.surefire.testng.TestNGXmlTestSuite.execute(TestNGXmlTestSuite.java:71)\n\tat org.apache.maven.surefire.testng.TestNGProvider.invoke(TestNGProvider.java:113)\n\tat org.apache.maven.surefire.booter.ForkedBooter.runSuitesInProcess(ForkedBooter.java:385)\n\tat org.apache.maven.surefire.booter.ForkedBooter.execute(ForkedBooter.java:162)\n\tat org.apache.maven.surefire.booter.ForkedBooter.run(ForkedBooter.java:507)\n\tat org.apache.maven.surefire.booter.ForkedBooter.main(ForkedBooter.java:495)\n","steps":[],"attachments":[{"uid":"726ba020c2ea0712","name":"SoftAssert_Failed - 2025-12-25T00:46:47.629148383","source":"726ba020c2ea0712.png","type":"image/png","size":119188},{"uid":"6e2ee3102c84f917","name":"Page Source","source":"6e2ee3102c84f917.html","type":"text/html","size":294300}],"parameters":[],"stepsCount":0,"shouldDisplayMessage":true,"attachmentsCount":2,"hasContent":true,"attachmentStep":false},"afterStages":[{"name":"tearDown","time":{"start":1766623617812,"stop":1766623618027,"duration":215},"description":"","status":"passed","steps":[],"attachments":[{"uid":"b03e1d6a433b767e","name":"Screenshot Failure - verifyJobCategory_Lifecycle_Success","source":"b03e1d6a433b767e.png","type":"image/png","size":119188},{"uid":"6bd85961977f1751","name":"Page Source","source":"6bd85961977f1751.html","type":"text/html","size":294300}],"parameters":[],"stepsCount":0,"shouldDisplayMessage":false,"attachmentsCount":2,"hasContent":true,"attachmentStep":false}],"labels":[{"name":"package","value":"project_orangehrm.Test.AdminJobTest"},{"name":"testClass","value":"project_orangehrm.Test.AdminJobTest"},{"name":"testMethod","value":"verifyJobCategory_Lifecycle_Success"},{"name":"parentSuite","value":"OrangeHRM_E2E_Suite"},{"name":"suite","value":"Step1_Admin_Foundation"},{"name":"subSuite","value":"project_orangehrm.Test.AdminJobTest"},{"name":"host","value":"runnervmh13bl"},{"name":"thread","value":"2283@runnervmh13bl.main(1)"},{"name":"framework","value":"testng"},{"name":"language","value":"java"},{"name":"resultFormat","value":"allure2"}],"parameters":[{"name":"browser","value":"edge"}],"links":[],"hidden":false,"retry":false,"extra":{"severity":"normal","retries":[{"uid":"14bee537c552fb8d","status":"passed","time":{"start":1766623550710,"stop":1766623556392,"duration":5682}},{"uid":"a7873fce9a2bb4d9","status":"passed","time":{"start":1766621283306,"stop":1766621288398,"duration":5092}}],"categories":[{"name":"Product defects","matchedStatuses":[],"flaky":false}],"history":{"statistic":{"failed":5,"broken":0,"skipped":0,"passed":2,"unknown":0,"total":7},"items":[{"uid":"b43f9223906c04e0","reportUrl":"https://m1mohammed1.github.io/orangeHRM/14/#testresult/b43f9223906c04e0","status":"failed","statusDetails":"Record not found: Professionals - َQA Engineer | Locator: By.xpath: //div[@role='row']//div[normalize-space()='Professionals - َQA Engineer']","time":{"start":1766620647203,"stop":1766620669094,"duration":21891}},{"uid":"c21e4f4c67d679b1","reportUrl":"https://m1mohammed1.github.io/orangeHRM/13/#testresult/c21e4f4c67d679b1","status":"failed","statusDetails":"Record not found: Professionals - َQA Engineer | Locator: By.xpath: //div[@role='row']//div[normalize-space()='Professionals - َQA Engineer']","time":{"start":1766619877930,"stop":1766619899553,"duration":21623}},{"uid":"50fe051b62f524a5","reportUrl":"https://m1mohammed1.github.io/orangeHRM/12/#testresult/50fe051b62f524a5","status":"passed","time":{"start":1766616161257,"stop":1766616166457,"duration":5200}},{"uid":"32e0f17f7b42f45e","reportUrl":"https://m1mohammed1.github.io/orangeHRM/11/#testresult/32e0f17f7b42f45e","status":"passed","time":{"start":1766605443594,"stop":1766605448486,"duration":4892}},{"uid":"437e8e56816e7e0a","reportUrl":"https://m1mohammed1.github.io/orangeHRM/10/#testresult/437e8e56816e7e0a","status":"failed","statusDetails":"Success message not displayed | Locator: By.xpath: //div[contains(@class, 'oxd-toast--success')]","time":{"start":1766597131207,"stop":1766597142690,"duration":11483}},{"uid":"19f610d41c5557b5","reportUrl":"https://m1mohammed1.github.io/orangeHRM/9/#testresult/19f610d41c5557b5","status":"failed","statusDetails":"Success message not displayed | Locator: By.xpath: //div[contains(@class, 'oxd-toast--success')]","time":{"start":1766595889466,"stop":1766595911424,"duration":21958}}]},"tags":[]},"source":"8e2b60b659468ca8.json","parameterValues":["edge"]}