{"uid":"9817ba519e5fbfd7","name":"TC01 - Verify Punch Punch In/Out Workflow","fullName":"project_orangehrm.Test.Time_Attendance_Test.verifyPunchIn_Out_Success","historyId":"bc0f510b5821207f3b8ce193d5abede1","time":{"start":1766770934277,"stop":1766770956733,"duration":22456},"status":"broken","statusMessage":"Expected condition failed: waiting for element to be clickable: By.xpath: //button[normalize-space()='Out'] (tried for 10 second(s) with 300 milliseconds interval)\nBuild info: version: '4.37.0', revision: '3c1da1e342'\nSystem info: os.name: 'Linux', os.arch: 'amd64', os.version: '6.11.0-1018-azure', java.version: '21.0.9'\nDriver info: driver.version: unknown","statusTrace":"org.openqa.selenium.TimeoutException: Expected condition failed: waiting for element to be clickable: By.xpath: //button[normalize-space()='Out'] (tried for 10 second(s) with 300 milliseconds interval)\nBuild info: version: '4.37.0', revision: '3c1da1e342'\nSystem info: os.name: 'Linux', os.arch: 'amd64', os.version: '6.11.0-1018-azure', java.version: '21.0.9'\nDriver info: driver.version: unknown\n\tat org.openqa.selenium.support.ui.FluentWait.timeoutException(FluentWait.java:265)\n\tat org.openqa.selenium.support.ui.FluentWait.until(FluentWait.java:228)\n\tat project_orangehrm.Base.BasePage.clickWhenReady(BasePage.java:95)\n\tat project_orangehrm.Pages.TimePage.clickPunchOut(TimePage.java:30)\n\tat project_orangehrm.Test.Time_Attendance_Test.verifyPunchIn_Out_Success(Time_Attendance_Test.java:41)\n\tat java.base/jdk.internal.reflect.DirectMethodHandleAccessor.invoke(DirectMethodHandleAccessor.java:103)\n\tat java.base/java.lang.reflect.Method.invoke(Method.java:580)\n\tat org.testng.internal.invokers.MethodInvocationHelper.invokeMethod(MethodInvocationHelper.java:141)\n\tat org.testng.internal.invokers.TestInvoker.invokeMethod(TestInvoker.java:687)\n\tat org.testng.internal.invokers.TestInvoker.invokeTestMethod(TestInvoker.java:230)\n\tat org.testng.internal.invokers.MethodRunner.runInSequence(MethodRunner.java:63)\n\tat org.testng.internal.invokers.TestInvoker$MethodInvocationAgent.invoke(TestInvoker.java:995)\n\tat org.testng.internal.invokers.TestInvoker.invokeTestMethods(TestInvoker.java:203)\n\tat org.testng.internal.invokers.TestMethodWorker.invokeTestMethods(TestMethodWorker.java:154)\n\tat org.testng.internal.invokers.TestMethodWorker.run(TestMethodWorker.java:134)\n\tat java.base/java.util.concurrent.Executors$RunnableAdapter.call(Executors.java:572)\n\tat java.base/java.util.concurrent.FutureTask.run(FutureTask.java:317)\n\tat org.testng.internal.thread.graph.TestNGFutureTask.run(TestNGFutureTask.java:22)\n\tat java.base/java.util.concurrent.ThreadPoolExecutor.runWorker(ThreadPoolExecutor.java:1144)\n\tat java.base/java.util.concurrent.ThreadPoolExecutor$Worker.run(ThreadPoolExecutor.java:642)\n\tat java.base/java.lang.Thread.run(Thread.java:1583)\n","flaky":false,"newFailed":false,"newBroken":false,"newPassed":false,"retriesCount":3,"retriesStatusChange":true,"beforeStages":[{"name":"setUp","time":{"start":1766770930530,"stop":1766770931962,"duration":1432},"description":"","status":"passed","steps":[],"attachments":[],"parameters":[],"stepsCount":0,"shouldDisplayMessage":false,"attachmentsCount":0,"hasContent":false,"attachmentStep":false},{"name":"setup","time":{"start":1766770931962,"stop":1766770934276,"duration":2314},"description":"","status":"passed","steps":[],"attachments":[],"parameters":[],"stepsCount":0,"shouldDisplayMessage":false,"attachmentsCount":0,"hasContent":false,"attachmentStep":false}],"testStage":{"status":"broken","statusMessage":"Expected condition failed: waiting for element to be clickable: By.xpath: //button[normalize-space()='Out'] (tried for 10 second(s) with 300 milliseconds interval)\nBuild info: version: '4.37.0', revision: '3c1da1e342'\nSystem info: os.name: 'Linux', os.arch: 'amd64', os.version: '6.11.0-1018-azure', java.version: '21.0.9'\nDriver info: driver.version: unknown","statusTrace":"org.openqa.selenium.TimeoutException: Expected condition failed: waiting for element to be clickable: By.xpath: //button[normalize-space()='Out'] (tried for 10 second(s) with 300 milliseconds interval)\nBuild info: version: '4.37.0', revision: '3c1da1e342'\nSystem info: os.name: 'Linux', os.arch: 'amd64', os.version: '6.11.0-1018-azure', java.version: '21.0.9'\nDriver info: driver.version: unknown\n\tat org.openqa.selenium.support.ui.FluentWait.timeoutException(FluentWait.java:265)\n\tat org.openqa.selenium.support.ui.FluentWait.until(FluentWait.java:228)\n\tat project_orangehrm.Base.BasePage.clickWhenReady(BasePage.java:95)\n\tat project_orangehrm.Pages.TimePage.clickPunchOut(TimePage.java:30)\n\tat project_orangehrm.Test.Time_Attendance_Test.verifyPunchIn_Out_Success(Time_Attendance_Test.java:41)\n\tat java.base/jdk.internal.reflect.DirectMethodHandleAccessor.invoke(DirectMethodHandleAccessor.java:103)\n\tat java.base/java.lang.reflect.Method.invoke(Method.java:580)\n\tat org.testng.internal.invokers.MethodInvocationHelper.invokeMethod(MethodInvocationHelper.java:141)\n\tat org.testng.internal.invokers.TestInvoker.invokeMethod(TestInvoker.java:687)\n\tat org.testng.internal.invokers.TestInvoker.invokeTestMethod(TestInvoker.java:230)\n\tat org.testng.internal.invokers.MethodRunner.runInSequence(MethodRunner.java:63)\n\tat org.testng.internal.invokers.TestInvoker$MethodInvocationAgent.invoke(TestInvoker.java:995)\n\tat org.testng.internal.invokers.TestInvoker.invokeTestMethods(TestInvoker.java:203)\n\tat org.testng.internal.invokers.TestMethodWorker.invokeTestMethods(TestMethodWorker.java:154)\n\tat org.testng.internal.invokers.TestMethodWorker.run(TestMethodWorker.java:134)\n\tat java.base/java.util.concurrent.Executors$RunnableAdapter.call(Executors.java:572)\n\tat java.base/java.util.concurrent.FutureTask.run(FutureTask.java:317)\n\tat org.testng.internal.thread.graph.TestNGFutureTask.run(TestNGFutureTask.java:22)\n\tat java.base/java.util.concurrent.ThreadPoolExecutor.runWorker(ThreadPoolExecutor.java:1144)\n\tat java.base/java.util.concurrent.ThreadPoolExecutor$Worker.run(ThreadPoolExecutor.java:642)\n\tat java.base/java.lang.Thread.run(Thread.java:1583)\n","steps":[],"attachments":[{"uid":"362cba5302613ad7","name":"SoftAssert_Failed - 2025-12-26T17:42:26.228726363","source":"362cba5302613ad7.png","type":"image/png","size":99930},{"uid":"754ef1cbca3e86ba","name":"Page Source","source":"754ef1cbca3e86ba.html","type":"text/html","size":296072}],"parameters":[],"stepsCount":0,"shouldDisplayMessage":true,"attachmentsCount":2,"hasContent":true,"attachmentStep":false},"afterStages":[{"name":"tearDown","time":{"start":1766770956734,"stop":1766770961279,"duration":4545},"description":"","status":"passed","steps":[],"attachments":[{"uid":"680b1e64b14302db","name":"Screenshot Failure - verifyPunchIn_Out_Success","source":"680b1e64b14302db.png","type":"image/png","size":105042},{"uid":"ad64de60d600f9da","name":"Page Source","source":"ad64de60d600f9da.html","type":"text/html","size":296651}],"parameters":[],"stepsCount":0,"shouldDisplayMessage":false,"attachmentsCount":2,"hasContent":true,"attachmentStep":false}],"labels":[{"name":"package","value":"project_orangehrm.Test.Time_Attendance_Test"},{"name":"testClass","value":"project_orangehrm.Test.Time_Attendance_Test"},{"name":"testMethod","value":"verifyPunchIn_Out_Success"},{"name":"parentSuite","value":"OrangeHRM_Strategic_Suite"},{"name":"suite","value":"Step4_Ops_Time_Core"},{"name":"subSuite","value":"project_orangehrm.Test.Time_Attendance_Test"},{"name":"host","value":"runnervmh13bl"},{"name":"thread","value":"2336@runnervmh13bl.TestNG-test-Step4_Ops_Time_Core-2(2053)"},{"name":"framework","value":"testng"},{"name":"language","value":"java"},{"name":"resultFormat","value":"allure2"}],"parameters":[{"name":"browser","value":"edge"}],"links":[],"hidden":false,"retry":false,"extra":{"severity":"normal","retries":[{"uid":"b809642fe50bb8fd","status":"broken","statusDetails":"Expected condition failed: waiting for element to be clickable: By.xpath: //button[normalize-space()='Out'] (tried for 10 second(s) with 300 milliseconds interval)\nBuild info: version: '4.37.0', revision: '3c1da1e342'\nSystem info: os.name: 'Linux', os.arch: 'amd64', os.version: '6.11.0-1018-azure', java.version: '21.0.9'\nDriver info: driver.version: unknown","time":{"start":1766770837255,"stop":1766770859666,"duration":22411}},{"uid":"20db2c9a7c12bb42","status":"broken","statusDetails":"Expected condition failed: waiting for element to be clickable: By.xpath: //button[normalize-space()='Out'] (tried for 10 second(s) with 300 milliseconds interval)\nBuild info: version: '4.37.0', revision: '3c1da1e342'\nSystem info: os.name: 'Linux', os.arch: 'amd64', os.version: '6.11.0-1018-azure', java.version: '21.0.9'\nDriver info: driver.version: unknown","time":{"start":1766770759600,"stop":1766770782151,"duration":22551}},{"uid":"bf50b822821ee9b9","status":"passed","time":{"start":1766767902221,"stop":1766767910478,"duration":8257}}],"categories":[{"name":"Test defects","matchedStatuses":[],"flaky":false}],"history":{"statistic":{"failed":1,"broken":9,"skipped":1,"passed":0,"unknown":0,"total":11},"items":[{"uid":"7d9e57c1084d6148","reportUrl":"https://m1mohammed1.github.io/orangeHRM/24/#testresult/7d9e57c1084d6148","status":"skipped","statusDetails":"Expected condition failed: waiting for project_orangehrm.Base.BasePage$$Lambda/0x00007fd2f83468a8@70a1f669 (tried for 10 second(s) with 300 milliseconds interval)","time":{"start":1766763757004,"stop":1766763757004,"duration":0}},{"uid":"2658695f4fe54351","reportUrl":"https://m1mohammed1.github.io/orangeHRM/23/#testresult/2658695f4fe54351","status":"broken","statusDetails":"Expected condition failed: waiting for element to be clickable: By.xpath: //button[normalize-space()='Out'] (tried for 10 second(s) with 300 milliseconds interval)\nBuild info: version: '4.37.0', revision: '3c1da1e342'\nSystem info: os.name: 'Linux', os.arch: 'amd64', os.version: '6.11.0-1018-azure', java.version: '21.0.9'\nDriver info: driver.version: unknown","time":{"start":1766760735007,"stop":1766760758076,"duration":23069}},{"uid":"f95e8483b60d4d2e","reportUrl":"https://m1mohammed1.github.io/orangeHRM/22/#testresult/f95e8483b60d4d2e","status":"broken","statusDetails":"Expected condition failed: waiting for element to be clickable: By.xpath: //button[normalize-space()='Out'] (tried for 10 second(s) with 300 milliseconds interval)\nBuild info: version: '4.37.0', revision: '3c1da1e342'\nSystem info: os.name: 'Linux', os.arch: 'amd64', os.version: '6.11.0-1018-azure', java.version: '21.0.9'\nDriver info: driver.version: unknown","time":{"start":1766706521270,"stop":1766706544580,"duration":23310}},{"uid":"2ccfaf144298c6dd","reportUrl":"https://m1mohammed1.github.io/orangeHRM/17/#testresult/2ccfaf144298c6dd","status":"broken","statusDetails":"Expected condition failed: waiting for element to be clickable: By.xpath: //button[normalize-space()='Out'] (tried for 10 second(s) with 300 milliseconds interval)\nBuild info: version: '4.37.0', revision: '3c1da1e342'\nSystem info: os.name: 'Linux', os.arch: 'amd64', os.version: '6.11.0-1018-azure', java.version: '21.0.9'\nDriver info: driver.version: unknown","time":{"start":1766698640747,"stop":1766698663561,"duration":22814}},{"uid":"a842d3911a6e8412","reportUrl":"https://m1mohammed1.github.io/orangeHRM/16/#testresult/a842d3911a6e8412","status":"broken","statusDetails":"Expected condition failed: waiting for element to be clickable: By.xpath: //button[normalize-space()='Out'] (tried for 10 second(s) with 300 milliseconds interval)\nBuild info: version: '4.37.0', revision: '3c1da1e342'\nSystem info: os.name: 'Linux', os.arch: 'amd64', os.version: '6.11.0-1018-azure', java.version: '21.0.9'\nDriver info: driver.version: unknown","time":{"start":1766630360560,"stop":1766630383404,"duration":22844}},{"uid":"e16e9b589caecce0","reportUrl":"https://m1mohammed1.github.io/orangeHRM/15/#testresult/e16e9b589caecce0","status":"broken","statusDetails":"Expected condition failed: waiting for element to be clickable: By.xpath: //button[normalize-space()='Out'] (tried for 10 second(s) with 300 milliseconds interval)\nBuild info: version: '4.37.0', revision: '3c1da1e342'\nSystem info: os.name: 'Linux', os.arch: 'amd64', os.version: '6.11.0-1018-azure', java.version: '21.0.9'\nDriver info: driver.version: unknown","time":{"start":1766624963018,"stop":1766624986503,"duration":23485}},{"uid":"d628172194e33131","reportUrl":"https://m1mohammed1.github.io/orangeHRM/13/#testresult/d628172194e33131","status":"broken","statusDetails":"Expected condition failed: waiting for element to be clickable: By.xpath: //button[normalize-space()='In'] (tried for 10 second(s) with 300 milliseconds interval)\nBuild info: version: '4.37.0', revision: '3c1da1e342'\nSystem info: os.name: 'Linux', os.arch: 'amd64', os.version: '6.11.0-1018-azure', java.version: '21.0.9'\nDriver info: driver.version: unknown","time":{"start":1766618973471,"stop":1766618985733,"duration":12262}},{"uid":"903875b33ff3d70d","reportUrl":"https://m1mohammed1.github.io/orangeHRM/11/#testresult/903875b33ff3d70d","status":"failed","statusDetails":"Success message not displayed | Locator: By.xpath: //div[contains(@class, 'oxd-toast--success')]","time":{"start":1766606307002,"stop":1766606318829,"duration":11827}},{"uid":"66fd7dc5b6e3fa1","reportUrl":"https://m1mohammed1.github.io/orangeHRM/10/#testresult/66fd7dc5b6e3fa1","status":"broken","statusDetails":"Expected condition failed: waiting for project_orangehrm.Base.BasePage$$Lambda/0x00007f24a434a560@2f786481 (tried for 7 second(s) with 300 milliseconds interval)","time":{"start":1766598155838,"stop":1766598168040,"duration":12202}},{"uid":"f75cded5d9bea1d1","reportUrl":"https://m1mohammed1.github.io/orangeHRM/9/#testresult/f75cded5d9bea1d1","status":"broken","statusDetails":"Expected condition failed: waiting for project_orangehrm.Base.BasePage$$Lambda/0x00007f1508381f10@56d790cd (tried for 15 second(s) with 300 milliseconds interval)","time":{"start":1766596274551,"stop":1766596296986,"duration":22435}}]},"tags":[]},"source":"9817ba519e5fbfd7.json","parameterValues":["edge"]}