{"uid":"9926d8d498e6d13f","name":"TC08 - Verify error when creating a duplicate Education Level","fullName":"project_orangehrm.Test.Admin_Qualifications_Test.verifyEducation_DuplicateEntry_ShowError","historyId":"1076190695cc4a5e10b2e601b1375dbb","time":{"start":1766769716764,"stop":1766769738366,"duration":21602},"status":"broken","statusMessage":"Expected condition failed: waiting for element to be clickable: By.xpath: //button[normalize-space()='Add'] (tried for 10 second(s) with 300 milliseconds interval)\nBuild info: version: '4.37.0', revision: '3c1da1e342'\nSystem info: os.name: 'Linux', os.arch: 'amd64', os.version: '6.11.0-1018-azure', java.version: '21.0.9'\nDriver info: driver.version: unknown","statusTrace":"org.openqa.selenium.TimeoutException: Expected condition failed: waiting for element to be clickable: By.xpath: //button[normalize-space()='Add'] (tried for 10 second(s) with 300 milliseconds interval)\nBuild info: version: '4.37.0', revision: '3c1da1e342'\nSystem info: os.name: 'Linux', os.arch: 'amd64', os.version: '6.11.0-1018-azure', java.version: '21.0.9'\nDriver info: driver.version: unknown\n\tat org.openqa.selenium.support.ui.FluentWait.timeoutException(FluentWait.java:265)\n\tat org.openqa.selenium.support.ui.FluentWait.until(FluentWait.java:228)\n\tat project_orangehrm.Base.BasePage.clickWhenReady(BasePage.java:95)\n\tat project_orangehrm.Pages.CommonPage.add(CommonPage.java:181)\n\tat project_orangehrm.Pages.AdminPage.clickToAdd(AdminPage.java:77)\n\tat project_orangehrm.Test.Admin_Qualifications_Test.verifyEducation_DuplicateEntry_ShowError(Admin_Qualifications_Test.java:154)\n\tat java.base/jdk.internal.reflect.DirectMethodHandleAccessor.invoke(DirectMethodHandleAccessor.java:103)\n\tat java.base/java.lang.reflect.Method.invoke(Method.java:580)\n\tat org.testng.internal.invokers.MethodInvocationHelper.invokeMethod(MethodInvocationHelper.java:141)\n\tat org.testng.internal.invokers.TestInvoker.invokeMethod(TestInvoker.java:687)\n\tat org.testng.internal.invokers.TestInvoker.invokeTestMethod(TestInvoker.java:230)\n\tat org.testng.internal.invokers.MethodRunner.runInSequence(MethodRunner.java:63)\n\tat org.testng.internal.invokers.TestInvoker$MethodInvocationAgent.invoke(TestInvoker.java:995)\n\tat org.testng.internal.invokers.TestInvoker.invokeTestMethods(TestInvoker.java:203)\n\tat org.testng.internal.invokers.TestMethodWorker.invokeTestMethods(TestMethodWorker.java:154)\n\tat org.testng.internal.invokers.TestMethodWorker.run(TestMethodWorker.java:134)\n\tat java.base/java.util.ArrayList.forEach(ArrayList.java:1596)\n\tat org.testng.TestRunner.privateRun(TestRunner.java:741)\n\tat org.testng.TestRunner.run(TestRunner.java:616)\n\tat org.testng.SuiteRunner.runTest(SuiteRunner.java:421)\n\tat org.testng.SuiteRunner.runSequentially(SuiteRunner.java:413)\n\tat org.testng.SuiteRunner.privateRun(SuiteRunner.java:373)\n\tat org.testng.SuiteRunner.run(SuiteRunner.java:312)\n\tat org.testng.SuiteRunnerWorker.runSuite(SuiteRunnerWorker.java:52)\n\tat org.testng.SuiteRunnerWorker.run(SuiteRunnerWorker.java:95)\n\tat org.testng.TestNG.runSuitesSequentially(TestNG.java:1274)\n\tat org.testng.TestNG.runSuitesLocally(TestNG.java:1208)\n\tat org.testng.TestNG.runSuites(TestNG.java:1112)\n\tat org.testng.TestNG.run(TestNG.java:1079)\n\tat org.apache.maven.surefire.testng.TestNGExecutor.run(TestNGExecutor.java:308)\n\tat org.apache.maven.surefire.testng.TestNGXmlTestSuite.execute(TestNGXmlTestSuite.java:71)\n\tat org.apache.maven.surefire.testng.TestNGProvider.invoke(TestNGProvider.java:113)\n\tat org.apache.maven.surefire.booter.ForkedBooter.runSuitesInProcess(ForkedBooter.java:385)\n\tat org.apache.maven.surefire.booter.ForkedBooter.execute(ForkedBooter.java:162)\n\tat org.apache.maven.surefire.booter.ForkedBooter.run(ForkedBooter.java:507)\n\tat org.apache.maven.surefire.booter.ForkedBooter.main(ForkedBooter.java:495)\n","flaky":false,"newFailed":false,"newBroken":true,"newPassed":false,"retriesCount":3,"retriesStatusChange":true,"beforeStages":[{"name":"setUp","time":{"start":1766769714311,"stop":1766769715019,"duration":708},"description":"","status":"passed","steps":[],"attachments":[],"parameters":[],"stepsCount":0,"shouldDisplayMessage":false,"attachmentsCount":0,"hasContent":false,"attachmentStep":false},{"name":"setup","time":{"start":1766769715020,"stop":1766769716763,"duration":1743},"description":"","status":"passed","steps":[],"attachments":[],"parameters":[],"stepsCount":0,"shouldDisplayMessage":false,"attachmentsCount":0,"hasContent":false,"attachmentStep":false}],"testStage":{"status":"broken","statusMessage":"Expected condition failed: waiting for element to be clickable: By.xpath: //button[normalize-space()='Add'] (tried for 10 second(s) with 300 milliseconds interval)\nBuild info: version: '4.37.0', revision: '3c1da1e342'\nSystem info: os.name: 'Linux', os.arch: 'amd64', os.version: '6.11.0-1018-azure', java.version: '21.0.9'\nDriver info: driver.version: unknown","statusTrace":"org.openqa.selenium.TimeoutException: Expected condition failed: waiting for element to be clickable: By.xpath: //button[normalize-space()='Add'] (tried for 10 second(s) with 300 milliseconds interval)\nBuild info: version: '4.37.0', revision: '3c1da1e342'\nSystem info: os.name: 'Linux', os.arch: 'amd64', os.version: '6.11.0-1018-azure', java.version: '21.0.9'\nDriver info: driver.version: unknown\n\tat org.openqa.selenium.support.ui.FluentWait.timeoutException(FluentWait.java:265)\n\tat org.openqa.selenium.support.ui.FluentWait.until(FluentWait.java:228)\n\tat project_orangehrm.Base.BasePage.clickWhenReady(BasePage.java:95)\n\tat project_orangehrm.Pages.CommonPage.add(CommonPage.java:181)\n\tat project_orangehrm.Pages.AdminPage.clickToAdd(AdminPage.java:77)\n\tat project_orangehrm.Test.Admin_Qualifications_Test.verifyEducation_DuplicateEntry_ShowError(Admin_Qualifications_Test.java:154)\n\tat java.base/jdk.internal.reflect.DirectMethodHandleAccessor.invoke(DirectMethodHandleAccessor.java:103)\n\tat java.base/java.lang.reflect.Method.invoke(Method.java:580)\n\tat org.testng.internal.invokers.MethodInvocationHelper.invokeMethod(MethodInvocationHelper.java:141)\n\tat org.testng.internal.invokers.TestInvoker.invokeMethod(TestInvoker.java:687)\n\tat org.testng.internal.invokers.TestInvoker.invokeTestMethod(TestInvoker.java:230)\n\tat org.testng.internal.invokers.MethodRunner.runInSequence(MethodRunner.java:63)\n\tat org.testng.internal.invokers.TestInvoker$MethodInvocationAgent.invoke(TestInvoker.java:995)\n\tat org.testng.internal.invokers.TestInvoker.invokeTestMethods(TestInvoker.java:203)\n\tat org.testng.internal.invokers.TestMethodWorker.invokeTestMethods(TestMethodWorker.java:154)\n\tat org.testng.internal.invokers.TestMethodWorker.run(TestMethodWorker.java:134)\n\tat java.base/java.util.ArrayList.forEach(ArrayList.java:1596)\n\tat org.testng.TestRunner.privateRun(TestRunner.java:741)\n\tat org.testng.TestRunner.run(TestRunner.java:616)\n\tat org.testng.SuiteRunner.runTest(SuiteRunner.java:421)\n\tat org.testng.SuiteRunner.runSequentially(SuiteRunner.java:413)\n\tat org.testng.SuiteRunner.privateRun(SuiteRunner.java:373)\n\tat org.testng.SuiteRunner.run(SuiteRunner.java:312)\n\tat org.testng.SuiteRunnerWorker.runSuite(SuiteRunnerWorker.java:52)\n\tat org.testng.SuiteRunnerWorker.run(SuiteRunnerWorker.java:95)\n\tat org.testng.TestNG.runSuitesSequentially(TestNG.java:1274)\n\tat org.testng.TestNG.runSuitesLocally(TestNG.java:1208)\n\tat org.testng.TestNG.runSuites(TestNG.java:1112)\n\tat org.testng.TestNG.run(TestNG.java:1079)\n\tat org.apache.maven.surefire.testng.TestNGExecutor.run(TestNGExecutor.java:308)\n\tat org.apache.maven.surefire.testng.TestNGXmlTestSuite.execute(TestNGXmlTestSuite.java:71)\n\tat org.apache.maven.surefire.testng.TestNGProvider.invoke(TestNGProvider.java:113)\n\tat org.apache.maven.surefire.booter.ForkedBooter.runSuitesInProcess(ForkedBooter.java:385)\n\tat org.apache.maven.surefire.booter.ForkedBooter.execute(ForkedBooter.java:162)\n\tat org.apache.maven.surefire.booter.ForkedBooter.run(ForkedBooter.java:507)\n\tat org.apache.maven.surefire.booter.ForkedBooter.main(ForkedBooter.java:495)\n","steps":[],"attachments":[{"uid":"b2a2329f37f3845a","name":"SoftAssert_Failed - 2025-12-26T17:22:08.239138178","source":"b2a2329f37f3845a.png","type":"image/png","size":97305},{"uid":"7852ef16f67053c5","name":"Page Source","source":"7852ef16f67053c5.html","type":"text/html","size":294308}],"parameters":[],"stepsCount":0,"shouldDisplayMessage":true,"attachmentsCount":2,"hasContent":true,"attachmentStep":false},"afterStages":[{"name":"tearDown","time":{"start":1766769738367,"stop":1766769738555,"duration":188},"description":"","status":"passed","steps":[],"attachments":[{"uid":"ea0549f6e5f82d14","name":"Screenshot Failure - verifyEducation_DuplicateEntry_ShowError","source":"ea0549f6e5f82d14.png","type":"image/png","size":97305},{"uid":"eee13974fe0197f","name":"Page Source","source":"eee13974fe0197f.html","type":"text/html","size":294308}],"parameters":[],"stepsCount":0,"shouldDisplayMessage":false,"attachmentsCount":2,"hasContent":true,"attachmentStep":false}],"labels":[{"name":"package","value":"project_orangehrm.Test.Admin_Qualifications_Test"},{"name":"testClass","value":"project_orangehrm.Test.Admin_Qualifications_Test"},{"name":"testMethod","value":"verifyEducation_DuplicateEntry_ShowError"},{"name":"parentSuite","value":"OrangeHRM_Strategic_Suite"},{"name":"suite","value":"Step1_Hyper_Admin_PIM_Foundation"},{"name":"subSuite","value":"project_orangehrm.Test.Admin_Qualifications_Test"},{"name":"host","value":"runnervmh13bl"},{"name":"thread","value":"2206@runnervmh13bl.main(1)"},{"name":"framework","value":"testng"},{"name":"language","value":"java"},{"name":"resultFormat","value":"allure2"}],"parameters":[{"name":"browser","value":"edge"}],"links":[],"hidden":false,"retry":false,"extra":{"severity":"normal","retries":[{"uid":"cda111fa2e918d2f","status":"passed","time":{"start":1766769711110,"stop":1766769719415,"duration":8305}},{"uid":"315e91957b05eaa8","status":"passed","time":{"start":1766769654792,"stop":1766769662285,"duration":7493}},{"uid":"d5dd9c4241c54af5","status":"passed","time":{"start":1766766842634,"stop":1766766850974,"duration":8340}}],"categories":[{"name":"Test defects","matchedStatuses":[],"flaky":false}],"history":{"statistic":{"failed":1,"broken":1,"skipped":1,"passed":10,"unknown":0,"total":13},"items":[{"uid":"7a12a0106b1f5aab","reportUrl":"https://m1mohammed1.github.io/orangeHRM/24/#testresult/7a12a0106b1f5aab","status":"skipped","statusDetails":"Expected condition failed: waiting for project_orangehrm.Base.BasePage$$Lambda/0x00007fd2f83468a8@3cc9632d (tried for 10 second(s) with 300 milliseconds interval)","time":{"start":1766763630165,"stop":1766763630165,"duration":0}},{"uid":"6e4871ea9627a3c0","reportUrl":"https://m1mohammed1.github.io/orangeHRM/23/#testresult/6e4871ea9627a3c0","status":"passed","time":{"start":1766759524265,"stop":1766759532771,"duration":8506}},{"uid":"472067f88d3934b5","reportUrl":"https://m1mohammed1.github.io/orangeHRM/22/#testresult/472067f88d3934b5","status":"passed","time":{"start":1766705579917,"stop":1766705587524,"duration":7607}},{"uid":"ab882067e6b7b966","reportUrl":"https://m1mohammed1.github.io/orangeHRM/17/#testresult/ab882067e6b7b966","status":"passed","time":{"start":1766697615342,"stop":1766697622822,"duration":7480}},{"uid":"ca670c0543d6f536","reportUrl":"https://m1mohammed1.github.io/orangeHRM/16/#testresult/ca670c0543d6f536","status":"passed","time":{"start":1766631720266,"stop":1766631728660,"duration":8394}},{"uid":"ac4dea8603759e2f","reportUrl":"https://m1mohammed1.github.io/orangeHRM/15/#testresult/ac4dea8603759e2f","status":"passed","time":{"start":1766623932656,"stop":1766623940423,"duration":7767}},{"uid":"4a84a16dfce0f1a9","reportUrl":"https://m1mohammed1.github.io/orangeHRM/14/#testresult/4a84a16dfce0f1a9","status":"passed","time":{"start":1766620977518,"stop":1766620985790,"duration":8272}},{"uid":"cbd2fbe5eba58bc2","reportUrl":"https://m1mohammed1.github.io/orangeHRM/13/#testresult/cbd2fbe5eba58bc2","status":"passed","time":{"start":1766620195447,"stop":1766620202803,"duration":7356}},{"uid":"83b6dda17f666086","reportUrl":"https://m1mohammed1.github.io/orangeHRM/12/#testresult/83b6dda17f666086","status":"passed","time":{"start":1766616417282,"stop":1766616425026,"duration":7744}},{"uid":"527f8871636d30be","reportUrl":"https://m1mohammed1.github.io/orangeHRM/11/#testresult/527f8871636d30be","status":"passed","time":{"start":1766605681953,"stop":1766605689002,"duration":7049}},{"uid":"e0da139a97d3dc08","reportUrl":"https://m1mohammed1.github.io/orangeHRM/10/#testresult/e0da139a97d3dc08","status":"passed","time":{"start":1766597426658,"stop":1766597434536,"duration":7878}},{"uid":"1f5d7228e1beae3b","reportUrl":"https://m1mohammed1.github.io/orangeHRM/9/#testresult/1f5d7228e1beae3b","status":"failed","statusDetails":"Success message not displayed | Locator: By.xpath: //div[contains(@class, 'oxd-toast--success')]","time":{"start":1766595805852,"stop":1766595828277,"duration":22425}}]},"tags":[]},"source":"9926d8d498e6d13f.json","parameterValues":["edge"]}