{"uid":"aa04879bb6e7fa86","name":"TC01 - Verify Leave Type Lifecycle: Create, Verify, Delete","fullName":"project_orangehrm.Test.Leave_Configuration_Test.verifyLeaveType_Lifecycle_Success","historyId":"e91b0d1f5ca0a0906ec02b58573e7c07","time":{"start":1766624999744,"stop":1766625022301,"duration":22557},"status":"failed","statusMessage":"Record not found: Casual Leave - Test | Locator: By.xpath: //div[@role='row']//div[normalize-space()='Casual Leave - Test']","statusTrace":"java.lang.AssertionError: Record not found: Casual Leave - Test | Locator: By.xpath: //div[@role='row']//div[normalize-space()='Casual Leave - Test']\n\tat org.testng.Assert.fail(Assert.java:111)\n\tat project_orangehrm.Base.BasePage.assertVisible(BasePage.java:38)\n\tat project_orangehrm.Pages.CommonPage.verifyRecordVisible(CommonPage.java:299)\n\tat project_orangehrm.Pages.LeavePage.verifyRecordExists(LeavePage.java:114)\n\tat project_orangehrm.Test.Leave_Configuration_Test.verifyLeaveType_Lifecycle_Success(Leave_Configuration_Test.java:42)\n\tat java.base/jdk.internal.reflect.DirectMethodHandleAccessor.invoke(DirectMethodHandleAccessor.java:103)\n\tat java.base/java.lang.reflect.Method.invoke(Method.java:580)\n\tat org.testng.internal.invokers.MethodInvocationHelper.invokeMethod(MethodInvocationHelper.java:141)\n\tat org.testng.internal.invokers.TestInvoker.invokeMethod(TestInvoker.java:687)\n\tat org.testng.internal.invokers.TestInvoker.invokeTestMethod(TestInvoker.java:230)\n\tat org.testng.internal.invokers.MethodRunner.runInSequence(MethodRunner.java:63)\n\tat org.testng.internal.invokers.TestInvoker$MethodInvocationAgent.invoke(TestInvoker.java:995)\n\tat org.testng.internal.invokers.TestInvoker.invokeTestMethods(TestInvoker.java:203)\n\tat org.testng.internal.invokers.TestMethodWorker.invokeTestMethods(TestMethodWorker.java:154)\n\tat org.testng.internal.invokers.TestMethodWorker.run(TestMethodWorker.java:134)\n\tat java.base/java.util.concurrent.Executors$RunnableAdapter.call(Executors.java:572)\n\tat java.base/java.util.concurrent.FutureTask.run(FutureTask.java:317)\n\tat org.testng.internal.thread.graph.TestNGFutureTask.run(TestNGFutureTask.java:22)\n\tat java.base/java.util.concurrent.ThreadPoolExecutor.runWorker(ThreadPoolExecutor.java:1144)\n\tat java.base/java.util.concurrent.ThreadPoolExecutor$Worker.run(ThreadPoolExecutor.java:642)\n\tat java.base/java.lang.Thread.run(Thread.java:1583)\n","flaky":true,"newFailed":true,"newBroken":false,"newPassed":false,"retriesCount":1,"retriesStatusChange":true,"beforeStages":[{"name":"setUp","time":{"start":1766624996258,"stop":1766624997297,"duration":1039},"description":"","status":"passed","steps":[],"attachments":[],"parameters":[],"stepsCount":0,"shouldDisplayMessage":false,"attachmentsCount":0,"hasContent":false,"attachmentStep":false},{"name":"setup","time":{"start":1766624997299,"stop":1766624999743,"duration":2444},"description":"","status":"passed","steps":[],"attachments":[],"parameters":[],"stepsCount":0,"shouldDisplayMessage":false,"attachmentsCount":0,"hasContent":false,"attachmentStep":false}],"testStage":{"status":"failed","statusMessage":"Record not found: Casual Leave - Test | Locator: By.xpath: //div[@role='row']//div[normalize-space()='Casual Leave - Test']","statusTrace":"java.lang.AssertionError: Record not found: Casual Leave - Test | Locator: By.xpath: //div[@role='row']//div[normalize-space()='Casual Leave - Test']\n\tat org.testng.Assert.fail(Assert.java:111)\n\tat project_orangehrm.Base.BasePage.assertVisible(BasePage.java:38)\n\tat project_orangehrm.Pages.CommonPage.verifyRecordVisible(CommonPage.java:299)\n\tat project_orangehrm.Pages.LeavePage.verifyRecordExists(LeavePage.java:114)\n\tat project_orangehrm.Test.Leave_Configuration_Test.verifyLeaveType_Lifecycle_Success(Leave_Configuration_Test.java:42)\n\tat java.base/jdk.internal.reflect.DirectMethodHandleAccessor.invoke(DirectMethodHandleAccessor.java:103)\n\tat java.base/java.lang.reflect.Method.invoke(Method.java:580)\n\tat org.testng.internal.invokers.MethodInvocationHelper.invokeMethod(MethodInvocationHelper.java:141)\n\tat org.testng.internal.invokers.TestInvoker.invokeMethod(TestInvoker.java:687)\n\tat org.testng.internal.invokers.TestInvoker.invokeTestMethod(TestInvoker.java:230)\n\tat org.testng.internal.invokers.MethodRunner.runInSequence(MethodRunner.java:63)\n\tat org.testng.internal.invokers.TestInvoker$MethodInvocationAgent.invoke(TestInvoker.java:995)\n\tat org.testng.internal.invokers.TestInvoker.invokeTestMethods(TestInvoker.java:203)\n\tat org.testng.internal.invokers.TestMethodWorker.invokeTestMethods(TestMethodWorker.java:154)\n\tat org.testng.internal.invokers.TestMethodWorker.run(TestMethodWorker.java:134)\n\tat java.base/java.util.concurrent.Executors$RunnableAdapter.call(Executors.java:572)\n\tat java.base/java.util.concurrent.FutureTask.run(FutureTask.java:317)\n\tat org.testng.internal.thread.graph.TestNGFutureTask.run(TestNGFutureTask.java:22)\n\tat java.base/java.util.concurrent.ThreadPoolExecutor.runWorker(ThreadPoolExecutor.java:1144)\n\tat java.base/java.util.concurrent.ThreadPoolExecutor$Worker.run(ThreadPoolExecutor.java:642)\n\tat java.base/java.lang.Thread.run(Thread.java:1583)\n","steps":[],"attachments":[{"uid":"9e617c18bdc71f84","name":"SoftAssert_Failed - 2025-12-25T01:10:11.431091300","source":"9e617c18bdc71f84.png","type":"image/png","size":100991},{"uid":"f596eeff462b00e2","name":"Page Source","source":"f596eeff462b00e2.html","type":"text/html","size":308215}],"parameters":[],"stepsCount":0,"shouldDisplayMessage":true,"attachmentsCount":2,"hasContent":true,"attachmentStep":false},"afterStages":[{"name":"tearDown","time":{"start":1766625022302,"stop":1766625022746,"duration":444},"description":"","status":"passed","steps":[],"attachments":[{"uid":"8f398a855a50a2e8","name":"Screenshot Failure - verifyLeaveType_Lifecycle_Success","source":"8f398a855a50a2e8.png","type":"image/png","size":7424},{"uid":"9d0f86a7d721cb72","name":"Page Source","source":"9d0f86a7d721cb72.html","type":"text/html","size":14981}],"parameters":[],"stepsCount":0,"shouldDisplayMessage":false,"attachmentsCount":2,"hasContent":true,"attachmentStep":false}],"labels":[{"name":"package","value":"project_orangehrm.Test.Leave_Configuration_Test"},{"name":"testClass","value":"project_orangehrm.Test.Leave_Configuration_Test"},{"name":"testMethod","value":"verifyLeaveType_Lifecycle_Success"},{"name":"parentSuite","value":"OrangeHRM_E2E_Suite"},{"name":"suite","value":"Step4_Operational"},{"name":"subSuite","value":"project_orangehrm.Test.Leave_Configuration_Test"},{"name":"host","value":"runnervmh13bl"},{"name":"thread","value":"2280@runnervmh13bl.TestNG-test-Step4_Operational-1(2040)"},{"name":"framework","value":"testng"},{"name":"language","value":"java"},{"name":"resultFormat","value":"allure2"}],"parameters":[{"name":"browser","value":"edge"}],"links":[],"hidden":false,"retry":false,"extra":{"severity":"normal","retries":[{"uid":"a742abf7c25eee34","status":"passed","time":{"start":1766622691734,"stop":1766622707412,"duration":15678}}],"categories":[{"name":"Product defects","matchedStatuses":[],"flaky":false}],"history":{"statistic":{"failed":4,"broken":0,"skipped":0,"passed":1,"unknown":0,"total":5},"items":[{"uid":"d605e8622c96286e","reportUrl":"https://m1mohammed1.github.io/orangeHRM/13/#testresult/d605e8622c96286e","status":"passed","time":{"start":1766619031069,"stop":1766619048001,"duration":16932}},{"uid":"5806ecd762017e85","reportUrl":"https://m1mohammed1.github.io/orangeHRM/11/#testresult/5806ecd762017e85","status":"failed","statusDetails":"Success message not displayed | Locator: By.xpath: //div[contains(@class, 'oxd-toast--success')]","time":{"start":1766606334106,"stop":1766606345975,"duration":11869}},{"uid":"ca5f91c6296f362d","reportUrl":"https://m1mohammed1.github.io/orangeHRM/10/#testresult/ca5f91c6296f362d","status":"failed","statusDetails":"Success message not displayed | Locator: By.xpath: //div[contains(@class, 'oxd-toast--success')]","time":{"start":1766598186499,"stop":1766598198423,"duration":11924}},{"uid":"e4daca4eea7b94f0","reportUrl":"https://m1mohammed1.github.io/orangeHRM/9/#testresult/e4daca4eea7b94f0","status":"failed","statusDetails":"Success message not displayed | Locator: By.xpath: //div[contains(@class, 'oxd-toast--success')]","time":{"start":1766596252582,"stop":1766596275357,"duration":22775}}]},"tags":[]},"source":"aa04879bb6e7fa86.json","parameterValues":["edge"]}