{"uid":"af2e32f6c82ea91","name":"TC06 - Verify Reporting Method Lifecycle: Create, Verify","fullName":"project_orangehrm.Test.PIM_Configuration_Test.verifyReportingMethod_Lifecycle_Success","historyId":"e3530952a4de701afe0b7d651a1b47f9","time":{"start":1766770169759,"stop":1766770191423,"duration":21664},"status":"failed","statusMessage":"Record not found: Weekly Scrum Report | Locator: By.xpath: //div[@role='row']//div[normalize-space()='Weekly Scrum Report']","statusTrace":"java.lang.AssertionError: Record not found: Weekly Scrum Report | Locator: By.xpath: //div[@role='row']//div[normalize-space()='Weekly Scrum Report']\n\tat org.testng.Assert.fail(Assert.java:111)\n\tat project_orangehrm.Base.BasePage.assertVisible(BasePage.java:46)\n\tat project_orangehrm.Pages.CommonPage.verifyRecordVisible(CommonPage.java:311)\n\tat project_orangehrm.Pages.PIMPage.verifyRecordExists(PIMPage.java:158)\n\tat project_orangehrm.Test.PIM_Configuration_Test.verifyReportingMethod_Lifecycle_Success(PIM_Configuration_Test.java:103)\n\tat java.base/jdk.internal.reflect.DirectMethodHandleAccessor.invoke(DirectMethodHandleAccessor.java:103)\n\tat java.base/java.lang.reflect.Method.invoke(Method.java:580)\n\tat org.testng.internal.invokers.MethodInvocationHelper.invokeMethod(MethodInvocationHelper.java:141)\n\tat org.testng.internal.invokers.TestInvoker.invokeMethod(TestInvoker.java:687)\n\tat org.testng.internal.invokers.TestInvoker.invokeTestMethod(TestInvoker.java:230)\n\tat org.testng.internal.invokers.MethodRunner.runInSequence(MethodRunner.java:63)\n\tat org.testng.internal.invokers.TestInvoker$MethodInvocationAgent.invoke(TestInvoker.java:995)\n\tat org.testng.internal.invokers.TestInvoker.invokeTestMethods(TestInvoker.java:203)\n\tat org.testng.internal.invokers.TestMethodWorker.invokeTestMethods(TestMethodWorker.java:154)\n\tat org.testng.internal.invokers.TestMethodWorker.run(TestMethodWorker.java:134)\n\tat java.base/java.util.ArrayList.forEach(ArrayList.java:1596)\n\tat org.testng.TestRunner.privateRun(TestRunner.java:741)\n\tat org.testng.TestRunner.run(TestRunner.java:616)\n\tat org.testng.SuiteRunner.runTest(SuiteRunner.java:421)\n\tat org.testng.SuiteRunner.runSequentially(SuiteRunner.java:413)\n\tat org.testng.SuiteRunner.privateRun(SuiteRunner.java:373)\n\tat org.testng.SuiteRunner.run(SuiteRunner.java:312)\n\tat org.testng.SuiteRunnerWorker.runSuite(SuiteRunnerWorker.java:52)\n\tat org.testng.SuiteRunnerWorker.run(SuiteRunnerWorker.java:95)\n\tat org.testng.TestNG.runSuitesSequentially(TestNG.java:1274)\n\tat org.testng.TestNG.runSuitesLocally(TestNG.java:1208)\n\tat org.testng.TestNG.runSuites(TestNG.java:1112)\n\tat org.testng.TestNG.run(TestNG.java:1079)\n\tat org.apache.maven.surefire.testng.TestNGExecutor.run(TestNGExecutor.java:308)\n\tat org.apache.maven.surefire.testng.TestNGXmlTestSuite.execute(TestNGXmlTestSuite.java:71)\n\tat org.apache.maven.surefire.testng.TestNGProvider.invoke(TestNGProvider.java:113)\n\tat org.apache.maven.surefire.booter.ForkedBooter.runSuitesInProcess(ForkedBooter.java:385)\n\tat org.apache.maven.surefire.booter.ForkedBooter.execute(ForkedBooter.java:162)\n\tat org.apache.maven.surefire.booter.ForkedBooter.run(ForkedBooter.java:507)\n\tat org.apache.maven.surefire.booter.ForkedBooter.main(ForkedBooter.java:495)\n","flaky":false,"newFailed":false,"newBroken":false,"newPassed":false,"retriesCount":3,"retriesStatusChange":true,"beforeStages":[{"name":"setUp","time":{"start":1766770167262,"stop":1766770168001,"duration":739},"description":"","status":"passed","steps":[],"attachments":[],"parameters":[],"stepsCount":0,"shouldDisplayMessage":false,"attachmentsCount":0,"hasContent":false,"attachmentStep":false},{"name":"setup","time":{"start":1766770168001,"stop":1766770169758,"duration":1757},"description":"","status":"passed","steps":[],"attachments":[],"parameters":[],"stepsCount":0,"shouldDisplayMessage":false,"attachmentsCount":0,"hasContent":false,"attachmentStep":false}],"testStage":{"status":"failed","statusMessage":"Record not found: Weekly Scrum Report | Locator: By.xpath: //div[@role='row']//div[normalize-space()='Weekly Scrum Report']","statusTrace":"java.lang.AssertionError: Record not found: Weekly Scrum Report | Locator: By.xpath: //div[@role='row']//div[normalize-space()='Weekly Scrum Report']\n\tat org.testng.Assert.fail(Assert.java:111)\n\tat project_orangehrm.Base.BasePage.assertVisible(BasePage.java:46)\n\tat project_orangehrm.Pages.CommonPage.verifyRecordVisible(CommonPage.java:311)\n\tat project_orangehrm.Pages.PIMPage.verifyRecordExists(PIMPage.java:158)\n\tat project_orangehrm.Test.PIM_Configuration_Test.verifyReportingMethod_Lifecycle_Success(PIM_Configuration_Test.java:103)\n\tat java.base/jdk.internal.reflect.DirectMethodHandleAccessor.invoke(DirectMethodHandleAccessor.java:103)\n\tat java.base/java.lang.reflect.Method.invoke(Method.java:580)\n\tat org.testng.internal.invokers.MethodInvocationHelper.invokeMethod(MethodInvocationHelper.java:141)\n\tat org.testng.internal.invokers.TestInvoker.invokeMethod(TestInvoker.java:687)\n\tat org.testng.internal.invokers.TestInvoker.invokeTestMethod(TestInvoker.java:230)\n\tat org.testng.internal.invokers.MethodRunner.runInSequence(MethodRunner.java:63)\n\tat org.testng.internal.invokers.TestInvoker$MethodInvocationAgent.invoke(TestInvoker.java:995)\n\tat org.testng.internal.invokers.TestInvoker.invokeTestMethods(TestInvoker.java:203)\n\tat org.testng.internal.invokers.TestMethodWorker.invokeTestMethods(TestMethodWorker.java:154)\n\tat org.testng.internal.invokers.TestMethodWorker.run(TestMethodWorker.java:134)\n\tat java.base/java.util.ArrayList.forEach(ArrayList.java:1596)\n\tat org.testng.TestRunner.privateRun(TestRunner.java:741)\n\tat org.testng.TestRunner.run(TestRunner.java:616)\n\tat org.testng.SuiteRunner.runTest(SuiteRunner.java:421)\n\tat org.testng.SuiteRunner.runSequentially(SuiteRunner.java:413)\n\tat org.testng.SuiteRunner.privateRun(SuiteRunner.java:373)\n\tat org.testng.SuiteRunner.run(SuiteRunner.java:312)\n\tat org.testng.SuiteRunnerWorker.runSuite(SuiteRunnerWorker.java:52)\n\tat org.testng.SuiteRunnerWorker.run(SuiteRunnerWorker.java:95)\n\tat org.testng.TestNG.runSuitesSequentially(TestNG.java:1274)\n\tat org.testng.TestNG.runSuitesLocally(TestNG.java:1208)\n\tat org.testng.TestNG.runSuites(TestNG.java:1112)\n\tat org.testng.TestNG.run(TestNG.java:1079)\n\tat org.apache.maven.surefire.testng.TestNGExecutor.run(TestNGExecutor.java:308)\n\tat org.apache.maven.surefire.testng.TestNGXmlTestSuite.execute(TestNGXmlTestSuite.java:71)\n\tat org.apache.maven.surefire.testng.TestNGProvider.invoke(TestNGProvider.java:113)\n\tat org.apache.maven.surefire.booter.ForkedBooter.runSuitesInProcess(ForkedBooter.java:385)\n\tat org.apache.maven.surefire.booter.ForkedBooter.execute(ForkedBooter.java:162)\n\tat org.apache.maven.surefire.booter.ForkedBooter.run(ForkedBooter.java:507)\n\tat org.apache.maven.surefire.booter.ForkedBooter.main(ForkedBooter.java:495)\n","steps":[],"attachments":[{"uid":"8477681d41d735d7","name":"SoftAssert_Failed - 2025-12-26T17:29:41.285525183","source":"8477681d41d735d7.png","type":"image/png","size":95823},{"uid":"b75ae40d1c21a11e","name":"Page Source","source":"b75ae40d1c21a11e.html","type":"text/html","size":293467}],"parameters":[],"stepsCount":0,"shouldDisplayMessage":true,"attachmentsCount":2,"hasContent":true,"attachmentStep":false},"afterStages":[{"name":"tearDown","time":{"start":1766770191424,"stop":1766770191601,"duration":177},"description":"","status":"passed","steps":[],"attachments":[{"uid":"c41c1148a26e3314","name":"Screenshot Failure - verifyReportingMethod_Lifecycle_Success","source":"c41c1148a26e3314.png","type":"image/png","size":95823},{"uid":"3cda0b269e45c659","name":"Page Source","source":"3cda0b269e45c659.html","type":"text/html","size":293467}],"parameters":[],"stepsCount":0,"shouldDisplayMessage":false,"attachmentsCount":2,"hasContent":true,"attachmentStep":false}],"labels":[{"name":"package","value":"project_orangehrm.Test.PIM_Configuration_Test"},{"name":"testClass","value":"project_orangehrm.Test.PIM_Configuration_Test"},{"name":"testMethod","value":"verifyReportingMethod_Lifecycle_Success"},{"name":"parentSuite","value":"OrangeHRM_Strategic_Suite"},{"name":"suite","value":"Step2_PIM_User_Foundation"},{"name":"subSuite","value":"project_orangehrm.Test.PIM_Configuration_Test"},{"name":"host","value":"runnervmh13bl"},{"name":"thread","value":"2206@runnervmh13bl.main(1)"},{"name":"framework","value":"testng"},{"name":"language","value":"java"},{"name":"resultFormat","value":"allure2"}],"parameters":[{"name":"browser","value":"edge"}],"links":[],"hidden":false,"retry":false,"extra":{"severity":"normal","retries":[{"uid":"7b773a44f0824b07","status":"failed","statusDetails":"Record not found: Weekly Scrum Report | Locator: By.xpath: //div[@role='row']//div[normalize-space()='Weekly Scrum Report']","time":{"start":1766770169663,"stop":1766770191796,"duration":22133}},{"uid":"b03cad151af22fd6","status":"failed","statusDetails":"Record not found: Weekly Scrum Report | Locator: By.xpath: //div[@role='row']//div[normalize-space()='Weekly Scrum Report']","time":{"start":1766770068872,"stop":1766770090753,"duration":21881}},{"uid":"63629cedeffccad","status":"passed","time":{"start":1766767212462,"stop":1766767217624,"duration":5162}}],"categories":[{"name":"Product defects","matchedStatuses":[],"flaky":false}],"history":{"statistic":{"failed":6,"broken":0,"skipped":1,"passed":5,"unknown":0,"total":12},"items":[{"uid":"f721a5e008c5212a","reportUrl":"https://m1mohammed1.github.io/orangeHRM/24/#testresult/f721a5e008c5212a","status":"skipped","statusDetails":"Expected condition failed: waiting for project_orangehrm.Base.BasePage$$Lambda/0x00007fd2f83468a8@6c6928c (tried for 10 second(s) with 300 milliseconds interval)","time":{"start":1766763664827,"stop":1766763664827,"duration":0}},{"uid":"3bcb624a1df70f4","reportUrl":"https://m1mohammed1.github.io/orangeHRM/23/#testresult/3bcb624a1df70f4","status":"failed","statusDetails":"Record not found: Weekly Scrum Report | Locator: By.xpath: //div[@role='row']//div[normalize-space()='Weekly Scrum Report']","time":{"start":1766759983995,"stop":1766760006118,"duration":22123}},{"uid":"a843bf9a769456","reportUrl":"https://m1mohammed1.github.io/orangeHRM/22/#testresult/a843bf9a769456","status":"passed","time":{"start":1766705897191,"stop":1766705901926,"duration":4735}},{"uid":"9b2996ea3089da05","reportUrl":"https://m1mohammed1.github.io/orangeHRM/17/#testresult/9b2996ea3089da05","status":"passed","time":{"start":1766697942220,"stop":1766697947027,"duration":4807}},{"uid":"d7bbb1abc424dcb9","reportUrl":"https://m1mohammed1.github.io/orangeHRM/16/#testresult/d7bbb1abc424dcb9","status":"passed","time":{"start":1766632089436,"stop":1766632094642,"duration":5206}},{"uid":"6dd19e278fbeb776","reportUrl":"https://m1mohammed1.github.io/orangeHRM/15/#testresult/6dd19e278fbeb776","status":"failed","statusDetails":"Record not found: Weekly Scrum Report | Locator: By.xpath: //div[@role='row']//div[normalize-space()='Weekly Scrum Report']","time":{"start":1766624355683,"stop":1766624377454,"duration":21771}},{"uid":"d23c67cfee5b5a76","reportUrl":"https://m1mohammed1.github.io/orangeHRM/13/#testresult/d23c67cfee5b5a76","status":"failed","statusDetails":"Record not found: Weekly Scrum Report | Locator: By.xpath: //div[@role='row']//div[normalize-space()='Weekly Scrum Report']","time":{"start":1766618185694,"stop":1766618207383,"duration":21689}},{"uid":"bd1cd93f27c816dd","reportUrl":"https://m1mohammed1.github.io/orangeHRM/12/#testresult/bd1cd93f27c816dd","status":"passed","time":{"start":1766616759159,"stop":1766616763844,"duration":4685}},{"uid":"30386d2bafb7833","reportUrl":"https://m1mohammed1.github.io/orangeHRM/11/#testresult/30386d2bafb7833","status":"passed","time":{"start":1766605978161,"stop":1766605982568,"duration":4407}},{"uid":"65957d66b9a404c6","reportUrl":"https://m1mohammed1.github.io/orangeHRM/10/#testresult/65957d66b9a404c6","status":"failed","statusDetails":"Success message not displayed | Locator: By.xpath: //div[contains(@class, 'oxd-toast--success')]","time":{"start":1766597824656,"stop":1766597836365,"duration":11709}},{"uid":"b70c9b4e85b47d64","reportUrl":"https://m1mohammed1.github.io/orangeHRM/9/#testresult/b70c9b4e85b47d64","status":"failed","statusDetails":"Success message not displayed | Locator: By.xpath: //div[contains(@class, 'oxd-toast--success')]","time":{"start":1766596150965,"stop":1766596173268,"duration":22303}}]},"tags":[]},"source":"af2e32f6c82ea91.json","parameterValues":["edge"]}