{"uid":"b6ca9ac6f865baef","name":"TC20 - Verify error when creating a duplicate Membership","fullName":"project_orangehrm.Test.Admin_Qualifications_Test.verifyMemberships_DuplicateEntry_ShowError","historyId":"be5cd8db23babffbb76480993a183271","time":{"start":1766769904885,"stop":1766769926585,"duration":21700},"status":"broken","statusMessage":"Expected condition failed: waiting for element to be clickable: By.xpath: //button[normalize-space()='Add'] (tried for 10 second(s) with 300 milliseconds interval)\nBuild info: version: '4.37.0', revision: '3c1da1e342'\nSystem info: os.name: 'Linux', os.arch: 'amd64', os.version: '6.11.0-1018-azure', java.version: '21.0.9'\nDriver info: driver.version: unknown","statusTrace":"org.openqa.selenium.TimeoutException: Expected condition failed: waiting for element to be clickable: By.xpath: //button[normalize-space()='Add'] (tried for 10 second(s) with 300 milliseconds interval)\nBuild info: version: '4.37.0', revision: '3c1da1e342'\nSystem info: os.name: 'Linux', os.arch: 'amd64', os.version: '6.11.0-1018-azure', java.version: '21.0.9'\nDriver info: driver.version: unknown\n\tat org.openqa.selenium.support.ui.FluentWait.timeoutException(FluentWait.java:265)\n\tat org.openqa.selenium.support.ui.FluentWait.until(FluentWait.java:228)\n\tat project_orangehrm.Base.BasePage.clickWhenReady(BasePage.java:95)\n\tat project_orangehrm.Pages.CommonPage.add(CommonPage.java:181)\n\tat project_orangehrm.Pages.AdminPage.clickToAdd(AdminPage.java:77)\n\tat project_orangehrm.Test.Admin_Qualifications_Test.verifyMemberships_DuplicateEntry_ShowError(Admin_Qualifications_Test.java:359)\n\tat java.base/jdk.internal.reflect.DirectMethodHandleAccessor.invoke(DirectMethodHandleAccessor.java:103)\n\tat java.base/java.lang.reflect.Method.invoke(Method.java:580)\n\tat org.testng.internal.invokers.MethodInvocationHelper.invokeMethod(MethodInvocationHelper.java:141)\n\tat org.testng.internal.invokers.TestInvoker.invokeMethod(TestInvoker.java:687)\n\tat org.testng.internal.invokers.TestInvoker.invokeTestMethod(TestInvoker.java:230)\n\tat org.testng.internal.invokers.MethodRunner.runInSequence(MethodRunner.java:63)\n\tat org.testng.internal.invokers.TestInvoker$MethodInvocationAgent.invoke(TestInvoker.java:995)\n\tat org.testng.internal.invokers.TestInvoker.invokeTestMethods(TestInvoker.java:203)\n\tat org.testng.internal.invokers.TestMethodWorker.invokeTestMethods(TestMethodWorker.java:154)\n\tat org.testng.internal.invokers.TestMethodWorker.run(TestMethodWorker.java:134)\n\tat java.base/java.util.ArrayList.forEach(ArrayList.java:1596)\n\tat org.testng.TestRunner.privateRun(TestRunner.java:741)\n\tat org.testng.TestRunner.run(TestRunner.java:616)\n\tat org.testng.SuiteRunner.runTest(SuiteRunner.java:421)\n\tat org.testng.SuiteRunner.runSequentially(SuiteRunner.java:413)\n\tat org.testng.SuiteRunner.privateRun(SuiteRunner.java:373)\n\tat org.testng.SuiteRunner.run(SuiteRunner.java:312)\n\tat org.testng.SuiteRunnerWorker.runSuite(SuiteRunnerWorker.java:52)\n\tat org.testng.SuiteRunnerWorker.run(SuiteRunnerWorker.java:95)\n\tat org.testng.TestNG.runSuitesSequentially(TestNG.java:1274)\n\tat org.testng.TestNG.runSuitesLocally(TestNG.java:1208)\n\tat org.testng.TestNG.runSuites(TestNG.java:1112)\n\tat org.testng.TestNG.run(TestNG.java:1079)\n\tat org.apache.maven.surefire.testng.TestNGExecutor.run(TestNGExecutor.java:308)\n\tat org.apache.maven.surefire.testng.TestNGXmlTestSuite.execute(TestNGXmlTestSuite.java:71)\n\tat org.apache.maven.surefire.testng.TestNGProvider.invoke(TestNGProvider.java:113)\n\tat org.apache.maven.surefire.booter.ForkedBooter.runSuitesInProcess(ForkedBooter.java:385)\n\tat org.apache.maven.surefire.booter.ForkedBooter.execute(ForkedBooter.java:162)\n\tat org.apache.maven.surefire.booter.ForkedBooter.run(ForkedBooter.java:507)\n\tat org.apache.maven.surefire.booter.ForkedBooter.main(ForkedBooter.java:495)\n","flaky":false,"newFailed":false,"newBroken":true,"newPassed":false,"retriesCount":3,"retriesStatusChange":true,"beforeStages":[{"name":"setUp","time":{"start":1766769902191,"stop":1766769902980,"duration":789},"description":"","status":"passed","steps":[],"attachments":[],"parameters":[],"stepsCount":0,"shouldDisplayMessage":false,"attachmentsCount":0,"hasContent":false,"attachmentStep":false},{"name":"setup","time":{"start":1766769902981,"stop":1766769904883,"duration":1902},"description":"","status":"passed","steps":[],"attachments":[],"parameters":[],"stepsCount":0,"shouldDisplayMessage":false,"attachmentsCount":0,"hasContent":false,"attachmentStep":false}],"testStage":{"status":"broken","statusMessage":"Expected condition failed: waiting for element to be clickable: By.xpath: //button[normalize-space()='Add'] (tried for 10 second(s) with 300 milliseconds interval)\nBuild info: version: '4.37.0', revision: '3c1da1e342'\nSystem info: os.name: 'Linux', os.arch: 'amd64', os.version: '6.11.0-1018-azure', java.version: '21.0.9'\nDriver info: driver.version: unknown","statusTrace":"org.openqa.selenium.TimeoutException: Expected condition failed: waiting for element to be clickable: By.xpath: //button[normalize-space()='Add'] (tried for 10 second(s) with 300 milliseconds interval)\nBuild info: version: '4.37.0', revision: '3c1da1e342'\nSystem info: os.name: 'Linux', os.arch: 'amd64', os.version: '6.11.0-1018-azure', java.version: '21.0.9'\nDriver info: driver.version: unknown\n\tat org.openqa.selenium.support.ui.FluentWait.timeoutException(FluentWait.java:265)\n\tat org.openqa.selenium.support.ui.FluentWait.until(FluentWait.java:228)\n\tat project_orangehrm.Base.BasePage.clickWhenReady(BasePage.java:95)\n\tat project_orangehrm.Pages.CommonPage.add(CommonPage.java:181)\n\tat project_orangehrm.Pages.AdminPage.clickToAdd(AdminPage.java:77)\n\tat project_orangehrm.Test.Admin_Qualifications_Test.verifyMemberships_DuplicateEntry_ShowError(Admin_Qualifications_Test.java:359)\n\tat java.base/jdk.internal.reflect.DirectMethodHandleAccessor.invoke(DirectMethodHandleAccessor.java:103)\n\tat java.base/java.lang.reflect.Method.invoke(Method.java:580)\n\tat org.testng.internal.invokers.MethodInvocationHelper.invokeMethod(MethodInvocationHelper.java:141)\n\tat org.testng.internal.invokers.TestInvoker.invokeMethod(TestInvoker.java:687)\n\tat org.testng.internal.invokers.TestInvoker.invokeTestMethod(TestInvoker.java:230)\n\tat org.testng.internal.invokers.MethodRunner.runInSequence(MethodRunner.java:63)\n\tat org.testng.internal.invokers.TestInvoker$MethodInvocationAgent.invoke(TestInvoker.java:995)\n\tat org.testng.internal.invokers.TestInvoker.invokeTestMethods(TestInvoker.java:203)\n\tat org.testng.internal.invokers.TestMethodWorker.invokeTestMethods(TestMethodWorker.java:154)\n\tat org.testng.internal.invokers.TestMethodWorker.run(TestMethodWorker.java:134)\n\tat java.base/java.util.ArrayList.forEach(ArrayList.java:1596)\n\tat org.testng.TestRunner.privateRun(TestRunner.java:741)\n\tat org.testng.TestRunner.run(TestRunner.java:616)\n\tat org.testng.SuiteRunner.runTest(SuiteRunner.java:421)\n\tat org.testng.SuiteRunner.runSequentially(SuiteRunner.java:413)\n\tat org.testng.SuiteRunner.privateRun(SuiteRunner.java:373)\n\tat org.testng.SuiteRunner.run(SuiteRunner.java:312)\n\tat org.testng.SuiteRunnerWorker.runSuite(SuiteRunnerWorker.java:52)\n\tat org.testng.SuiteRunnerWorker.run(SuiteRunnerWorker.java:95)\n\tat org.testng.TestNG.runSuitesSequentially(TestNG.java:1274)\n\tat org.testng.TestNG.runSuitesLocally(TestNG.java:1208)\n\tat org.testng.TestNG.runSuites(TestNG.java:1112)\n\tat org.testng.TestNG.run(TestNG.java:1079)\n\tat org.apache.maven.surefire.testng.TestNGExecutor.run(TestNGExecutor.java:308)\n\tat org.apache.maven.surefire.testng.TestNGXmlTestSuite.execute(TestNGXmlTestSuite.java:71)\n\tat org.apache.maven.surefire.testng.TestNGProvider.invoke(TestNGProvider.java:113)\n\tat org.apache.maven.surefire.booter.ForkedBooter.runSuitesInProcess(ForkedBooter.java:385)\n\tat org.apache.maven.surefire.booter.ForkedBooter.execute(ForkedBooter.java:162)\n\tat org.apache.maven.surefire.booter.ForkedBooter.run(ForkedBooter.java:507)\n\tat org.apache.maven.surefire.booter.ForkedBooter.main(ForkedBooter.java:495)\n","steps":[],"attachments":[{"uid":"fecf799a684b90ac","name":"SoftAssert_Failed - 2025-12-26T17:25:16.453769082","source":"fecf799a684b90ac.png","type":"image/png","size":97554},{"uid":"840f28a4e14f58bb","name":"Page Source","source":"840f28a4e14f58bb.html","type":"text/html","size":294308}],"parameters":[],"stepsCount":0,"shouldDisplayMessage":true,"attachmentsCount":2,"hasContent":true,"attachmentStep":false},"afterStages":[{"name":"tearDown","time":{"start":1766769926586,"stop":1766769926763,"duration":177},"description":"","status":"passed","steps":[],"attachments":[{"uid":"2be56499a50ee909","name":"Screenshot Failure - verifyMemberships_DuplicateEntry_ShowError","source":"2be56499a50ee909.png","type":"image/png","size":97554},{"uid":"1093b86134fa13d2","name":"Page Source","source":"1093b86134fa13d2.html","type":"text/html","size":294308}],"parameters":[],"stepsCount":0,"shouldDisplayMessage":false,"attachmentsCount":2,"hasContent":true,"attachmentStep":false}],"labels":[{"name":"package","value":"project_orangehrm.Test.Admin_Qualifications_Test"},{"name":"testClass","value":"project_orangehrm.Test.Admin_Qualifications_Test"},{"name":"testMethod","value":"verifyMemberships_DuplicateEntry_ShowError"},{"name":"parentSuite","value":"OrangeHRM_Strategic_Suite"},{"name":"suite","value":"Step1_Hyper_Admin_PIM_Foundation"},{"name":"subSuite","value":"project_orangehrm.Test.Admin_Qualifications_Test"},{"name":"host","value":"runnervmh13bl"},{"name":"thread","value":"2206@runnervmh13bl.main(1)"},{"name":"framework","value":"testng"},{"name":"language","value":"java"},{"name":"resultFormat","value":"allure2"}],"parameters":[{"name":"browser","value":"edge"}],"links":[],"hidden":false,"retry":false,"extra":{"severity":"normal","retries":[{"uid":"802525d76dd9c6a8","status":"passed","time":{"start":1766769903140,"stop":1766769911704,"duration":8564}},{"uid":"64d5adb6b5ee1a35","status":"passed","time":{"start":1766769832099,"stop":1766769839744,"duration":7645}},{"uid":"ff9482f36420c437","status":"passed","time":{"start":1766766986471,"stop":1766766995326,"duration":8855}}],"categories":[{"name":"Test defects","matchedStatuses":[],"flaky":false}],"history":{"statistic":{"failed":0,"broken":1,"skipped":1,"passed":10,"unknown":0,"total":12},"items":[{"uid":"cd7a4b486ccdc114","reportUrl":"https://m1mohammed1.github.io/orangeHRM/24/#testresult/cd7a4b486ccdc114","status":"skipped","statusDetails":"Expected condition failed: waiting for project_orangehrm.Base.BasePage$$Lambda/0x00007fd2f83468a8@3cc9632d (tried for 10 second(s) with 300 milliseconds interval)","time":{"start":1766763630203,"stop":1766763630203,"duration":0}},{"uid":"542668a00fc9fe14","reportUrl":"https://m1mohammed1.github.io/orangeHRM/23/#testresult/542668a00fc9fe14","status":"passed","time":{"start":1766759716913,"stop":1766759725038,"duration":8125}},{"uid":"e8ca82adfeeb6141","reportUrl":"https://m1mohammed1.github.io/orangeHRM/22/#testresult/e8ca82adfeeb6141","status":"passed","time":{"start":1766705705770,"stop":1766705713287,"duration":7517}},{"uid":"4a65dc3e38f22889","reportUrl":"https://m1mohammed1.github.io/orangeHRM/17/#testresult/4a65dc3e38f22889","status":"passed","time":{"start":1766697744185,"stop":1766697751679,"duration":7494}},{"uid":"4383d711371a1ec9","reportUrl":"https://m1mohammed1.github.io/orangeHRM/16/#testresult/4383d711371a1ec9","status":"passed","time":{"start":1766631864515,"stop":1766631872925,"duration":8410}},{"uid":"67ceb525eb655126","reportUrl":"https://m1mohammed1.github.io/orangeHRM/15/#testresult/67ceb525eb655126","status":"passed","time":{"start":1766624112910,"stop":1766624120411,"duration":7501}},{"uid":"9deff2b4ee7b6814","reportUrl":"https://m1mohammed1.github.io/orangeHRM/13/#testresult/9deff2b4ee7b6814","status":"passed","time":{"start":1766620370317,"stop":1766620377674,"duration":7357}},{"uid":"de07392c7cb12d84","reportUrl":"https://m1mohammed1.github.io/orangeHRM/12/#testresult/de07392c7cb12d84","status":"passed","time":{"start":1766616545847,"stop":1766616553632,"duration":7785}},{"uid":"b0d2842cb733341e","reportUrl":"https://m1mohammed1.github.io/orangeHRM/11/#testresult/b0d2842cb733341e","status":"passed","time":{"start":1766605805837,"stop":1766605812584,"duration":6747}},{"uid":"c42fa803526b69a6","reportUrl":"https://m1mohammed1.github.io/orangeHRM/10/#testresult/c42fa803526b69a6","status":"passed","time":{"start":1766597587587,"stop":1766597595447,"duration":7860}},{"uid":"e3b56c28070f3ab5","reportUrl":"https://m1mohammed1.github.io/orangeHRM/9/#testresult/e3b56c28070f3ab5","status":"passed","time":{"start":1766596037296,"stop":1766596045194,"duration":7898}}]},"tags":[]},"source":"b6ca9ac6f865baef.json","parameterValues":["edge"]}