{"uid":"b80898e23eddce3a","name":"TC02 - Verify Personal Details Edit","fullName":"project_orangehrm.Test.PIM_EmployeeDetails_Test.verifyPersonalDetails_Edit_Success","historyId":"3b8307e0b498aa82ff1fb601a3252974","time":{"start":1766770312249,"stop":1766770325164,"duration":12915},"status":"broken","statusMessage":"Expected condition failed: waiting for project_orangehrm.Base.BasePage$$Lambda/0x00007f7ea43491b0@580e5082 (tried for 10 second(s) with 300 milliseconds interval)","statusTrace":"org.openqa.selenium.TimeoutException: Expected condition failed: waiting for project_orangehrm.Base.BasePage$$Lambda/0x00007f7ea43491b0@580e5082 (tried for 10 second(s) with 300 milliseconds interval)\n\tat org.openqa.selenium.support.ui.FluentWait.timeoutException(FluentWait.java:265)\n\tat org.openqa.selenium.support.ui.FluentWait.until(FluentWait.java:228)\n\tat project_orangehrm.Base.BasePage.typeText(BasePage.java:82)\n\tat project_orangehrm.Pages.CommonPage.type(CommonPage.java:364)\n\tat project_orangehrm.Pages.CommonPage.typeInField(CommonPage.java:85)\n\tat project_orangehrm.Pages.PIMPage.typeInDynamicField(PIMPage.java:62)\n\tat project_orangehrm.Test.PIM_EmployeeDetails_Test.verifyPersonalDetails_Edit_Success(PIM_EmployeeDetails_Test.java:52)\n\tat java.base/jdk.internal.reflect.DirectMethodHandleAccessor.invoke(DirectMethodHandleAccessor.java:103)\n\tat java.base/java.lang.reflect.Method.invoke(Method.java:580)\n\tat org.testng.internal.invokers.MethodInvocationHelper.invokeMethod(MethodInvocationHelper.java:141)\n\tat org.testng.internal.invokers.TestInvoker.invokeMethod(TestInvoker.java:687)\n\tat org.testng.internal.invokers.TestInvoker.invokeTestMethod(TestInvoker.java:230)\n\tat org.testng.internal.invokers.MethodRunner.runInSequence(MethodRunner.java:63)\n\tat org.testng.internal.invokers.TestInvoker$MethodInvocationAgent.invoke(TestInvoker.java:995)\n\tat org.testng.internal.invokers.TestInvoker.invokeTestMethods(TestInvoker.java:203)\n\tat org.testng.internal.invokers.TestMethodWorker.invokeTestMethods(TestMethodWorker.java:154)\n\tat org.testng.internal.invokers.TestMethodWorker.run(TestMethodWorker.java:134)\n\tat java.base/java.util.ArrayList.forEach(ArrayList.java:1596)\n\tat org.testng.TestRunner.privateRun(TestRunner.java:741)\n\tat org.testng.TestRunner.run(TestRunner.java:616)\n\tat org.testng.SuiteRunner.runTest(SuiteRunner.java:421)\n\tat org.testng.SuiteRunner.runSequentially(SuiteRunner.java:413)\n\tat org.testng.SuiteRunner.privateRun(SuiteRunner.java:373)\n\tat org.testng.SuiteRunner.run(SuiteRunner.java:312)\n\tat org.testng.SuiteRunnerWorker.runSuite(SuiteRunnerWorker.java:52)\n\tat org.testng.SuiteRunnerWorker.run(SuiteRunnerWorker.java:95)\n\tat org.testng.TestNG.runSuitesSequentially(TestNG.java:1274)\n\tat org.testng.TestNG.runSuitesLocally(TestNG.java:1208)\n\tat org.testng.TestNG.runSuites(TestNG.java:1112)\n\tat org.testng.TestNG.run(TestNG.java:1079)\n\tat org.apache.maven.surefire.testng.TestNGExecutor.run(TestNGExecutor.java:308)\n\tat org.apache.maven.surefire.testng.TestNGXmlTestSuite.execute(TestNGXmlTestSuite.java:71)\n\tat org.apache.maven.surefire.testng.TestNGProvider.invoke(TestNGProvider.java:113)\n\tat org.apache.maven.surefire.booter.ForkedBooter.runSuitesInProcess(ForkedBooter.java:385)\n\tat org.apache.maven.surefire.booter.ForkedBooter.execute(ForkedBooter.java:162)\n\tat org.apache.maven.surefire.booter.ForkedBooter.run(ForkedBooter.java:507)\n\tat org.apache.maven.surefire.booter.ForkedBooter.main(ForkedBooter.java:495)\nCaused by: org.openqa.selenium.InvalidSelectorException: invalid selector: Unable to locate an element with the xpath expression //label[normalize-space()='Driver's License Number']/../following-sibling::div//input because of the following error:\nSyntaxError: Failed to execute 'evaluate' on 'Document': The string '//label[normalize-space()='Driver's License Number']/../following-sibling::div//input' is not a valid XPath expression.\n  (Session info: chrome=143.0.7499.109)\nFor documentation on this error, please visit: https://www.selenium.dev/documentation/webdriver/troubleshooting/errors#invalidselectorexception\nBuild info: version: '4.37.0', revision: '3c1da1e342'\nSystem info: os.name: 'Linux', os.arch: 'amd64', os.version: '6.11.0-1018-azure', java.version: '21.0.9'\nDriver info: org.openqa.selenium.chrome.ChromeDriver\nCommand: [58a7bc092042815d7de47d3f62643cc1, findElement {value=//label[normalize-space()='Driver's License Number']/../following-sibling::div//input, using=xpath}]\nCapabilities {acceptInsecureCerts: false, browserName: chrome, browserVersion: 143.0.7499.109, chrome: {chromedriverVersion: 143.0.7499.42 (24bdc8c48a0c..., userDataDir: /tmp/.org.chromium.Chromium...}, fedcm:accounts: true, goog:chromeOptions: {debuggerAddress: localhost:42257}, goog:processID: 17374, networkConnectionEnabled: false, pageLoadStrategy: normal, platformName: linux, proxy: Proxy(), se:cdp: ws://localhost:42257/devtoo..., se:cdpVersion: 143.0.7499.109, setWindowRect: true, strictFileInteractability: false, timeouts: {implicit: 0, pageLoad: 300000, script: 30000}, unhandledPromptBehavior: dismiss and notify, webauthn:extension:credBlob: true, webauthn:extension:largeBlob: true, webauthn:extension:minPinLength: true, webauthn:extension:prf: true, webauthn:virtualAuthenticators: true}\nSession ID: 58a7bc092042815d7de47d3f62643cc1\n\tat java.base/jdk.internal.reflect.DirectConstructorHandleAccessor.newInstance(DirectConstructorHandleAccessor.java:62)\n\tat java.base/java.lang.reflect.Constructor.newInstanceWithCaller(Constructor.java:502)\n\tat java.base/java.lang.reflect.Constructor.newInstance(Constructor.java:486)\n\tat org.openqa.selenium.remote.ErrorCodec.decode(ErrorCodec.java:167)\n\tat org.openqa.selenium.remote.codec.w3c.W3CHttpResponseCodec.decode(W3CHttpResponseCodec.java:138)\n\tat org.openqa.selenium.remote.codec.w3c.W3CHttpResponseCodec.decode(W3CHttpResponseCodec.java:50)\n\tat org.openqa.selenium.remote.HttpCommandExecutor.execute(HttpCommandExecutor.java:215)\n\tat org.openqa.selenium.remote.service.DriverCommandExecutor.invokeExecute(DriverCommandExecutor.java:216)\n\tat org.openqa.selenium.remote.service.DriverCommandExecutor.execute(DriverCommandExecutor.java:174)\n\tat org.openqa.selenium.remote.RemoteWebDriver.execute(RemoteWebDriver.java:557)\n\tat org.openqa.selenium.remote.ElementLocation$ElementFinder$2.findElement(ElementLocation.java:165)\n\tat org.openqa.selenium.remote.ElementLocation.findElement(ElementLocation.java:59)\n\tat org.openqa.selenium.remote.RemoteWebDriver.findElement(RemoteWebDriver.java:380)\n\tat org.openqa.selenium.remote.RemoteWebDriver.findElement(RemoteWebDriver.java:374)\n\tat project_orangehrm.Base.BasePage.lambda$typeText$0(BasePage.java:83)\n\tat org.openqa.selenium.support.ui.FluentWait.until(FluentWait.java:203)\n\t... 35 more\n","flaky":false,"newFailed":false,"newBroken":false,"newPassed":false,"retriesCount":3,"retriesStatusChange":false,"beforeStages":[{"name":"setUp","time":{"start":1766770308661,"stop":1766770310078,"duration":1417},"description":"","status":"passed","steps":[],"attachments":[],"parameters":[],"stepsCount":0,"shouldDisplayMessage":false,"attachmentsCount":0,"hasContent":false,"attachmentStep":false},{"name":"setup","time":{"start":1766770310079,"stop":1766770312247,"duration":2168},"description":"","status":"passed","steps":[],"attachments":[],"parameters":[],"stepsCount":0,"shouldDisplayMessage":false,"attachmentsCount":0,"hasContent":false,"attachmentStep":false}],"afterStages":[{"name":"tearDown","time":{"start":1766770325164,"stop":1766770325357,"duration":193},"description":"","status":"passed","steps":[],"attachments":[{"uid":"3db9797dc0d6d746","name":"Screenshot Failure - verifyPersonalDetails_Edit_Success","source":"3db9797dc0d6d746.png","type":"image/png","size":139430},{"uid":"ea1c2cd2341d9cbe","name":"Page Source","source":"ea1c2cd2341d9cbe.html","type":"text/html","size":309928}],"parameters":[],"stepsCount":0,"shouldDisplayMessage":false,"attachmentsCount":2,"hasContent":true,"attachmentStep":false}],"labels":[{"name":"package","value":"project_orangehrm.Test.PIM_EmployeeDetails_Test"},{"name":"testClass","value":"project_orangehrm.Test.PIM_EmployeeDetails_Test"},{"name":"testMethod","value":"verifyPersonalDetails_Edit_Success"},{"name":"parentSuite","value":"OrangeHRM_Strategic_Suite"},{"name":"suite","value":"Step2_PIM_User_Foundation"},{"name":"subSuite","value":"project_orangehrm.Test.PIM_EmployeeDetails_Test"},{"name":"host","value":"runnervmh13bl"},{"name":"thread","value":"2336@runnervmh13bl.main(1)"},{"name":"framework","value":"testng"},{"name":"language","value":"java"},{"name":"resultFormat","value":"allure2"}],"parameters":[{"name":"browser","value":"edge"}],"links":[],"hidden":false,"retry":false,"extra":{"severity":"normal","retries":[{"uid":"3bd21a24a7fa5335","status":"broken","statusDetails":"Expected condition failed: waiting for project_orangehrm.Base.BasePage$$Lambda/0x00007f07d0348d50@2bb7a2cb (tried for 10 second(s) with 300 milliseconds interval)","time":{"start":1766770284056,"stop":1766770296619,"duration":12563}},{"uid":"b6fd70f8c6f791b7","status":"broken","statusDetails":"Expected condition failed: waiting for project_orangehrm.Base.BasePage$$Lambda/0x00007f53f8344bd0@116ae9ac (tried for 10 second(s) with 300 milliseconds interval)","time":{"start":1766770189499,"stop":1766770202138,"duration":12639}},{"uid":"d3fdcaa4bfddd38e","status":"broken","statusDetails":"Expected condition failed: waiting for project_orangehrm.Base.BasePage$$Lambda/0x00007f8abc346ae0@1026d905 (tried for 10 second(s) with 300 milliseconds interval)","time":{"start":1766767303527,"stop":1766767316288,"duration":12761}}],"categories":[{"name":"Test defects","matchedStatuses":[],"flaky":false}],"history":{"statistic":{"failed":0,"broken":8,"skipped":1,"passed":0,"unknown":0,"total":9},"items":[{"uid":"cbee5636843a3aad","reportUrl":"https://m1mohammed1.github.io/orangeHRM/24/#testresult/cbee5636843a3aad","status":"skipped","statusDetails":"Expected condition failed: waiting for project_orangehrm.Base.BasePage$$Lambda/0x00007fd2f83468a8@5ed31735 (tried for 10 second(s) with 300 milliseconds interval)","time":{"start":1766763676348,"stop":1766763676348,"duration":0}},{"uid":"f8bc92ba6574dead","reportUrl":"https://m1mohammed1.github.io/orangeHRM/23/#testresult/f8bc92ba6574dead","status":"broken","statusDetails":"Expected condition failed: waiting for project_orangehrm.Base.BasePage$$Lambda/0x00007f0d70348d50@7a139c99 (tried for 10 second(s) with 300 milliseconds interval)","time":{"start":1766760109353,"stop":1766760122134,"duration":12781}},{"uid":"be7799285fef6dc9","reportUrl":"https://m1mohammed1.github.io/orangeHRM/22/#testresult/be7799285fef6dc9","status":"broken","statusDetails":"Expected condition failed: waiting for project_orangehrm.Base.BasePage$$Lambda/0x00007ff0b0346ae0@52c5fdb2 (tried for 10 second(s) with 300 milliseconds interval)","time":{"start":1766705980283,"stop":1766705992762,"duration":12479}},{"uid":"91047a1fe20404e5","reportUrl":"https://m1mohammed1.github.io/orangeHRM/17/#testresult/91047a1fe20404e5","status":"broken","statusDetails":"Expected condition failed: waiting for project_orangehrm.Base.BasePage$$Lambda/0x00007fad88345248@6953622d (tried for 10 second(s) with 300 milliseconds interval)","time":{"start":1766698025664,"stop":1766698038204,"duration":12540}},{"uid":"4387415fd06acb03","reportUrl":"https://m1mohammed1.github.io/orangeHRM/16/#testresult/4387415fd06acb03","status":"broken","statusDetails":"Expected condition failed: waiting for project_orangehrm.Base.BasePage$$Lambda/0x00007f21583491b0@5d16d111 (tried for 10 second(s) with 300 milliseconds interval)","time":{"start":1766632250705,"stop":1766632263639,"duration":12934}},{"uid":"7a508ecab70c9ba2","reportUrl":"https://m1mohammed1.github.io/orangeHRM/15/#testresult/7a508ecab70c9ba2","status":"broken","statusDetails":"Expected condition failed: waiting for project_orangehrm.Base.BasePage$$Lambda/0x00007fe4bc3491b0@3805ebbe (tried for 10 second(s) with 300 milliseconds interval)","time":{"start":1766624556831,"stop":1766624569183,"duration":12352}},{"uid":"844f16adcc677e05","reportUrl":"https://m1mohammed1.github.io/orangeHRM/13/#testresult/844f16adcc677e05","status":"broken","statusDetails":"Expected condition failed: waiting for project_orangehrm.Base.BasePage$$Lambda/0x00007f5fd43477d8@79683cc8 (tried for 10 second(s) with 300 milliseconds interval)","time":{"start":1766618368025,"stop":1766618380546,"duration":12521}},{"uid":"68daa5a11fb4ad5a","reportUrl":"https://m1mohammed1.github.io/orangeHRM/12/#testresult/68daa5a11fb4ad5a","status":"broken","statusDetails":"Expected condition failed: waiting for project_orangehrm.Base.BasePage$$Lambda/0x00007fb3d43491b0@2411acc4 (tried for 10 second(s) with 300 milliseconds interval)","time":{"start":1766616873971,"stop":1766616886599,"duration":12628}}]},"tags":[]},"source":"b80898e23eddce3a.json","parameterValues":["edge"]}