{"uid":"b8fe7bd0ff46a880","name":"TC02 - Verify Canceling Purge Action in Modal","fullName":"project_orangehrm.Test.Maintenance_Safety_Test.verifyPurge_Modal_Cancel","historyId":"c80913077cb0d454cb79c162dd17e5a5","time":{"start":1766772299513,"stop":1766772311506,"duration":11993},"status":"broken","statusMessage":"Expected condition failed: waiting for project_orangehrm.Base.BasePage$$Lambda/0x00007f7ea43491b0@5ba2111 (tried for 10 second(s) with 300 milliseconds interval)","statusTrace":"org.openqa.selenium.TimeoutException: Expected condition failed: waiting for project_orangehrm.Base.BasePage$$Lambda/0x00007f7ea43491b0@5ba2111 (tried for 10 second(s) with 300 milliseconds interval)\n\tat org.openqa.selenium.support.ui.FluentWait.timeoutException(FluentWait.java:265)\n\tat org.openqa.selenium.support.ui.FluentWait.until(FluentWait.java:228)\n\tat project_orangehrm.Base.BasePage.typeText(BasePage.java:82)\n\tat project_orangehrm.Pages.CommonPage.type(CommonPage.java:364)\n\tat project_orangehrm.Pages.CommonPage.typeInField(CommonPage.java:85)\n\tat project_orangehrm.Pages.MaintenancePage.typeInDynamicField(MaintenancePage.java:87)\n\tat project_orangehrm.Test.Maintenance_Safety_Test.verifyPurge_Modal_Cancel(Maintenance_Safety_Test.java:45)\n\tat java.base/jdk.internal.reflect.DirectMethodHandleAccessor.invoke(DirectMethodHandleAccessor.java:103)\n\tat java.base/java.lang.reflect.Method.invoke(Method.java:580)\n\tat org.testng.internal.invokers.MethodInvocationHelper.invokeMethod(MethodInvocationHelper.java:141)\n\tat org.testng.internal.invokers.TestInvoker.invokeMethod(TestInvoker.java:687)\n\tat org.testng.internal.invokers.TestInvoker.invokeTestMethod(TestInvoker.java:230)\n\tat org.testng.internal.invokers.MethodRunner.runInSequence(MethodRunner.java:63)\n\tat org.testng.internal.invokers.TestInvoker$MethodInvocationAgent.invoke(TestInvoker.java:995)\n\tat org.testng.internal.invokers.TestInvoker.invokeTestMethods(TestInvoker.java:203)\n\tat org.testng.internal.invokers.TestMethodWorker.invokeTestMethods(TestMethodWorker.java:154)\n\tat org.testng.internal.invokers.TestMethodWorker.run(TestMethodWorker.java:134)\n\tat java.base/java.util.concurrent.Executors$RunnableAdapter.call(Executors.java:572)\n\tat java.base/java.util.concurrent.FutureTask.run(FutureTask.java:317)\n\tat org.testng.internal.thread.graph.TestNGFutureTask.run(TestNGFutureTask.java:22)\n\tat java.base/java.util.concurrent.ThreadPoolExecutor.runWorker(ThreadPoolExecutor.java:1144)\n\tat java.base/java.util.concurrent.ThreadPoolExecutor$Worker.run(ThreadPoolExecutor.java:642)\n\tat java.base/java.lang.Thread.run(Thread.java:1583)\nCaused by: org.openqa.selenium.NoSuchElementException: no such element: Unable to locate element: {\"method\":\"xpath\",\"selector\":\"//label[normalize-space()='Employee Name']/../following-sibling::div//input\"}\n  (Session info: chrome=143.0.7499.109)\nFor documentation on this error, please visit: https://www.selenium.dev/documentation/webdriver/troubleshooting/errors#nosuchelementexception\nBuild info: version: '4.37.0', revision: '3c1da1e342'\nSystem info: os.name: 'Linux', os.arch: 'amd64', os.version: '6.11.0-1018-azure', java.version: '21.0.9'\nDriver info: org.openqa.selenium.chrome.ChromeDriver\nCommand: [6c48b425bdf8162aade1acb4e04ed278, findElement {value=//label[normalize-space()='Employee Name']/../following-sibling::div//input, using=xpath}]\nCapabilities {acceptInsecureCerts: false, browserName: chrome, browserVersion: 143.0.7499.109, chrome: {chromedriverVersion: 143.0.7499.42 (24bdc8c48a0c..., userDataDir: /tmp/.org.chromium.Chromium...}, fedcm:accounts: true, goog:chromeOptions: {debuggerAddress: localhost:37439}, goog:processID: 55464, networkConnectionEnabled: false, pageLoadStrategy: normal, platformName: linux, proxy: Proxy(), se:cdp: ws://localhost:37439/devtoo..., se:cdpVersion: 143.0.7499.109, setWindowRect: true, strictFileInteractability: false, timeouts: {implicit: 0, pageLoad: 300000, script: 30000}, unhandledPromptBehavior: dismiss and notify, webauthn:extension:credBlob: true, webauthn:extension:largeBlob: true, webauthn:extension:minPinLength: true, webauthn:extension:prf: true, webauthn:virtualAuthenticators: true}\nSession ID: 6c48b425bdf8162aade1acb4e04ed278\n\tat java.base/jdk.internal.reflect.DirectConstructorHandleAccessor.newInstance(DirectConstructorHandleAccessor.java:62)\n\tat java.base/java.lang.reflect.Constructor.newInstanceWithCaller(Constructor.java:502)\n\tat java.base/java.lang.reflect.Constructor.newInstance(Constructor.java:486)\n\tat org.openqa.selenium.remote.ErrorCodec.decode(ErrorCodec.java:167)\n\tat org.openqa.selenium.remote.codec.w3c.W3CHttpResponseCodec.decode(W3CHttpResponseCodec.java:138)\n\tat org.openqa.selenium.remote.codec.w3c.W3CHttpResponseCodec.decode(W3CHttpResponseCodec.java:50)\n\tat org.openqa.selenium.remote.HttpCommandExecutor.execute(HttpCommandExecutor.java:215)\n\tat org.openqa.selenium.remote.service.DriverCommandExecutor.invokeExecute(DriverCommandExecutor.java:216)\n\tat org.openqa.selenium.remote.service.DriverCommandExecutor.execute(DriverCommandExecutor.java:174)\n\tat org.openqa.selenium.remote.RemoteWebDriver.execute(RemoteWebDriver.java:557)\n\tat org.openqa.selenium.remote.ElementLocation$ElementFinder$2.findElement(ElementLocation.java:165)\n\tat org.openqa.selenium.remote.ElementLocation.findElement(ElementLocation.java:59)\n\tat org.openqa.selenium.remote.RemoteWebDriver.findElement(RemoteWebDriver.java:380)\n\tat org.openqa.selenium.remote.RemoteWebDriver.findElement(RemoteWebDriver.java:374)\n\tat project_orangehrm.Base.BasePage.lambda$typeText$0(BasePage.java:83)\n\tat org.openqa.selenium.support.ui.FluentWait.until(FluentWait.java:203)\n\t... 21 more\n","flaky":false,"newFailed":false,"newBroken":false,"newPassed":false,"retriesCount":2,"retriesStatusChange":false,"beforeStages":[{"name":"setUp","time":{"start":1766772295665,"stop":1766772297117,"duration":1452},"description":"","status":"passed","steps":[],"attachments":[],"parameters":[],"stepsCount":0,"shouldDisplayMessage":false,"attachmentsCount":0,"hasContent":false,"attachmentStep":false},{"name":"setup","time":{"start":1766772297118,"stop":1766772299512,"duration":2394},"description":"","status":"passed","steps":[],"attachments":[],"parameters":[],"stepsCount":0,"shouldDisplayMessage":false,"attachmentsCount":0,"hasContent":false,"attachmentStep":false}],"afterStages":[{"name":"tearDown","time":{"start":1766772311507,"stop":1766772311778,"duration":271},"description":"","status":"passed","steps":[],"attachments":[{"uid":"e4b5dc376136b7ed","name":"Screenshot Failure - verifyPurge_Modal_Cancel","source":"e4b5dc376136b7ed.png","type":"image/png","size":112192},{"uid":"3612b3eb738372fd","name":"Page Source","source":"3612b3eb738372fd.html","type":"text/html","size":294198}],"parameters":[],"stepsCount":0,"shouldDisplayMessage":false,"attachmentsCount":2,"hasContent":true,"attachmentStep":false}],"labels":[{"name":"package","value":"project_orangehrm.Test.Maintenance_Safety_Test"},{"name":"testClass","value":"project_orangehrm.Test.Maintenance_Safety_Test"},{"name":"testMethod","value":"verifyPurge_Modal_Cancel"},{"name":"parentSuite","value":"OrangeHRM_Strategic_Suite"},{"name":"suite","value":"Step6_Maintenance_Safety"},{"name":"subSuite","value":"project_orangehrm.Test.Maintenance_Safety_Test"},{"name":"host","value":"runnervmh13bl"},{"name":"thread","value":"2336@runnervmh13bl.TestNG-test-Step6_Maintenance_Safety-1(4353)"},{"name":"framework","value":"testng"},{"name":"language","value":"java"},{"name":"resultFormat","value":"allure2"}],"parameters":[{"name":"browser","value":"edge"}],"links":[],"hidden":false,"retry":false,"extra":{"severity":"normal","retries":[{"uid":"91d55ccc08c0bc9e","status":"broken","statusDetails":"Expected condition failed: waiting for project_orangehrm.Base.BasePage$$Lambda/0x00007f07d0348d50@5ba2111 (tried for 10 second(s) with 300 milliseconds interval)","time":{"start":1766772053687,"stop":1766772065290,"duration":11603}},{"uid":"2e4b46153591ec42","status":"broken","statusDetails":"Expected condition failed: waiting for project_orangehrm.Base.BasePage$$Lambda/0x00007f53f8344bd0@17ef3ff (tried for 10 second(s) with 300 milliseconds interval)","time":{"start":1766772020129,"stop":1766772031909,"duration":11780}}],"categories":[{"name":"Test defects","matchedStatuses":[],"flaky":false}],"history":{"statistic":{"failed":0,"broken":9,"skipped":1,"passed":0,"unknown":0,"total":10},"items":[{"uid":"8a0f8e26be3ef24a","reportUrl":"https://m1mohammed1.github.io/orangeHRM/24/#testresult/8a0f8e26be3ef24a","status":"skipped","statusDetails":"Expected condition failed: waiting for project_orangehrm.Base.BasePage$$Lambda/0x00007fd2f83468a8@258d2b03 (tried for 10 second(s) with 300 milliseconds interval)","time":{"start":1766763955115,"stop":1766763955115,"duration":0}},{"uid":"4bdfc651e75999b7","reportUrl":"https://m1mohammed1.github.io/orangeHRM/23/#testresult/4bdfc651e75999b7","status":"broken","statusDetails":"Expected condition failed: waiting for project_orangehrm.Base.BasePage$$Lambda/0x00007f0d70348d50@16888462 (tried for 10 second(s) with 300 milliseconds interval)","time":{"start":1766762148272,"stop":1766762160209,"duration":11937}},{"uid":"693497292327de5d","reportUrl":"https://m1mohammed1.github.io/orangeHRM/22/#testresult/693497292327de5d","status":"broken","statusDetails":"Expected condition failed: waiting for project_orangehrm.Base.BasePage$$Lambda/0x00007ff0b0346ae0@2d882860 (tried for 10 second(s) with 300 milliseconds interval)","time":{"start":1766707131987,"stop":1766707143701,"duration":11714}},{"uid":"2dacce70cd5d0eb7","reportUrl":"https://m1mohammed1.github.io/orangeHRM/17/#testresult/2dacce70cd5d0eb7","status":"broken","statusDetails":"Expected condition failed: waiting for project_orangehrm.Base.BasePage$$Lambda/0x00007f869c348d50@4d1451b3 (tried for 10 second(s) with 300 milliseconds interval)","time":{"start":1766696906637,"stop":1766696918555,"duration":11918}},{"uid":"5b0cefe2f459c911","reportUrl":"https://m1mohammed1.github.io/orangeHRM/16/#testresult/5b0cefe2f459c911","status":"broken","statusDetails":"Expected condition failed: waiting for project_orangehrm.Base.BasePage$$Lambda/0x00007fecbc344bd0@71c95ea0 (tried for 10 second(s) with 300 milliseconds interval)","time":{"start":1766631010326,"stop":1766631022022,"duration":11696}},{"uid":"36b613cdf8e2705e","reportUrl":"https://m1mohammed1.github.io/orangeHRM/15/#testresult/36b613cdf8e2705e","status":"broken","statusDetails":"Expected condition failed: waiting for project_orangehrm.Base.BasePage$$Lambda/0x00007f5b9c346ae0@63c7a852 (tried for 10 second(s) with 300 milliseconds interval)","time":{"start":1766623241161,"stop":1766623252795,"duration":11634}},{"uid":"5ea83bd82a1417","reportUrl":"https://m1mohammed1.github.io/orangeHRM/13/#testresult/5ea83bd82a1417","status":"broken","statusDetails":"Expected condition failed: waiting for project_orangehrm.Base.BasePage$$Lambda/0x00007f5fd43477d8@72619bac (tried for 10 second(s) with 300 milliseconds interval)","time":{"start":1766619563666,"stop":1766619575385,"duration":11719}},{"uid":"33537e3b8afcc5f2","reportUrl":"https://m1mohammed1.github.io/orangeHRM/11/#testresult/33537e3b8afcc5f2","status":"broken","statusDetails":"Expected condition failed: waiting for project_orangehrm.Base.BasePage$$Lambda/0x00007f45e8346660@2edc1847 (tried for 5 second(s) with 300 milliseconds interval)","time":{"start":1766605053272,"stop":1766605064779,"duration":11507}},{"uid":"3f0ffb57ad666898","reportUrl":"https://m1mohammed1.github.io/orangeHRM/9/#testresult/3f0ffb57ad666898","status":"broken","statusDetails":"Expected condition failed: waiting for project_orangehrm.Base.BasePage$$Lambda/0x00007f150836efd8@6c5d2c4b (tried for 15 second(s) with 300 milliseconds interval)","time":{"start":1766596758324,"stop":1766596780308,"duration":21984}}]},"tags":[]},"source":"b8fe7bd0ff46a880.json","parameterValues":["edge"]}