{"uid":"beebe1c6b5f45f59","name":"TC13 - Verify Language Lifecycle: Create","fullName":"project_orangehrm.Test.Admin_Qualifications_Test.verifyLanguages_Lifecycle_Success","historyId":"2a37ef11e024d9362264e55a9f919265","time":{"start":1766623996194,"stop":1766624017890,"duration":21696},"status":"failed","statusMessage":"Record not found: German-Arabic | Locator: By.xpath: //div[@role='row']//div[normalize-space()='German-Arabic']","statusTrace":"java.lang.AssertionError: Record not found: German-Arabic | Locator: By.xpath: //div[@role='row']//div[normalize-space()='German-Arabic']\n\tat org.testng.Assert.fail(Assert.java:111)\n\tat project_orangehrm.Base.BasePage.assertVisible(BasePage.java:38)\n\tat project_orangehrm.Pages.CommonPage.verifyRecordVisible(CommonPage.java:299)\n\tat project_orangehrm.Pages.AdminPage.verifyRecordExists(AdminPage.java:127)\n\tat project_orangehrm.Test.Admin_Qualifications_Test.verifyLanguages_Lifecycle_Success(Admin_Qualifications_Test.java:241)\n\tat java.base/jdk.internal.reflect.DirectMethodHandleAccessor.invoke(DirectMethodHandleAccessor.java:103)\n\tat java.base/java.lang.reflect.Method.invoke(Method.java:580)\n\tat org.testng.internal.invokers.MethodInvocationHelper.invokeMethod(MethodInvocationHelper.java:141)\n\tat org.testng.internal.invokers.TestInvoker.invokeMethod(TestInvoker.java:687)\n\tat org.testng.internal.invokers.TestInvoker.invokeTestMethod(TestInvoker.java:230)\n\tat org.testng.internal.invokers.MethodRunner.runInSequence(MethodRunner.java:63)\n\tat org.testng.internal.invokers.TestInvoker$MethodInvocationAgent.invoke(TestInvoker.java:995)\n\tat org.testng.internal.invokers.TestInvoker.invokeTestMethods(TestInvoker.java:203)\n\tat org.testng.internal.invokers.TestMethodWorker.invokeTestMethods(TestMethodWorker.java:154)\n\tat org.testng.internal.invokers.TestMethodWorker.run(TestMethodWorker.java:134)\n\tat java.base/java.util.ArrayList.forEach(ArrayList.java:1596)\n\tat org.testng.TestRunner.privateRun(TestRunner.java:741)\n\tat org.testng.TestRunner.run(TestRunner.java:616)\n\tat org.testng.SuiteRunner.runTest(SuiteRunner.java:421)\n\tat org.testng.SuiteRunner.runSequentially(SuiteRunner.java:413)\n\tat org.testng.SuiteRunner.privateRun(SuiteRunner.java:373)\n\tat org.testng.SuiteRunner.run(SuiteRunner.java:312)\n\tat org.testng.SuiteRunnerWorker.runSuite(SuiteRunnerWorker.java:52)\n\tat org.testng.SuiteRunnerWorker.run(SuiteRunnerWorker.java:95)\n\tat org.testng.TestNG.runSuitesSequentially(TestNG.java:1274)\n\tat org.testng.TestNG.runSuitesLocally(TestNG.java:1208)\n\tat org.testng.TestNG.runSuites(TestNG.java:1112)\n\tat org.testng.TestNG.run(TestNG.java:1079)\n\tat org.apache.maven.surefire.testng.TestNGExecutor.run(TestNGExecutor.java:308)\n\tat org.apache.maven.surefire.testng.TestNGXmlTestSuite.execute(TestNGXmlTestSuite.java:71)\n\tat org.apache.maven.surefire.testng.TestNGProvider.invoke(TestNGProvider.java:113)\n\tat org.apache.maven.surefire.booter.ForkedBooter.runSuitesInProcess(ForkedBooter.java:385)\n\tat org.apache.maven.surefire.booter.ForkedBooter.execute(ForkedBooter.java:162)\n\tat org.apache.maven.surefire.booter.ForkedBooter.run(ForkedBooter.java:507)\n\tat org.apache.maven.surefire.booter.ForkedBooter.main(ForkedBooter.java:495)\n","flaky":true,"newFailed":true,"newBroken":false,"newPassed":false,"retriesCount":2,"retriesStatusChange":true,"beforeStages":[{"name":"setUp","time":{"start":1766623993562,"stop":1766623994332,"duration":770},"description":"","status":"passed","steps":[],"attachments":[],"parameters":[],"stepsCount":0,"shouldDisplayMessage":false,"attachmentsCount":0,"hasContent":false,"attachmentStep":false},{"name":"setup","time":{"start":1766623994333,"stop":1766623996192,"duration":1859},"description":"","status":"passed","steps":[],"attachments":[],"parameters":[],"stepsCount":0,"shouldDisplayMessage":false,"attachmentsCount":0,"hasContent":false,"attachmentStep":false}],"testStage":{"status":"failed","statusMessage":"Record not found: German-Arabic | Locator: By.xpath: //div[@role='row']//div[normalize-space()='German-Arabic']","statusTrace":"java.lang.AssertionError: Record not found: German-Arabic | Locator: By.xpath: //div[@role='row']//div[normalize-space()='German-Arabic']\n\tat org.testng.Assert.fail(Assert.java:111)\n\tat project_orangehrm.Base.BasePage.assertVisible(BasePage.java:38)\n\tat project_orangehrm.Pages.CommonPage.verifyRecordVisible(CommonPage.java:299)\n\tat project_orangehrm.Pages.AdminPage.verifyRecordExists(AdminPage.java:127)\n\tat project_orangehrm.Test.Admin_Qualifications_Test.verifyLanguages_Lifecycle_Success(Admin_Qualifications_Test.java:241)\n\tat java.base/jdk.internal.reflect.DirectMethodHandleAccessor.invoke(DirectMethodHandleAccessor.java:103)\n\tat java.base/java.lang.reflect.Method.invoke(Method.java:580)\n\tat org.testng.internal.invokers.MethodInvocationHelper.invokeMethod(MethodInvocationHelper.java:141)\n\tat org.testng.internal.invokers.TestInvoker.invokeMethod(TestInvoker.java:687)\n\tat org.testng.internal.invokers.TestInvoker.invokeTestMethod(TestInvoker.java:230)\n\tat org.testng.internal.invokers.MethodRunner.runInSequence(MethodRunner.java:63)\n\tat org.testng.internal.invokers.TestInvoker$MethodInvocationAgent.invoke(TestInvoker.java:995)\n\tat org.testng.internal.invokers.TestInvoker.invokeTestMethods(TestInvoker.java:203)\n\tat org.testng.internal.invokers.TestMethodWorker.invokeTestMethods(TestMethodWorker.java:154)\n\tat org.testng.internal.invokers.TestMethodWorker.run(TestMethodWorker.java:134)\n\tat java.base/java.util.ArrayList.forEach(ArrayList.java:1596)\n\tat org.testng.TestRunner.privateRun(TestRunner.java:741)\n\tat org.testng.TestRunner.run(TestRunner.java:616)\n\tat org.testng.SuiteRunner.runTest(SuiteRunner.java:421)\n\tat org.testng.SuiteRunner.runSequentially(SuiteRunner.java:413)\n\tat org.testng.SuiteRunner.privateRun(SuiteRunner.java:373)\n\tat org.testng.SuiteRunner.run(SuiteRunner.java:312)\n\tat org.testng.SuiteRunnerWorker.runSuite(SuiteRunnerWorker.java:52)\n\tat org.testng.SuiteRunnerWorker.run(SuiteRunnerWorker.java:95)\n\tat org.testng.TestNG.runSuitesSequentially(TestNG.java:1274)\n\tat org.testng.TestNG.runSuitesLocally(TestNG.java:1208)\n\tat org.testng.TestNG.runSuites(TestNG.java:1112)\n\tat org.testng.TestNG.run(TestNG.java:1079)\n\tat org.apache.maven.surefire.testng.TestNGExecutor.run(TestNGExecutor.java:308)\n\tat org.apache.maven.surefire.testng.TestNGXmlTestSuite.execute(TestNGXmlTestSuite.java:71)\n\tat org.apache.maven.surefire.testng.TestNGProvider.invoke(TestNGProvider.java:113)\n\tat org.apache.maven.surefire.booter.ForkedBooter.runSuitesInProcess(ForkedBooter.java:385)\n\tat org.apache.maven.surefire.booter.ForkedBooter.execute(ForkedBooter.java:162)\n\tat org.apache.maven.surefire.booter.ForkedBooter.run(ForkedBooter.java:507)\n\tat org.apache.maven.surefire.booter.ForkedBooter.main(ForkedBooter.java:495)\n","steps":[],"attachments":[{"uid":"5c1f0b708fc9b8da","name":"SoftAssert_Failed - 2025-12-25T00:53:27.727329466","source":"5c1f0b708fc9b8da.png","type":"image/png","size":118147},{"uid":"4676a69a77dd1450","name":"Page Source","source":"4676a69a77dd1450.html","type":"text/html","size":294296}],"parameters":[],"stepsCount":0,"shouldDisplayMessage":true,"attachmentsCount":2,"hasContent":true,"attachmentStep":false},"afterStages":[{"name":"tearDown","time":{"start":1766624017892,"stop":1766624018100,"duration":208},"description":"","status":"passed","steps":[],"attachments":[{"uid":"b59cf3d7e4acd329","name":"Screenshot Failure - verifyLanguages_Lifecycle_Success","source":"b59cf3d7e4acd329.png","type":"image/png","size":118147},{"uid":"2f5303aff8d998bd","name":"Page Source","source":"2f5303aff8d998bd.html","type":"text/html","size":294296}],"parameters":[],"stepsCount":0,"shouldDisplayMessage":false,"attachmentsCount":2,"hasContent":true,"attachmentStep":false}],"labels":[{"name":"package","value":"project_orangehrm.Test.Admin_Qualifications_Test"},{"name":"testClass","value":"project_orangehrm.Test.Admin_Qualifications_Test"},{"name":"testMethod","value":"verifyLanguages_Lifecycle_Success"},{"name":"parentSuite","value":"OrangeHRM_E2E_Suite"},{"name":"suite","value":"Step1_Admin_Foundation"},{"name":"subSuite","value":"project_orangehrm.Test.Admin_Qualifications_Test"},{"name":"host","value":"runnervmh13bl"},{"name":"thread","value":"2283@runnervmh13bl.main(1)"},{"name":"framework","value":"testng"},{"name":"language","value":"java"},{"name":"resultFormat","value":"allure2"}],"parameters":[{"name":"browser","value":"edge"}],"links":[],"hidden":false,"retry":false,"extra":{"severity":"normal","retries":[{"uid":"e93b69d240164619","status":"passed","time":{"start":1766623881058,"stop":1766623886461,"duration":5403}},{"uid":"aa8626a5229bd2cf","status":"failed","statusDetails":"Record not found: German-Arabic | Locator: By.xpath: //div[@role='row']//div[normalize-space()='German-Arabic']","time":{"start":1766621634424,"stop":1766621656122,"duration":21698}}],"categories":[{"name":"Product defects","matchedStatuses":[],"flaky":false}],"history":{"statistic":{"failed":4,"broken":0,"skipped":0,"passed":3,"unknown":0,"total":7},"items":[{"uid":"7b7bad307ebf3446","reportUrl":"https://m1mohammed1.github.io/orangeHRM/14/#testresult/7b7bad307ebf3446","status":"passed","time":{"start":1766621031041,"stop":1766621036705,"duration":5664}},{"uid":"a19704780d40ab0b","reportUrl":"https://m1mohammed1.github.io/orangeHRM/13/#testresult/a19704780d40ab0b","status":"failed","statusDetails":"Record not found: German-Arabic | Locator: By.xpath: //div[@role='row']//div[normalize-space()='German-Arabic']","time":{"start":1766620256659,"stop":1766620278210,"duration":21551}},{"uid":"81858d3ac1ac24f","reportUrl":"https://m1mohammed1.github.io/orangeHRM/12/#testresult/81858d3ac1ac24f","status":"passed","time":{"start":1766616462985,"stop":1766616468150,"duration":5165}},{"uid":"836ac14e87ccaaa8","reportUrl":"https://m1mohammed1.github.io/orangeHRM/11/#testresult/836ac14e87ccaaa8","status":"passed","time":{"start":1766605726337,"stop":1766605732281,"duration":5944}},{"uid":"c30b93252f16ada2","reportUrl":"https://m1mohammed1.github.io/orangeHRM/10/#testresult/c30b93252f16ada2","status":"failed","statusDetails":"Success message not displayed | Locator: By.xpath: //div[contains(@class, 'oxd-toast--success')]","time":{"start":1766597485426,"stop":1766597496871,"duration":11445}},{"uid":"c02c3b712c5f0b2b","reportUrl":"https://m1mohammed1.github.io/orangeHRM/9/#testresult/c02c3b712c5f0b2b","status":"failed","statusDetails":"Success message not displayed | Locator: By.xpath: //div[contains(@class, 'oxd-toast--success')]","time":{"start":1766595910378,"stop":1766595932269,"duration":21891}}]},"tags":[]},"source":"beebe1c6b5f45f59.json","parameterValues":["edge"]}