{"uid":"c3a5de9d8e42bec2","name":"TC05 - Verify My Reviews Filter by To Date","fullName":"project_orangehrm.Test.Performance_MyReviews_Test.verifyMyReviews_FilterByToDate_Success","historyId":"72737ef1af1e20c3607b9a046bd644f3","time":{"start":1766771805364,"stop":1766771816334,"duration":10970},"status":"broken","statusMessage":"Expected condition failed: waiting for project_orangehrm.Base.BasePage$$Lambda/0x00007f7ea43491b0@38663bab (tried for 10 second(s) with 300 milliseconds interval)","statusTrace":"org.openqa.selenium.TimeoutException: Expected condition failed: waiting for project_orangehrm.Base.BasePage$$Lambda/0x00007f7ea43491b0@38663bab (tried for 10 second(s) with 300 milliseconds interval)\n\tat org.openqa.selenium.support.ui.FluentWait.timeoutException(FluentWait.java:265)\n\tat org.openqa.selenium.support.ui.FluentWait.until(FluentWait.java:228)\n\tat project_orangehrm.Base.BasePage.typeText(BasePage.java:82)\n\tat project_orangehrm.Pages.CommonPage.type(CommonPage.java:364)\n\tat project_orangehrm.Pages.CommonPage.typeInField(CommonPage.java:85)\n\tat project_orangehrm.Pages.PerformancePage.selectDate(PerformancePage.java:116)\n\tat project_orangehrm.Test.Performance_MyReviews_Test.verifyMyReviews_FilterByToDate_Success(Performance_MyReviews_Test.java:96)\n\tat java.base/jdk.internal.reflect.DirectMethodHandleAccessor.invoke(DirectMethodHandleAccessor.java:103)\n\tat java.base/java.lang.reflect.Method.invoke(Method.java:580)\n\tat org.testng.internal.invokers.MethodInvocationHelper.invokeMethod(MethodInvocationHelper.java:141)\n\tat org.testng.internal.invokers.TestInvoker.invokeMethod(TestInvoker.java:687)\n\tat org.testng.internal.invokers.TestInvoker.invokeTestMethod(TestInvoker.java:230)\n\tat org.testng.internal.invokers.MethodRunner.runInSequence(MethodRunner.java:63)\n\tat org.testng.internal.invokers.TestInvoker$MethodInvocationAgent.invoke(TestInvoker.java:995)\n\tat org.testng.internal.invokers.TestInvoker.invokeTestMethods(TestInvoker.java:203)\n\tat org.testng.internal.invokers.TestMethodWorker.invokeTestMethods(TestMethodWorker.java:154)\n\tat org.testng.internal.invokers.TestMethodWorker.run(TestMethodWorker.java:134)\n\tat java.base/java.util.concurrent.Executors$RunnableAdapter.call(Executors.java:572)\n\tat java.base/java.util.concurrent.FutureTask.run(FutureTask.java:317)\n\tat org.testng.internal.thread.graph.TestNGFutureTask.run(TestNGFutureTask.java:22)\n\tat java.base/java.util.concurrent.ThreadPoolExecutor.runWorker(ThreadPoolExecutor.java:1144)\n\tat java.base/java.util.concurrent.ThreadPoolExecutor$Worker.run(ThreadPoolExecutor.java:642)\n\tat java.base/java.lang.Thread.run(Thread.java:1583)\nCaused by: org.openqa.selenium.NoSuchElementException: no such element: Unable to locate element: {\"method\":\"xpath\",\"selector\":\"//label[normalize-space()='To Date']/../following-sibling::div//input\"}\n  (Session info: chrome=143.0.7499.109)\nFor documentation on this error, please visit: https://www.selenium.dev/documentation/webdriver/troubleshooting/errors#nosuchelementexception\nBuild info: version: '4.37.0', revision: '3c1da1e342'\nSystem info: os.name: 'Linux', os.arch: 'amd64', os.version: '6.11.0-1018-azure', java.version: '21.0.9'\nDriver info: org.openqa.selenium.chrome.ChromeDriver\nCommand: [0e6fbfb99ffe2edc1b15df5e6c6b2135, findElement {value=//label[normalize-space()='To Date']/../following-sibling::div//input, using=xpath}]\nCapabilities {acceptInsecureCerts: false, browserName: chrome, browserVersion: 143.0.7499.109, chrome: {chromedriverVersion: 143.0.7499.42 (24bdc8c48a0c..., userDataDir: /tmp/.org.chromium.Chromium...}, fedcm:accounts: true, goog:chromeOptions: {debuggerAddress: localhost:43433}, goog:processID: 45374, networkConnectionEnabled: false, pageLoadStrategy: normal, platformName: linux, proxy: Proxy(), se:cdp: ws://localhost:43433/devtoo..., se:cdpVersion: 143.0.7499.109, setWindowRect: true, strictFileInteractability: false, timeouts: {implicit: 0, pageLoad: 300000, script: 30000}, unhandledPromptBehavior: dismiss and notify, webauthn:extension:credBlob: true, webauthn:extension:largeBlob: true, webauthn:extension:minPinLength: true, webauthn:extension:prf: true, webauthn:virtualAuthenticators: true}\nSession ID: 0e6fbfb99ffe2edc1b15df5e6c6b2135\n\tat java.base/jdk.internal.reflect.DirectConstructorHandleAccessor.newInstance(DirectConstructorHandleAccessor.java:62)\n\tat java.base/java.lang.reflect.Constructor.newInstanceWithCaller(Constructor.java:502)\n\tat java.base/java.lang.reflect.Constructor.newInstance(Constructor.java:486)\n\tat org.openqa.selenium.remote.ErrorCodec.decode(ErrorCodec.java:167)\n\tat org.openqa.selenium.remote.codec.w3c.W3CHttpResponseCodec.decode(W3CHttpResponseCodec.java:138)\n\tat org.openqa.selenium.remote.codec.w3c.W3CHttpResponseCodec.decode(W3CHttpResponseCodec.java:50)\n\tat org.openqa.selenium.remote.HttpCommandExecutor.execute(HttpCommandExecutor.java:215)\n\tat org.openqa.selenium.remote.service.DriverCommandExecutor.invokeExecute(DriverCommandExecutor.java:216)\n\tat org.openqa.selenium.remote.service.DriverCommandExecutor.execute(DriverCommandExecutor.java:174)\n\tat org.openqa.selenium.remote.RemoteWebDriver.execute(RemoteWebDriver.java:557)\n\tat org.openqa.selenium.remote.ElementLocation$ElementFinder$2.findElement(ElementLocation.java:165)\n\tat org.openqa.selenium.remote.ElementLocation.findElement(ElementLocation.java:59)\n\tat org.openqa.selenium.remote.RemoteWebDriver.findElement(RemoteWebDriver.java:380)\n\tat org.openqa.selenium.remote.RemoteWebDriver.findElement(RemoteWebDriver.java:374)\n\tat project_orangehrm.Base.BasePage.lambda$typeText$0(BasePage.java:83)\n\tat org.openqa.selenium.support.ui.FluentWait.until(FluentWait.java:203)\n\t... 21 more\n","flaky":false,"newFailed":false,"newBroken":false,"newPassed":false,"retriesCount":3,"retriesStatusChange":false,"beforeStages":[{"name":"setUp","time":{"start":1766771801756,"stop":1766771803171,"duration":1415},"description":"","status":"passed","steps":[],"attachments":[],"parameters":[],"stepsCount":0,"shouldDisplayMessage":false,"attachmentsCount":0,"hasContent":false,"attachmentStep":false},{"name":"setup","time":{"start":1766771803171,"stop":1766771805363,"duration":2192},"description":"","status":"passed","steps":[],"attachments":[],"parameters":[],"stepsCount":0,"shouldDisplayMessage":false,"attachmentsCount":0,"hasContent":false,"attachmentStep":false}],"afterStages":[{"name":"tearDown","time":{"start":1766771816335,"stop":1766771816523,"duration":188},"description":"","status":"passed","steps":[],"attachments":[{"uid":"402468316621b805","name":"Screenshot Failure - verifyMyReviews_FilterByToDate_Success","source":"402468316621b805.png","type":"image/png","size":104210},{"uid":"57abd8d9fe62e8ab","name":"Page Source","source":"57abd8d9fe62e8ab.html","type":"text/html","size":299761}],"parameters":[],"stepsCount":0,"shouldDisplayMessage":false,"attachmentsCount":2,"hasContent":true,"attachmentStep":false}],"labels":[{"name":"package","value":"project_orangehrm.Test.Performance_MyReviews_Test"},{"name":"testClass","value":"project_orangehrm.Test.Performance_MyReviews_Test"},{"name":"testMethod","value":"verifyMyReviews_FilterByToDate_Success"},{"name":"parentSuite","value":"OrangeHRM_Strategic_Suite"},{"name":"suite","value":"Step5_Perf_Evaluation"},{"name":"subSuite","value":"project_orangehrm.Test.Performance_MyReviews_Test"},{"name":"host","value":"runnervmh13bl"},{"name":"thread","value":"2336@runnervmh13bl.TestNG-test-Step5_Perf_Evaluation-1(3500)"},{"name":"framework","value":"testng"},{"name":"language","value":"java"},{"name":"resultFormat","value":"allure2"}],"parameters":[{"name":"browser","value":"edge"}],"links":[],"hidden":false,"retry":false,"extra":{"severity":"normal","retries":[{"uid":"1bda2a56a386c4a0","status":"broken","statusDetails":"Expected condition failed: waiting for project_orangehrm.Base.BasePage$$Lambda/0x00007f07d0348d50@21fdec79 (tried for 10 second(s) with 300 milliseconds interval)","time":{"start":1766771609040,"stop":1766771619823,"duration":10783}},{"uid":"cdd4ea9d0cf448a5","status":"broken","statusDetails":"Expected condition failed: waiting for project_orangehrm.Base.BasePage$$Lambda/0x00007f53f8344bd0@4cf26b4 (tried for 10 second(s) with 300 milliseconds interval)","time":{"start":1766771550903,"stop":1766771561760,"duration":10857}},{"uid":"bac1b0f9fac22b83","status":"broken","statusDetails":"Expected condition failed: waiting for project_orangehrm.Base.BasePage$$Lambda/0x00007f8abc346ae0@6265d312 (tried for 10 second(s) with 300 milliseconds interval)","time":{"start":1766768678965,"stop":1766768689838,"duration":10873}}],"categories":[{"name":"Test defects","matchedStatuses":[],"flaky":false}],"history":{"statistic":{"failed":0,"broken":7,"skipped":1,"passed":0,"unknown":0,"total":8},"items":[{"uid":"9ab9c4bf8e0306d5","reportUrl":"https://m1mohammed1.github.io/orangeHRM/24/#testresult/9ab9c4bf8e0306d5","status":"skipped","statusDetails":"Expected condition failed: waiting for project_orangehrm.Base.BasePage$$Lambda/0x00007fd2f83468a8@4030ff00 (tried for 10 second(s) with 300 milliseconds interval)","time":{"start":1766763861846,"stop":1766763861846,"duration":0}},{"uid":"135200fdbe9a5680","reportUrl":"https://m1mohammed1.github.io/orangeHRM/23/#testresult/135200fdbe9a5680","status":"broken","statusDetails":"Expected condition failed: waiting for project_orangehrm.Base.BasePage$$Lambda/0x00007f0d70348d50@61299db2 (tried for 10 second(s) with 300 milliseconds interval)","time":{"start":1766761609072,"stop":1766761619936,"duration":10864}},{"uid":"9acb446a8e152426","reportUrl":"https://m1mohammed1.github.io/orangeHRM/22/#testresult/9acb446a8e152426","status":"broken","statusDetails":"Expected condition failed: waiting for project_orangehrm.Base.BasePage$$Lambda/0x00007ff0b0346ae0@40762514 (tried for 10 second(s) with 300 milliseconds interval)","time":{"start":1766706905238,"stop":1766706916131,"duration":10893}},{"uid":"fa920a6d542af03f","reportUrl":"https://m1mohammed1.github.io/orangeHRM/17/#testresult/fa920a6d542af03f","status":"broken","statusDetails":"Expected condition failed: waiting for element to be clickable: By.xpath: //nav[@aria-label='Topbar Menu']//li[contains(normalize-space(), 'My Reviews')] (tried for 10 second(s) with 300 milliseconds interval)\nBuild info: version: '4.37.0', revision: '3c1da1e342'\nSystem info: os.name: 'Linux', os.arch: 'amd64', os.version: '6.11.0-1018-azure', java.version: '21.0.9'\nDriver info: driver.version: unknown","time":{"start":1766696683980,"stop":1766696694042,"duration":10062}},{"uid":"e99d0a5eb4ae2bc4","reportUrl":"https://m1mohammed1.github.io/orangeHRM/16/#testresult/e99d0a5eb4ae2bc4","status":"broken","statusDetails":"Expected condition failed: waiting for element to be clickable: By.xpath: //nav[@aria-label='Topbar Menu']//li[contains(normalize-space(), 'My Reviews')] (tried for 10 second(s) with 300 milliseconds interval)\nBuild info: version: '4.37.0', revision: '3c1da1e342'\nSystem info: os.name: 'Linux', os.arch: 'amd64', os.version: '6.11.0-1018-azure', java.version: '21.0.9'\nDriver info: driver.version: unknown","time":{"start":1766630781155,"stop":1766630791188,"duration":10033}},{"uid":"a931dbbcc6e10b16","reportUrl":"https://m1mohammed1.github.io/orangeHRM/15/#testresult/a931dbbcc6e10b16","status":"broken","statusDetails":"Expected condition failed: waiting for element to be clickable: By.xpath: //nav[@aria-label='Topbar Menu']//li[contains(normalize-space(), 'My Reviews')] (tried for 10 second(s) with 300 milliseconds interval)\nBuild info: version: '4.37.0', revision: '3c1da1e342'\nSystem info: os.name: 'Linux', os.arch: 'amd64', os.version: '6.11.0-1018-azure', java.version: '21.0.9'\nDriver info: driver.version: unknown","time":{"start":1766623035167,"stop":1766623045187,"duration":10020}},{"uid":"a7375384c967c1b5","reportUrl":"https://m1mohammed1.github.io/orangeHRM/13/#testresult/a7375384c967c1b5","status":"broken","statusDetails":"Expected condition failed: waiting for element to be clickable: By.xpath: //nav[@aria-label='Topbar Menu']//li[contains(normalize-space(), 'My Reviews')] (tried for 10 second(s) with 300 milliseconds interval)\nBuild info: version: '4.37.0', revision: '3c1da1e342'\nSystem info: os.name: 'Linux', os.arch: 'amd64', os.version: '6.11.0-1018-azure', java.version: '21.0.9'\nDriver info: driver.version: unknown","time":{"start":1766619359353,"stop":1766619369366,"duration":10013}}]},"tags":[]},"source":"c3a5de9d8e42bec2.json","parameterValues":["edge"]}