{"uid":"ccb9fa1d34baedd5","name":"TC01 - Positive: Verify Admin User Lifecycle: Create, Search, and Delete","fullName":"project_orangehrm.Test.AdminUserManagementTest.verifyUserManagement_Lifecycle_Success","historyId":"a67c2c66c25300256c9ed553a94dc50f","time":{"start":1766770506692,"stop":1766770529568,"duration":22876},"status":"failed","statusMessage":"Record not found: TestAdmin_QA | Locator: By.xpath: //div[@role='row']//div[normalize-space()='TestAdmin_QA']","statusTrace":"java.lang.AssertionError: Record not found: TestAdmin_QA | Locator: By.xpath: //div[@role='row']//div[normalize-space()='TestAdmin_QA']\n\tat org.testng.Assert.fail(Assert.java:111)\n\tat project_orangehrm.Base.BasePage.assertVisible(BasePage.java:46)\n\tat project_orangehrm.Pages.CommonPage.verifyRecordVisible(CommonPage.java:311)\n\tat project_orangehrm.Pages.AdminPage.verifyRecordExists(AdminPage.java:132)\n\tat project_orangehrm.Test.AdminUserManagementTest.verifyUserManagement_Lifecycle_Success(AdminUserManagementTest.java:49)\n\tat java.base/jdk.internal.reflect.DirectMethodHandleAccessor.invoke(DirectMethodHandleAccessor.java:103)\n\tat java.base/java.lang.reflect.Method.invoke(Method.java:580)\n\tat org.testng.internal.invokers.MethodInvocationHelper.invokeMethod(MethodInvocationHelper.java:141)\n\tat org.testng.internal.invokers.TestInvoker.invokeMethod(TestInvoker.java:687)\n\tat org.testng.internal.invokers.TestInvoker.invokeTestMethod(TestInvoker.java:230)\n\tat org.testng.internal.invokers.MethodRunner.runInSequence(MethodRunner.java:63)\n\tat org.testng.internal.invokers.TestInvoker$MethodInvocationAgent.invoke(TestInvoker.java:995)\n\tat org.testng.internal.invokers.TestInvoker.invokeTestMethods(TestInvoker.java:203)\n\tat org.testng.internal.invokers.TestMethodWorker.invokeTestMethods(TestMethodWorker.java:154)\n\tat org.testng.internal.invokers.TestMethodWorker.run(TestMethodWorker.java:134)\n\tat java.base/java.util.ArrayList.forEach(ArrayList.java:1596)\n\tat org.testng.TestRunner.privateRun(TestRunner.java:741)\n\tat org.testng.TestRunner.run(TestRunner.java:616)\n\tat org.testng.SuiteRunner.runTest(SuiteRunner.java:421)\n\tat org.testng.SuiteRunner.runSequentially(SuiteRunner.java:413)\n\tat org.testng.SuiteRunner.privateRun(SuiteRunner.java:373)\n\tat org.testng.SuiteRunner.run(SuiteRunner.java:312)\n\tat org.testng.SuiteRunnerWorker.runSuite(SuiteRunnerWorker.java:52)\n\tat org.testng.SuiteRunnerWorker.run(SuiteRunnerWorker.java:95)\n\tat org.testng.TestNG.runSuitesSequentially(TestNG.java:1274)\n\tat org.testng.TestNG.runSuitesLocally(TestNG.java:1208)\n\tat org.testng.TestNG.runSuites(TestNG.java:1112)\n\tat org.testng.TestNG.run(TestNG.java:1079)\n\tat org.apache.maven.surefire.testng.TestNGExecutor.run(TestNGExecutor.java:308)\n\tat org.apache.maven.surefire.testng.TestNGXmlTestSuite.execute(TestNGXmlTestSuite.java:71)\n\tat org.apache.maven.surefire.testng.TestNGProvider.invoke(TestNGProvider.java:113)\n\tat org.apache.maven.surefire.booter.ForkedBooter.runSuitesInProcess(ForkedBooter.java:385)\n\tat org.apache.maven.surefire.booter.ForkedBooter.execute(ForkedBooter.java:162)\n\tat org.apache.maven.surefire.booter.ForkedBooter.run(ForkedBooter.java:507)\n\tat org.apache.maven.surefire.booter.ForkedBooter.main(ForkedBooter.java:495)\n","flaky":true,"newFailed":false,"newBroken":false,"newPassed":false,"retriesCount":3,"retriesStatusChange":true,"beforeStages":[{"name":"setUp","time":{"start":1766770503179,"stop":1766770504603,"duration":1424},"description":"","status":"passed","steps":[],"attachments":[],"parameters":[],"stepsCount":0,"shouldDisplayMessage":false,"attachmentsCount":0,"hasContent":false,"attachmentStep":false},{"name":"setup","time":{"start":1766770504604,"stop":1766770506691,"duration":2087},"description":"","status":"passed","steps":[],"attachments":[],"parameters":[],"stepsCount":0,"shouldDisplayMessage":false,"attachmentsCount":0,"hasContent":false,"attachmentStep":false}],"testStage":{"status":"failed","statusMessage":"Record not found: TestAdmin_QA | Locator: By.xpath: //div[@role='row']//div[normalize-space()='TestAdmin_QA']","statusTrace":"java.lang.AssertionError: Record not found: TestAdmin_QA | Locator: By.xpath: //div[@role='row']//div[normalize-space()='TestAdmin_QA']\n\tat org.testng.Assert.fail(Assert.java:111)\n\tat project_orangehrm.Base.BasePage.assertVisible(BasePage.java:46)\n\tat project_orangehrm.Pages.CommonPage.verifyRecordVisible(CommonPage.java:311)\n\tat project_orangehrm.Pages.AdminPage.verifyRecordExists(AdminPage.java:132)\n\tat project_orangehrm.Test.AdminUserManagementTest.verifyUserManagement_Lifecycle_Success(AdminUserManagementTest.java:49)\n\tat java.base/jdk.internal.reflect.DirectMethodHandleAccessor.invoke(DirectMethodHandleAccessor.java:103)\n\tat java.base/java.lang.reflect.Method.invoke(Method.java:580)\n\tat org.testng.internal.invokers.MethodInvocationHelper.invokeMethod(MethodInvocationHelper.java:141)\n\tat org.testng.internal.invokers.TestInvoker.invokeMethod(TestInvoker.java:687)\n\tat org.testng.internal.invokers.TestInvoker.invokeTestMethod(TestInvoker.java:230)\n\tat org.testng.internal.invokers.MethodRunner.runInSequence(MethodRunner.java:63)\n\tat org.testng.internal.invokers.TestInvoker$MethodInvocationAgent.invoke(TestInvoker.java:995)\n\tat org.testng.internal.invokers.TestInvoker.invokeTestMethods(TestInvoker.java:203)\n\tat org.testng.internal.invokers.TestMethodWorker.invokeTestMethods(TestMethodWorker.java:154)\n\tat org.testng.internal.invokers.TestMethodWorker.run(TestMethodWorker.java:134)\n\tat java.base/java.util.ArrayList.forEach(ArrayList.java:1596)\n\tat org.testng.TestRunner.privateRun(TestRunner.java:741)\n\tat org.testng.TestRunner.run(TestRunner.java:616)\n\tat org.testng.SuiteRunner.runTest(SuiteRunner.java:421)\n\tat org.testng.SuiteRunner.runSequentially(SuiteRunner.java:413)\n\tat org.testng.SuiteRunner.privateRun(SuiteRunner.java:373)\n\tat org.testng.SuiteRunner.run(SuiteRunner.java:312)\n\tat org.testng.SuiteRunnerWorker.runSuite(SuiteRunnerWorker.java:52)\n\tat org.testng.SuiteRunnerWorker.run(SuiteRunnerWorker.java:95)\n\tat org.testng.TestNG.runSuitesSequentially(TestNG.java:1274)\n\tat org.testng.TestNG.runSuitesLocally(TestNG.java:1208)\n\tat org.testng.TestNG.runSuites(TestNG.java:1112)\n\tat org.testng.TestNG.run(TestNG.java:1079)\n\tat org.apache.maven.surefire.testng.TestNGExecutor.run(TestNGExecutor.java:308)\n\tat org.apache.maven.surefire.testng.TestNGXmlTestSuite.execute(TestNGXmlTestSuite.java:71)\n\tat org.apache.maven.surefire.testng.TestNGProvider.invoke(TestNGProvider.java:113)\n\tat org.apache.maven.surefire.booter.ForkedBooter.runSuitesInProcess(ForkedBooter.java:385)\n\tat org.apache.maven.surefire.booter.ForkedBooter.execute(ForkedBooter.java:162)\n\tat org.apache.maven.surefire.booter.ForkedBooter.run(ForkedBooter.java:507)\n\tat org.apache.maven.surefire.booter.ForkedBooter.main(ForkedBooter.java:495)\n","steps":[],"attachments":[{"uid":"cdb7061d8fb076e6","name":"SoftAssert_Failed - 2025-12-26T17:35:19.266688942","source":"cdb7061d8fb076e6.png","type":"image/png","size":117200},{"uid":"9739971a6df9a592","name":"Page Source","source":"9739971a6df9a592.html","type":"text/html","size":298471}],"parameters":[],"stepsCount":0,"shouldDisplayMessage":true,"attachmentsCount":2,"hasContent":true,"attachmentStep":false},"afterStages":[{"name":"tearDown","time":{"start":1766770529569,"stop":1766770529756,"duration":187},"description":"","status":"passed","steps":[],"attachments":[{"uid":"1fd62096de2dc2b9","name":"Screenshot Failure - verifyUserManagement_Lifecycle_Success","source":"1fd62096de2dc2b9.png","type":"image/png","size":117201},{"uid":"985d608086813e12","name":"Page Source","source":"985d608086813e12.html","type":"text/html","size":298471}],"parameters":[],"stepsCount":0,"shouldDisplayMessage":false,"attachmentsCount":2,"hasContent":true,"attachmentStep":false}],"labels":[{"name":"package","value":"project_orangehrm.Test.AdminUserManagementTest"},{"name":"testClass","value":"project_orangehrm.Test.AdminUserManagementTest"},{"name":"testMethod","value":"verifyUserManagement_Lifecycle_Success"},{"name":"parentSuite","value":"OrangeHRM_Strategic_Suite"},{"name":"suite","value":"Step2_PIM_User_Foundation"},{"name":"subSuite","value":"project_orangehrm.Test.AdminUserManagementTest"},{"name":"host","value":"runnervmh13bl"},{"name":"thread","value":"2336@runnervmh13bl.main(1)"},{"name":"framework","value":"testng"},{"name":"language","value":"java"},{"name":"resultFormat","value":"allure2"}],"parameters":[{"name":"browser","value":"edge"}],"links":[],"hidden":false,"retry":false,"extra":{"severity":"normal","retries":[{"uid":"3576d33c31af4c7","status":"failed","statusDetails":"Record not found: TestAdmin_QA | Locator: By.xpath: //div[@role='row']//div[normalize-space()='TestAdmin_QA']","time":{"start":1766770456505,"stop":1766770479116,"duration":22611}},{"uid":"24165ca82c38c1c7","status":"failed","statusDetails":"Record not found: TestAdmin_QA | Locator: By.xpath: //div[@role='row']//div[normalize-space()='TestAdmin_QA']","time":{"start":1766770368566,"stop":1766770391383,"duration":22817}},{"uid":"efdba54b9eb2d305","status":"passed","time":{"start":1766767495340,"stop":1766767502409,"duration":7069}}],"categories":[{"name":"Product defects","matchedStatuses":[],"flaky":false}],"history":{"statistic":{"failed":5,"broken":1,"skipped":1,"passed":5,"unknown":0,"total":12},"items":[{"uid":"ffb7c90a8138194d","reportUrl":"https://m1mohammed1.github.io/orangeHRM/24/#testresult/ffb7c90a8138194d","status":"skipped","statusDetails":"Expected condition failed: waiting for project_orangehrm.Base.BasePage$$Lambda/0x00007fd2f83468a8@49631cfb (tried for 10 second(s) with 300 milliseconds interval)","time":{"start":1766763687893,"stop":1766763687893,"duration":0}},{"uid":"63ac5d475e9826cd","reportUrl":"https://m1mohammed1.github.io/orangeHRM/23/#testresult/63ac5d475e9826cd","status":"failed","statusDetails":"Record not found: TestAdmin_QA | Locator: By.xpath: //div[@role='row']//div[normalize-space()='TestAdmin_QA']","time":{"start":1766760304010,"stop":1766760326907,"duration":22897}},{"uid":"65fe0353f2886028","reportUrl":"https://m1mohammed1.github.io/orangeHRM/22/#testresult/65fe0353f2886028","status":"passed","time":{"start":1766706151966,"stop":1766706158651,"duration":6685}},{"uid":"946f62064e9ae203","reportUrl":"https://m1mohammed1.github.io/orangeHRM/17/#testresult/946f62064e9ae203","status":"passed","time":{"start":1766698221875,"stop":1766698228849,"duration":6974}},{"uid":"aed1b9d8e586eea3","reportUrl":"https://m1mohammed1.github.io/orangeHRM/16/#testresult/aed1b9d8e586eea3","status":"failed","statusDetails":"Record not found: TestAdmin_QA | Locator: By.xpath: //div[@role='row']//div[normalize-space()='TestAdmin_QA']","time":{"start":1766629932158,"stop":1766629954890,"duration":22732}},{"uid":"f35e4de1ce365518","reportUrl":"https://m1mohammed1.github.io/orangeHRM/15/#testresult/f35e4de1ce365518","status":"failed","statusDetails":"Record not found: TestAdmin_QA | Locator: By.xpath: //div[@role='row']//div[normalize-space()='TestAdmin_QA']","time":{"start":1766624754196,"stop":1766624777307,"duration":23111}},{"uid":"f56b425326763124","reportUrl":"https://m1mohammed1.github.io/orangeHRM/13/#testresult/f56b425326763124","status":"failed","statusDetails":"Record not found: TestAdmin_QA | Locator: By.xpath: //div[@role='row']//div[normalize-space()='TestAdmin_QA']","time":{"start":1766618554876,"stop":1766618577441,"duration":22565}},{"uid":"cfd6f5f2e70107b4","reportUrl":"https://m1mohammed1.github.io/orangeHRM/12/#testresult/cfd6f5f2e70107b4","status":"passed","time":{"start":1766617065019,"stop":1766617071885,"duration":6866}},{"uid":"6ad4dcf4ffe6210c","reportUrl":"https://m1mohammed1.github.io/orangeHRM/11/#testresult/6ad4dcf4ffe6210c","status":"passed","time":{"start":1766606145801,"stop":1766606152775,"duration":6974}},{"uid":"b53d54cad2c83d24","reportUrl":"https://m1mohammed1.github.io/orangeHRM/10/#testresult/b53d54cad2c83d24","status":"passed","time":{"start":1766597718436,"stop":1766597725768,"duration":7332}},{"uid":"55fba1f294749d14","reportUrl":"https://m1mohammed1.github.io/orangeHRM/9/#testresult/55fba1f294749d14","status":"broken","statusDetails":"Expected condition failed: waiting for project_orangehrm.Base.BasePage$$Lambda/0x00007f1508381f10@7abc27f2 (tried for 15 second(s) with 300 milliseconds interval)","time":{"start":1766595815264,"stop":1766595836793,"duration":21529}}]},"tags":[]},"source":"ccb9fa1d34baedd5.json","parameterValues":["edge"]}