{"uid":"ce2bc12635cabaae","name":"TC09 - Verify License Lifecycle: Create","fullName":"project_orangehrm.Test.Admin_Qualifications_Test.verifyLicenses_Lifecycle_Success","historyId":"b281310e788a1d14a73a3ed468e4e87c","time":{"start":1766769740968,"stop":1766769762600,"duration":21632},"status":"failed","statusMessage":"Record not found: ISTQB Foundation | Locator: By.xpath: //div[@role='row']//div[normalize-space()='ISTQB Foundation']","statusTrace":"java.lang.AssertionError: Record not found: ISTQB Foundation | Locator: By.xpath: //div[@role='row']//div[normalize-space()='ISTQB Foundation']\n\tat org.testng.Assert.fail(Assert.java:111)\n\tat project_orangehrm.Base.BasePage.assertVisible(BasePage.java:46)\n\tat project_orangehrm.Pages.CommonPage.verifyRecordVisible(CommonPage.java:311)\n\tat project_orangehrm.Pages.AdminPage.verifyRecordExists(AdminPage.java:132)\n\tat project_orangehrm.Test.Admin_Qualifications_Test.verifyLicenses_Lifecycle_Success(Admin_Qualifications_Test.java:174)\n\tat java.base/jdk.internal.reflect.DirectMethodHandleAccessor.invoke(DirectMethodHandleAccessor.java:103)\n\tat java.base/java.lang.reflect.Method.invoke(Method.java:580)\n\tat org.testng.internal.invokers.MethodInvocationHelper.invokeMethod(MethodInvocationHelper.java:141)\n\tat org.testng.internal.invokers.TestInvoker.invokeMethod(TestInvoker.java:687)\n\tat org.testng.internal.invokers.TestInvoker.invokeTestMethod(TestInvoker.java:230)\n\tat org.testng.internal.invokers.MethodRunner.runInSequence(MethodRunner.java:63)\n\tat org.testng.internal.invokers.TestInvoker$MethodInvocationAgent.invoke(TestInvoker.java:995)\n\tat org.testng.internal.invokers.TestInvoker.invokeTestMethods(TestInvoker.java:203)\n\tat org.testng.internal.invokers.TestMethodWorker.invokeTestMethods(TestMethodWorker.java:154)\n\tat org.testng.internal.invokers.TestMethodWorker.run(TestMethodWorker.java:134)\n\tat java.base/java.util.ArrayList.forEach(ArrayList.java:1596)\n\tat org.testng.TestRunner.privateRun(TestRunner.java:741)\n\tat org.testng.TestRunner.run(TestRunner.java:616)\n\tat org.testng.SuiteRunner.runTest(SuiteRunner.java:421)\n\tat org.testng.SuiteRunner.runSequentially(SuiteRunner.java:413)\n\tat org.testng.SuiteRunner.privateRun(SuiteRunner.java:373)\n\tat org.testng.SuiteRunner.run(SuiteRunner.java:312)\n\tat org.testng.SuiteRunnerWorker.runSuite(SuiteRunnerWorker.java:52)\n\tat org.testng.SuiteRunnerWorker.run(SuiteRunnerWorker.java:95)\n\tat org.testng.TestNG.runSuitesSequentially(TestNG.java:1274)\n\tat org.testng.TestNG.runSuitesLocally(TestNG.java:1208)\n\tat org.testng.TestNG.runSuites(TestNG.java:1112)\n\tat org.testng.TestNG.run(TestNG.java:1079)\n\tat org.apache.maven.surefire.testng.TestNGExecutor.run(TestNGExecutor.java:308)\n\tat org.apache.maven.surefire.testng.TestNGXmlTestSuite.execute(TestNGXmlTestSuite.java:71)\n\tat org.apache.maven.surefire.testng.TestNGProvider.invoke(TestNGProvider.java:113)\n\tat org.apache.maven.surefire.booter.ForkedBooter.runSuitesInProcess(ForkedBooter.java:385)\n\tat org.apache.maven.surefire.booter.ForkedBooter.execute(ForkedBooter.java:162)\n\tat org.apache.maven.surefire.booter.ForkedBooter.run(ForkedBooter.java:507)\n\tat org.apache.maven.surefire.booter.ForkedBooter.main(ForkedBooter.java:495)\n","flaky":false,"newFailed":false,"newBroken":false,"newPassed":false,"retriesCount":3,"retriesStatusChange":true,"beforeStages":[{"name":"setUp","time":{"start":1766769738556,"stop":1766769739268,"duration":712},"description":"","status":"passed","steps":[],"attachments":[],"parameters":[],"stepsCount":0,"shouldDisplayMessage":false,"attachmentsCount":0,"hasContent":false,"attachmentStep":false},{"name":"setup","time":{"start":1766769739268,"stop":1766769740967,"duration":1699},"description":"","status":"passed","steps":[],"attachments":[],"parameters":[],"stepsCount":0,"shouldDisplayMessage":false,"attachmentsCount":0,"hasContent":false,"attachmentStep":false}],"testStage":{"status":"failed","statusMessage":"Record not found: ISTQB Foundation | Locator: By.xpath: //div[@role='row']//div[normalize-space()='ISTQB Foundation']","statusTrace":"java.lang.AssertionError: Record not found: ISTQB Foundation | Locator: By.xpath: //div[@role='row']//div[normalize-space()='ISTQB Foundation']\n\tat org.testng.Assert.fail(Assert.java:111)\n\tat project_orangehrm.Base.BasePage.assertVisible(BasePage.java:46)\n\tat project_orangehrm.Pages.CommonPage.verifyRecordVisible(CommonPage.java:311)\n\tat project_orangehrm.Pages.AdminPage.verifyRecordExists(AdminPage.java:132)\n\tat project_orangehrm.Test.Admin_Qualifications_Test.verifyLicenses_Lifecycle_Success(Admin_Qualifications_Test.java:174)\n\tat java.base/jdk.internal.reflect.DirectMethodHandleAccessor.invoke(DirectMethodHandleAccessor.java:103)\n\tat java.base/java.lang.reflect.Method.invoke(Method.java:580)\n\tat org.testng.internal.invokers.MethodInvocationHelper.invokeMethod(MethodInvocationHelper.java:141)\n\tat org.testng.internal.invokers.TestInvoker.invokeMethod(TestInvoker.java:687)\n\tat org.testng.internal.invokers.TestInvoker.invokeTestMethod(TestInvoker.java:230)\n\tat org.testng.internal.invokers.MethodRunner.runInSequence(MethodRunner.java:63)\n\tat org.testng.internal.invokers.TestInvoker$MethodInvocationAgent.invoke(TestInvoker.java:995)\n\tat org.testng.internal.invokers.TestInvoker.invokeTestMethods(TestInvoker.java:203)\n\tat org.testng.internal.invokers.TestMethodWorker.invokeTestMethods(TestMethodWorker.java:154)\n\tat org.testng.internal.invokers.TestMethodWorker.run(TestMethodWorker.java:134)\n\tat java.base/java.util.ArrayList.forEach(ArrayList.java:1596)\n\tat org.testng.TestRunner.privateRun(TestRunner.java:741)\n\tat org.testng.TestRunner.run(TestRunner.java:616)\n\tat org.testng.SuiteRunner.runTest(SuiteRunner.java:421)\n\tat org.testng.SuiteRunner.runSequentially(SuiteRunner.java:413)\n\tat org.testng.SuiteRunner.privateRun(SuiteRunner.java:373)\n\tat org.testng.SuiteRunner.run(SuiteRunner.java:312)\n\tat org.testng.SuiteRunnerWorker.runSuite(SuiteRunnerWorker.java:52)\n\tat org.testng.SuiteRunnerWorker.run(SuiteRunnerWorker.java:95)\n\tat org.testng.TestNG.runSuitesSequentially(TestNG.java:1274)\n\tat org.testng.TestNG.runSuitesLocally(TestNG.java:1208)\n\tat org.testng.TestNG.runSuites(TestNG.java:1112)\n\tat org.testng.TestNG.run(TestNG.java:1079)\n\tat org.apache.maven.surefire.testng.TestNGExecutor.run(TestNGExecutor.java:308)\n\tat org.apache.maven.surefire.testng.TestNGXmlTestSuite.execute(TestNGXmlTestSuite.java:71)\n\tat org.apache.maven.surefire.testng.TestNGProvider.invoke(TestNGProvider.java:113)\n\tat org.apache.maven.surefire.booter.ForkedBooter.runSuitesInProcess(ForkedBooter.java:385)\n\tat org.apache.maven.surefire.booter.ForkedBooter.execute(ForkedBooter.java:162)\n\tat org.apache.maven.surefire.booter.ForkedBooter.run(ForkedBooter.java:507)\n\tat org.apache.maven.surefire.booter.ForkedBooter.main(ForkedBooter.java:495)\n","steps":[],"attachments":[{"uid":"65403b8d9d878115","name":"SoftAssert_Failed - 2025-12-26T17:22:32.456833731","source":"65403b8d9d878115.png","type":"image/png","size":97215},{"uid":"9cac13bfd770ad9","name":"Page Source","source":"9cac13bfd770ad9.html","type":"text/html","size":294305}],"parameters":[],"stepsCount":0,"shouldDisplayMessage":true,"attachmentsCount":2,"hasContent":true,"attachmentStep":false},"afterStages":[{"name":"tearDown","time":{"start":1766769762601,"stop":1766769762788,"duration":187},"description":"","status":"passed","steps":[],"attachments":[{"uid":"8d1b4603fc5a3004","name":"Screenshot Failure - verifyLicenses_Lifecycle_Success","source":"8d1b4603fc5a3004.png","type":"image/png","size":97215},{"uid":"c4a27076c62e13a","name":"Page Source","source":"c4a27076c62e13a.html","type":"text/html","size":294305}],"parameters":[],"stepsCount":0,"shouldDisplayMessage":false,"attachmentsCount":2,"hasContent":true,"attachmentStep":false}],"labels":[{"name":"package","value":"project_orangehrm.Test.Admin_Qualifications_Test"},{"name":"testClass","value":"project_orangehrm.Test.Admin_Qualifications_Test"},{"name":"testMethod","value":"verifyLicenses_Lifecycle_Success"},{"name":"parentSuite","value":"OrangeHRM_Strategic_Suite"},{"name":"suite","value":"Step1_Hyper_Admin_PIM_Foundation"},{"name":"subSuite","value":"project_orangehrm.Test.Admin_Qualifications_Test"},{"name":"host","value":"runnervmh13bl"},{"name":"thread","value":"2206@runnervmh13bl.main(1)"},{"name":"framework","value":"testng"},{"name":"language","value":"java"},{"name":"resultFormat","value":"allure2"}],"parameters":[{"name":"browser","value":"edge"}],"links":[],"hidden":false,"retry":false,"extra":{"severity":"normal","retries":[{"uid":"91692b7697faf42a","status":"failed","statusDetails":"Record not found: ISTQB Foundation | Locator: By.xpath: //div[@role='row']//div[normalize-space()='ISTQB Foundation']","time":{"start":1766769722940,"stop":1766769744825,"duration":21885}},{"uid":"eea288bd64d6f50","status":"failed","statusDetails":"Record not found: ISTQB Foundation | Locator: By.xpath: //div[@role='row']//div[normalize-space()='ISTQB Foundation']","time":{"start":1766769664995,"stop":1766769686752,"duration":21757}},{"uid":"c3abed0ef1ecec11","status":"passed","time":{"start":1766766854542,"stop":1766766860166,"duration":5624}}],"categories":[{"name":"Product defects","matchedStatuses":[],"flaky":false}],"history":{"statistic":{"failed":6,"broken":0,"skipped":1,"passed":6,"unknown":0,"total":13},"items":[{"uid":"8f30c7aa2f501f74","reportUrl":"https://m1mohammed1.github.io/orangeHRM/24/#testresult/8f30c7aa2f501f74","status":"skipped","statusDetails":"Expected condition failed: waiting for project_orangehrm.Base.BasePage$$Lambda/0x00007fd2f83468a8@3cc9632d (tried for 10 second(s) with 300 milliseconds interval)","time":{"start":1766763630167,"stop":1766763630168,"duration":1}},{"uid":"52952bfc396d041c","reportUrl":"https://m1mohammed1.github.io/orangeHRM/23/#testresult/52952bfc396d041c","status":"failed","statusDetails":"Record not found: ISTQB Foundation | Locator: By.xpath: //div[@role='row']//div[normalize-space()='ISTQB Foundation']","time":{"start":1766759536437,"stop":1766759558287,"duration":21850}},{"uid":"5f75c3bf15845a74","reportUrl":"https://m1mohammed1.github.io/orangeHRM/22/#testresult/5f75c3bf15845a74","status":"passed","time":{"start":1766705590221,"stop":1766705595480,"duration":5259}},{"uid":"75ffb62d6ed5c424","reportUrl":"https://m1mohammed1.github.io/orangeHRM/17/#testresult/75ffb62d6ed5c424","status":"passed","time":{"start":1766697625649,"stop":1766697630832,"duration":5183}},{"uid":"e0de9ea40195c9e1","reportUrl":"https://m1mohammed1.github.io/orangeHRM/16/#testresult/e0de9ea40195c9e1","status":"passed","time":{"start":1766631732185,"stop":1766631737821,"duration":5636}},{"uid":"94ffeef2bdefbecf","reportUrl":"https://m1mohammed1.github.io/orangeHRM/15/#testresult/94ffeef2bdefbecf","status":"failed","statusDetails":"Record not found: ISTQB Foundation | Locator: By.xpath: //div[@role='row']//div[normalize-space()='ISTQB Foundation']","time":{"start":1766623943404,"stop":1766623965256,"duration":21852}},{"uid":"8cc3df5d0accc0a5","reportUrl":"https://m1mohammed1.github.io/orangeHRM/14/#testresult/8cc3df5d0accc0a5","status":"passed","time":{"start":1766620989396,"stop":1766620995065,"duration":5669}},{"uid":"5de9cd621bb5e2ed","reportUrl":"https://m1mohammed1.github.io/orangeHRM/13/#testresult/5de9cd621bb5e2ed","status":"failed","statusDetails":"Record not found: ISTQB Foundation | Locator: By.xpath: //div[@role='row']//div[normalize-space()='ISTQB Foundation']","time":{"start":1766620205370,"stop":1766620226958,"duration":21588}},{"uid":"e34ea2d57cde91e4","reportUrl":"https://m1mohammed1.github.io/orangeHRM/12/#testresult/e34ea2d57cde91e4","status":"passed","time":{"start":1766616427816,"stop":1766616433041,"duration":5225}},{"uid":"e7ff6e4ae4b4fca3","reportUrl":"https://m1mohammed1.github.io/orangeHRM/11/#testresult/e7ff6e4ae4b4fca3","status":"passed","time":{"start":1766605691715,"stop":1766605696523,"duration":4808}},{"uid":"6316d9d8699b6a26","reportUrl":"https://m1mohammed1.github.io/orangeHRM/10/#testresult/6316d9d8699b6a26","status":"failed","statusDetails":"Success message not displayed | Locator: By.xpath: //div[contains(@class, 'oxd-toast--success')]","time":{"start":1766597438395,"stop":1766597449890,"duration":11495}},{"uid":"c0dd836968472f36","reportUrl":"https://m1mohammed1.github.io/orangeHRM/9/#testresult/c0dd836968472f36","status":"failed","statusDetails":"Success message not displayed | Locator: By.xpath: //div[contains(@class, 'oxd-toast--success')]","time":{"start":1766595833636,"stop":1766595855571,"duration":21935}}]},"tags":[]},"source":"ce2bc12635cabaae.json","parameterValues":["edge"]}