{"uid":"d10b9094010ab3cc","name":"TC01 - Verify Nationality Lifecycle: Create, Verify","fullName":"project_orangehrm.Test.Admin_Nationalities_Test.verifyNationality_Lifecycle_Success","historyId":"f0eef22f5ce19b8c5278cfa4c3147bf","time":{"start":1766770049571,"stop":1766770070766,"duration":21195},"status":"failed","statusMessage":"Record not found: Automation Tester Nationality | Locator: By.xpath: //div[@role='row']//div[normalize-space()='Automation Tester Nationality']","statusTrace":"java.lang.AssertionError: Record not found: Automation Tester Nationality | Locator: By.xpath: //div[@role='row']//div[normalize-space()='Automation Tester Nationality']\n\tat org.testng.Assert.fail(Assert.java:111)\n\tat project_orangehrm.Base.BasePage.assertVisible(BasePage.java:46)\n\tat project_orangehrm.Pages.CommonPage.verifyRecordVisible(CommonPage.java:311)\n\tat project_orangehrm.Pages.AdminPage.verifyRecordExists(AdminPage.java:132)\n\tat project_orangehrm.Test.Admin_Nationalities_Test.verifyNationality_Lifecycle_Success(Admin_Nationalities_Test.java:41)\n\tat java.base/jdk.internal.reflect.DirectMethodHandleAccessor.invoke(DirectMethodHandleAccessor.java:103)\n\tat java.base/java.lang.reflect.Method.invoke(Method.java:580)\n\tat org.testng.internal.invokers.MethodInvocationHelper.invokeMethod(MethodInvocationHelper.java:141)\n\tat org.testng.internal.invokers.TestInvoker.invokeMethod(TestInvoker.java:687)\n\tat org.testng.internal.invokers.TestInvoker.invokeTestMethod(TestInvoker.java:230)\n\tat org.testng.internal.invokers.MethodRunner.runInSequence(MethodRunner.java:63)\n\tat org.testng.internal.invokers.TestInvoker$MethodInvocationAgent.invoke(TestInvoker.java:995)\n\tat org.testng.internal.invokers.TestInvoker.invokeTestMethods(TestInvoker.java:203)\n\tat org.testng.internal.invokers.TestMethodWorker.invokeTestMethods(TestMethodWorker.java:154)\n\tat org.testng.internal.invokers.TestMethodWorker.run(TestMethodWorker.java:134)\n\tat java.base/java.util.ArrayList.forEach(ArrayList.java:1596)\n\tat org.testng.TestRunner.privateRun(TestRunner.java:741)\n\tat org.testng.TestRunner.run(TestRunner.java:616)\n\tat org.testng.SuiteRunner.runTest(SuiteRunner.java:421)\n\tat org.testng.SuiteRunner.runSequentially(SuiteRunner.java:413)\n\tat org.testng.SuiteRunner.privateRun(SuiteRunner.java:373)\n\tat org.testng.SuiteRunner.run(SuiteRunner.java:312)\n\tat org.testng.SuiteRunnerWorker.runSuite(SuiteRunnerWorker.java:52)\n\tat org.testng.SuiteRunnerWorker.run(SuiteRunnerWorker.java:95)\n\tat org.testng.TestNG.runSuitesSequentially(TestNG.java:1274)\n\tat org.testng.TestNG.runSuitesLocally(TestNG.java:1208)\n\tat org.testng.TestNG.runSuites(TestNG.java:1112)\n\tat org.testng.TestNG.run(TestNG.java:1079)\n\tat org.apache.maven.surefire.testng.TestNGExecutor.run(TestNGExecutor.java:308)\n\tat org.apache.maven.surefire.testng.TestNGXmlTestSuite.execute(TestNGXmlTestSuite.java:71)\n\tat org.apache.maven.surefire.testng.TestNGProvider.invoke(TestNGProvider.java:113)\n\tat org.apache.maven.surefire.booter.ForkedBooter.runSuitesInProcess(ForkedBooter.java:385)\n\tat org.apache.maven.surefire.booter.ForkedBooter.execute(ForkedBooter.java:162)\n\tat org.apache.maven.surefire.booter.ForkedBooter.run(ForkedBooter.java:507)\n\tat org.apache.maven.surefire.booter.ForkedBooter.main(ForkedBooter.java:495)\n","flaky":false,"newFailed":false,"newBroken":false,"newPassed":false,"retriesCount":3,"retriesStatusChange":true,"beforeStages":[{"name":"setUp","time":{"start":1766770047179,"stop":1766770047883,"duration":704},"description":"","status":"passed","steps":[],"attachments":[],"parameters":[],"stepsCount":0,"shouldDisplayMessage":false,"attachmentsCount":0,"hasContent":false,"attachmentStep":false},{"name":"setup","time":{"start":1766770047884,"stop":1766770049569,"duration":1685},"description":"","status":"passed","steps":[],"attachments":[],"parameters":[],"stepsCount":0,"shouldDisplayMessage":false,"attachmentsCount":0,"hasContent":false,"attachmentStep":false}],"testStage":{"status":"failed","statusMessage":"Record not found: Automation Tester Nationality | Locator: By.xpath: //div[@role='row']//div[normalize-space()='Automation Tester Nationality']","statusTrace":"java.lang.AssertionError: Record not found: Automation Tester Nationality | Locator: By.xpath: //div[@role='row']//div[normalize-space()='Automation Tester Nationality']\n\tat org.testng.Assert.fail(Assert.java:111)\n\tat project_orangehrm.Base.BasePage.assertVisible(BasePage.java:46)\n\tat project_orangehrm.Pages.CommonPage.verifyRecordVisible(CommonPage.java:311)\n\tat project_orangehrm.Pages.AdminPage.verifyRecordExists(AdminPage.java:132)\n\tat project_orangehrm.Test.Admin_Nationalities_Test.verifyNationality_Lifecycle_Success(Admin_Nationalities_Test.java:41)\n\tat java.base/jdk.internal.reflect.DirectMethodHandleAccessor.invoke(DirectMethodHandleAccessor.java:103)\n\tat java.base/java.lang.reflect.Method.invoke(Method.java:580)\n\tat org.testng.internal.invokers.MethodInvocationHelper.invokeMethod(MethodInvocationHelper.java:141)\n\tat org.testng.internal.invokers.TestInvoker.invokeMethod(TestInvoker.java:687)\n\tat org.testng.internal.invokers.TestInvoker.invokeTestMethod(TestInvoker.java:230)\n\tat org.testng.internal.invokers.MethodRunner.runInSequence(MethodRunner.java:63)\n\tat org.testng.internal.invokers.TestInvoker$MethodInvocationAgent.invoke(TestInvoker.java:995)\n\tat org.testng.internal.invokers.TestInvoker.invokeTestMethods(TestInvoker.java:203)\n\tat org.testng.internal.invokers.TestMethodWorker.invokeTestMethods(TestMethodWorker.java:154)\n\tat org.testng.internal.invokers.TestMethodWorker.run(TestMethodWorker.java:134)\n\tat java.base/java.util.ArrayList.forEach(ArrayList.java:1596)\n\tat org.testng.TestRunner.privateRun(TestRunner.java:741)\n\tat org.testng.TestRunner.run(TestRunner.java:616)\n\tat org.testng.SuiteRunner.runTest(SuiteRunner.java:421)\n\tat org.testng.SuiteRunner.runSequentially(SuiteRunner.java:413)\n\tat org.testng.SuiteRunner.privateRun(SuiteRunner.java:373)\n\tat org.testng.SuiteRunner.run(SuiteRunner.java:312)\n\tat org.testng.SuiteRunnerWorker.runSuite(SuiteRunnerWorker.java:52)\n\tat org.testng.SuiteRunnerWorker.run(SuiteRunnerWorker.java:95)\n\tat org.testng.TestNG.runSuitesSequentially(TestNG.java:1274)\n\tat org.testng.TestNG.runSuitesLocally(TestNG.java:1208)\n\tat org.testng.TestNG.runSuites(TestNG.java:1112)\n\tat org.testng.TestNG.run(TestNG.java:1079)\n\tat org.apache.maven.surefire.testng.TestNGExecutor.run(TestNGExecutor.java:308)\n\tat org.apache.maven.surefire.testng.TestNGXmlTestSuite.execute(TestNGXmlTestSuite.java:71)\n\tat org.apache.maven.surefire.testng.TestNGProvider.invoke(TestNGProvider.java:113)\n\tat org.apache.maven.surefire.booter.ForkedBooter.runSuitesInProcess(ForkedBooter.java:385)\n\tat org.apache.maven.surefire.booter.ForkedBooter.execute(ForkedBooter.java:162)\n\tat org.apache.maven.surefire.booter.ForkedBooter.run(ForkedBooter.java:507)\n\tat org.apache.maven.surefire.booter.ForkedBooter.main(ForkedBooter.java:495)\n","steps":[],"attachments":[{"uid":"4abcebf84eed115b","name":"SoftAssert_Failed - 2025-12-26T17:27:40.616763590","source":"4abcebf84eed115b.png","type":"image/png","size":98874},{"uid":"ba9e121e0cccdaa5","name":"Page Source","source":"ba9e121e0cccdaa5.html","type":"text/html","size":294309}],"parameters":[],"stepsCount":0,"shouldDisplayMessage":true,"attachmentsCount":2,"hasContent":true,"attachmentStep":false},"afterStages":[{"name":"tearDown","time":{"start":1766770070766,"stop":1766770070942,"duration":176},"description":"","status":"passed","steps":[],"attachments":[{"uid":"8ca26d25b0c3f7bd","name":"Screenshot Failure - verifyNationality_Lifecycle_Success","source":"8ca26d25b0c3f7bd.png","type":"image/png","size":98874},{"uid":"2b271598450fb260","name":"Page Source","source":"2b271598450fb260.html","type":"text/html","size":294309}],"parameters":[],"stepsCount":0,"shouldDisplayMessage":false,"attachmentsCount":2,"hasContent":true,"attachmentStep":false}],"labels":[{"name":"package","value":"project_orangehrm.Test.Admin_Nationalities_Test"},{"name":"testClass","value":"project_orangehrm.Test.Admin_Nationalities_Test"},{"name":"testMethod","value":"verifyNationality_Lifecycle_Success"},{"name":"parentSuite","value":"OrangeHRM_Strategic_Suite"},{"name":"suite","value":"Step1_Hyper_Admin_PIM_Foundation"},{"name":"subSuite","value":"project_orangehrm.Test.Admin_Nationalities_Test"},{"name":"host","value":"runnervmh13bl"},{"name":"thread","value":"2206@runnervmh13bl.main(1)"},{"name":"framework","value":"testng"},{"name":"language","value":"java"},{"name":"resultFormat","value":"allure2"}],"parameters":[{"name":"browser","value":"edge"}],"links":[],"hidden":false,"retry":false,"extra":{"severity":"normal","retries":[{"uid":"523779d0991ac96e","status":"failed","statusDetails":"Record not found: Automation Tester Nationality | Locator: By.xpath: //div[@role='row']//div[normalize-space()='Automation Tester Nationality']","time":{"start":1766770035080,"stop":1766770056580,"duration":21500}},{"uid":"6e21043bace1a51b","status":"failed","statusDetails":"Record not found: Automation Tester Nationality | Locator: By.xpath: //div[@role='row']//div[normalize-space()='Automation Tester Nationality']","time":{"start":1766769949211,"stop":1766769970506,"duration":21295}},{"uid":"d4f50170174dc129","status":"passed","time":{"start":1766767112856,"stop":1766767118204,"duration":5348}}],"categories":[{"name":"Product defects","matchedStatuses":[],"flaky":false}],"history":{"statistic":{"failed":3,"broken":0,"skipped":1,"passed":5,"unknown":0,"total":9},"items":[{"uid":"41c989a3bac0a728","reportUrl":"https://m1mohammed1.github.io/orangeHRM/24/#testresult/41c989a3bac0a728","status":"skipped","statusDetails":"Expected condition failed: waiting for project_orangehrm.Base.BasePage$$Lambda/0x00007fd2f83468a8@104a287c (tried for 10 second(s) with 300 milliseconds interval)","time":{"start":1766763653189,"stop":1766763653189,"duration":0}},{"uid":"dc990b8cf5b2924","reportUrl":"https://m1mohammed1.github.io/orangeHRM/23/#testresult/dc990b8cf5b2924","status":"failed","statusDetails":"Record not found: Automation Tester Nationality | Locator: By.xpath: //div[@role='row']//div[normalize-space()='Automation Tester Nationality']","time":{"start":1766759849825,"stop":1766759871306,"duration":21481}},{"uid":"dd8c00c9f4633d01","reportUrl":"https://m1mohammed1.github.io/orangeHRM/22/#testresult/dd8c00c9f4633d01","status":"passed","time":{"start":1766705813050,"stop":1766705817864,"duration":4814}},{"uid":"4979b1001741a6a","reportUrl":"https://m1mohammed1.github.io/orangeHRM/17/#testresult/4979b1001741a6a","status":"passed","time":{"start":1766697855258,"stop":1766697860218,"duration":4960}},{"uid":"26b5d6e1567137f1","reportUrl":"https://m1mohammed1.github.io/orangeHRM/16/#testresult/26b5d6e1567137f1","status":"passed","time":{"start":1766631990684,"stop":1766631995977,"duration":5293}},{"uid":"bc930fabb1fd70e9","reportUrl":"https://m1mohammed1.github.io/orangeHRM/15/#testresult/bc930fabb1fd70e9","status":"failed","statusDetails":"Record not found: Automation Tester Nationality | Locator: By.xpath: //div[@role='row']//div[normalize-space()='Automation Tester Nationality']","time":{"start":1766624229797,"stop":1766624251148,"duration":21351}},{"uid":"44b023037e36a089","reportUrl":"https://m1mohammed1.github.io/orangeHRM/13/#testresult/44b023037e36a089","status":"passed","time":{"start":1766620333362,"stop":1766620338211,"duration":4849}},{"uid":"a81d58502c5ddebe","reportUrl":"https://m1mohammed1.github.io/orangeHRM/12/#testresult/a81d58502c5ddebe","status":"passed","time":{"start":1766616658720,"stop":1766616663574,"duration":4854}}]},"tags":[]},"source":"d10b9094010ab3cc.json","parameterValues":["edge"]}