{"uid":"d13a459e6837f14c","name":"TC05 - Negative: Verify Cancellation of Post Deletion","fullName":"project_orangehrm.Test.Buzz_Newsfeed_Test.verifyCancelDeletion_Flow","historyId":"517f7cc69d91db23d5384a8a9624b318","time":{"start":1766772082307,"stop":1766772093093,"duration":10786},"status":"broken","statusMessage":"Expected condition failed: waiting for presence of element located by: By.xpath: //div[contains(@class,'oxd-sheet')][descendant::*[contains(normalize-space(),'Safety Check ')]]//button[contains(@class,'oxd-icon-button')] (tried for 10 second(s) with 300 milliseconds interval)","statusTrace":"org.openqa.selenium.TimeoutException: Expected condition failed: waiting for presence of element located by: By.xpath: //div[contains(@class,'oxd-sheet')][descendant::*[contains(normalize-space(),'Safety Check ')]]//button[contains(@class,'oxd-icon-button')] (tried for 10 second(s) with 300 milliseconds interval)\n\tat org.openqa.selenium.support.ui.FluentWait.timeoutException(FluentWait.java:265)\n\tat org.openqa.selenium.support.ui.FluentWait.until(FluentWait.java:228)\n\tat project_orangehrm.Base.BasePage.clickJS(BasePage.java:130)\n\tat project_orangehrm.Pages.BuzzPage.clickPostOptions(BuzzPage.java:59)\n\tat project_orangehrm.Test.Buzz_Newsfeed_Test.verifyCancelDeletion_Flow(Buzz_Newsfeed_Test.java:80)\n\tat java.base/jdk.internal.reflect.DirectMethodHandleAccessor.invoke(DirectMethodHandleAccessor.java:103)\n\tat java.base/java.lang.reflect.Method.invoke(Method.java:580)\n\tat org.testng.internal.invokers.MethodInvocationHelper.invokeMethod(MethodInvocationHelper.java:141)\n\tat org.testng.internal.invokers.TestInvoker.invokeMethod(TestInvoker.java:687)\n\tat org.testng.internal.invokers.TestInvoker.invokeTestMethod(TestInvoker.java:230)\n\tat org.testng.internal.invokers.MethodRunner.runInSequence(MethodRunner.java:63)\n\tat org.testng.internal.invokers.TestInvoker$MethodInvocationAgent.invoke(TestInvoker.java:995)\n\tat org.testng.internal.invokers.TestInvoker.invokeTestMethods(TestInvoker.java:203)\n\tat org.testng.internal.invokers.TestMethodWorker.invokeTestMethods(TestMethodWorker.java:154)\n\tat org.testng.internal.invokers.TestMethodWorker.run(TestMethodWorker.java:134)\n\tat java.base/java.util.concurrent.Executors$RunnableAdapter.call(Executors.java:572)\n\tat java.base/java.util.concurrent.FutureTask.run(FutureTask.java:317)\n\tat org.testng.internal.thread.graph.TestNGFutureTask.run(TestNGFutureTask.java:22)\n\tat java.base/java.util.concurrent.ThreadPoolExecutor.runWorker(ThreadPoolExecutor.java:1144)\n\tat java.base/java.util.concurrent.ThreadPoolExecutor$Worker.run(ThreadPoolExecutor.java:642)\n\tat java.base/java.lang.Thread.run(Thread.java:1583)\nCaused by: org.openqa.selenium.NoSuchElementException: no such element: Unable to locate element: {\"method\":\"xpath\",\"selector\":\"//div[contains(@class,'oxd-sheet')][descendant::*[contains(normalize-space(),'Safety Check ')]]//button[contains(@class,'oxd-icon-button')]\"}\n  (Session info: chrome=143.0.7499.109)\nFor documentation on this error, please visit: https://www.selenium.dev/documentation/webdriver/troubleshooting/errors#nosuchelementexception\nBuild info: version: '4.37.0', revision: '3c1da1e342'\nSystem info: os.name: 'Linux', os.arch: 'amd64', os.version: '6.11.0-1018-azure', java.version: '21.0.9'\nDriver info: org.openqa.selenium.chrome.ChromeDriver\nCommand: [e5819a3830724a4bacacf061ad33172e, findElement {value=//div[contains(@class,'oxd-sheet')][descendant::*[contains(normalize-space(),'Safety Check ')]]//button[contains(@class,'oxd-icon-button')], using=xpath}]\nCapabilities {acceptInsecureCerts: false, browserName: chrome, browserVersion: 143.0.7499.109, chrome: {chromedriverVersion: 143.0.7499.42 (24bdc8c48a0c..., userDataDir: /tmp/.org.chromium.Chromium...}, fedcm:accounts: true, goog:chromeOptions: {debuggerAddress: localhost:40729}, goog:processID: 50131, networkConnectionEnabled: false, pageLoadStrategy: normal, platformName: linux, proxy: Proxy(), se:cdp: ws://localhost:40729/devtoo..., se:cdpVersion: 143.0.7499.109, setWindowRect: true, strictFileInteractability: false, timeouts: {implicit: 0, pageLoad: 300000, script: 30000}, unhandledPromptBehavior: dismiss and notify, webauthn:extension:credBlob: true, webauthn:extension:largeBlob: true, webauthn:extension:minPinLength: true, webauthn:extension:prf: true, webauthn:virtualAuthenticators: true}\nSession ID: e5819a3830724a4bacacf061ad33172e\n\tat java.base/jdk.internal.reflect.DirectConstructorHandleAccessor.newInstance(DirectConstructorHandleAccessor.java:62)\n\tat java.base/java.lang.reflect.Constructor.newInstanceWithCaller(Constructor.java:502)\n\tat java.base/java.lang.reflect.Constructor.newInstance(Constructor.java:486)\n\tat org.openqa.selenium.remote.ErrorCodec.decode(ErrorCodec.java:167)\n\tat org.openqa.selenium.remote.codec.w3c.W3CHttpResponseCodec.decode(W3CHttpResponseCodec.java:138)\n\tat org.openqa.selenium.remote.codec.w3c.W3CHttpResponseCodec.decode(W3CHttpResponseCodec.java:50)\n\tat org.openqa.selenium.remote.HttpCommandExecutor.execute(HttpCommandExecutor.java:215)\n\tat org.openqa.selenium.remote.service.DriverCommandExecutor.invokeExecute(DriverCommandExecutor.java:216)\n\tat org.openqa.selenium.remote.service.DriverCommandExecutor.execute(DriverCommandExecutor.java:174)\n\tat org.openqa.selenium.remote.RemoteWebDriver.execute(RemoteWebDriver.java:557)\n\tat org.openqa.selenium.remote.ElementLocation$ElementFinder$2.findElement(ElementLocation.java:165)\n\tat org.openqa.selenium.remote.ElementLocation.findElement(ElementLocation.java:59)\n\tat org.openqa.selenium.remote.RemoteWebDriver.findElement(RemoteWebDriver.java:380)\n\tat org.openqa.selenium.remote.RemoteWebDriver.findElement(RemoteWebDriver.java:374)\n\tat org.openqa.selenium.support.ui.ExpectedConditions$6.apply(ExpectedConditions.java:171)\n\tat org.openqa.selenium.support.ui.ExpectedConditions$6.apply(ExpectedConditions.java:168)\n\tat org.openqa.selenium.support.ui.FluentWait.until(FluentWait.java:203)\n\t... 19 more\n","flaky":false,"newFailed":false,"newBroken":true,"newPassed":false,"retriesCount":3,"retriesStatusChange":true,"beforeStages":[{"name":"setUp","time":{"start":1766772078979,"stop":1766772080403,"duration":1424},"description":"","status":"passed","steps":[],"attachments":[],"parameters":[],"stepsCount":0,"shouldDisplayMessage":false,"attachmentsCount":0,"hasContent":false,"attachmentStep":false},{"name":"setup","time":{"start":1766772080404,"stop":1766772082306,"duration":1902},"description":"","status":"passed","steps":[],"attachments":[],"parameters":[],"stepsCount":0,"shouldDisplayMessage":false,"attachmentsCount":0,"hasContent":false,"attachmentStep":false}],"afterStages":[{"name":"tearDown","time":{"start":1766772093093,"stop":1766772093296,"duration":203},"description":"","status":"passed","steps":[],"attachments":[{"uid":"ad942f166fa56b44","name":"Screenshot Failure - verifyCancelDeletion_Flow","source":"ad942f166fa56b44.png","type":"image/png","size":160081},{"uid":"40dc887f1207764a","name":"Page Source","source":"40dc887f1207764a.html","type":"text/html","size":330483}],"parameters":[],"stepsCount":0,"shouldDisplayMessage":false,"attachmentsCount":2,"hasContent":true,"attachmentStep":false}],"labels":[{"name":"package","value":"project_orangehrm.Test.Buzz_Newsfeed_Test"},{"name":"testClass","value":"project_orangehrm.Test.Buzz_Newsfeed_Test"},{"name":"testMethod","value":"verifyCancelDeletion_Flow"},{"name":"parentSuite","value":"OrangeHRM_Strategic_Suite"},{"name":"suite","value":"Step5_Perf_Buzz_Dash"},{"name":"subSuite","value":"project_orangehrm.Test.Buzz_Newsfeed_Test"},{"name":"host","value":"runnervmh13bl"},{"name":"thread","value":"2336@runnervmh13bl.TestNG-test-Step5_Perf_Buzz_Dash-1(3808)"},{"name":"framework","value":"testng"},{"name":"language","value":"java"},{"name":"resultFormat","value":"allure2"}],"parameters":[{"name":"browser","value":"edge"}],"links":[],"hidden":false,"retry":false,"extra":{"severity":"normal","retries":[{"uid":"2881a46321b63133","status":"passed","time":{"start":1766771867430,"stop":1766771868784,"duration":1354}},{"uid":"469f8e80256ff0d0","status":"passed","time":{"start":1766771831890,"stop":1766771833277,"duration":1387}},{"uid":"a0ac253762817db9","status":"broken","statusDetails":"Expected condition failed: waiting for presence of element located by: By.xpath: //div[contains(@class,'oxd-sheet')][descendant::*[contains(normalize-space(),'Safety Check ')]]//button[contains(@class,'oxd-icon-button')] (tried for 10 second(s) with 300 milliseconds interval)","time":{"start":1766768968625,"stop":1766768992492,"duration":23867}}],"categories":[{"name":"Test defects","matchedStatuses":[],"flaky":false}],"history":{"statistic":{"failed":0,"broken":5,"skipped":1,"passed":4,"unknown":0,"total":10},"items":[{"uid":"df13cd780d3b32e4","reportUrl":"https://m1mohammed1.github.io/orangeHRM/24/#testresult/df13cd780d3b32e4","status":"skipped","statusDetails":"Expected condition failed: waiting for project_orangehrm.Base.BasePage$$Lambda/0x00007fd2f83468a8@47222ceb (tried for 10 second(s) with 300 milliseconds interval)","time":{"start":1766763873549,"stop":1766763873549,"duration":0}},{"uid":"2015d5cc71dbdd36","reportUrl":"https://m1mohammed1.github.io/orangeHRM/23/#testresult/2015d5cc71dbdd36","status":"passed","time":{"start":1766761908912,"stop":1766761923620,"duration":14708}},{"uid":"e255423750d1ed20","reportUrl":"https://m1mohammed1.github.io/orangeHRM/22/#testresult/e255423750d1ed20","status":"broken","statusDetails":"stale element reference: stale element not found in the current frame\n  (Session info: chrome=143.0.7499.109)\nFor documentation on this error, please visit: https://www.selenium.dev/documentation/webdriver/troubleshooting/errors#staleelementreferenceexception\nBuild info: version: '4.37.0', revision: '3c1da1e342'\nSystem info: os.name: 'Linux', os.arch: 'amd64', os.version: '6.11.0-1018-azure', java.version: '21.0.9'\nDriver info: org.openqa.selenium.chrome.ChromeDriver\nCommand: [c9620052ce40a0282015cc815ee6cacc, clickElement {id=f.BAF373EDA5E24D2D3F887C182B61C2BC.d.6E2F077C91D18FA0A43EA4BFBE1FB395.e.48}]\nCapabilities {acceptInsecureCerts: false, browserName: chrome, browserVersion: 143.0.7499.109, chrome: {chromedriverVersion: 143.0.7499.169 (164b20aab62..., userDataDir: /tmp/.org.chromium.Chromium...}, fedcm:accounts: true, goog:chromeOptions: {debuggerAddress: localhost:44891}, goog:processID: 46154, networkConnectionEnabled: false, pageLoadStrategy: normal, platformName: linux, proxy: Proxy(), se:cdp: ws://localhost:44891/devtoo..., se:cdpVersion: 143.0.7499.109, setWindowRect: true, strictFileInteractability: false, timeouts: {implicit: 0, pageLoad: 300000, script: 30000}, unhandledPromptBehavior: dismiss and notify, webauthn:extension:credBlob: true, webauthn:extension:largeBlob: true, webauthn:extension:minPinLength: true, webauthn:extension:prf: true, webauthn:virtualAuthenticators: true}\nElement: [[ChromeDriver: chrome on linux (c9620052ce40a0282015cc815ee6cacc)] -> xpath: //button[@type='submit']]\nSession ID: c9620052ce40a0282015cc815ee6cacc","time":{"start":1766706930217,"stop":1766706930811,"duration":594}},{"uid":"e138908c362ae23f","reportUrl":"https://m1mohammed1.github.io/orangeHRM/17/#testresult/e138908c362ae23f","status":"passed","time":{"start":1766696713801,"stop":1766696715522,"duration":1721}},{"uid":"cfcdcee39f6b3b2","reportUrl":"https://m1mohammed1.github.io/orangeHRM/16/#testresult/cfcdcee39f6b3b2","status":"broken","statusDetails":"stale element reference: stale element not found in the current frame\n  (Session info: chrome=143.0.7499.109)\nFor documentation on this error, please visit: https://www.selenium.dev/documentation/webdriver/troubleshooting/errors#staleelementreferenceexception\nBuild info: version: '4.37.0', revision: '3c1da1e342'\nSystem info: os.name: 'Linux', os.arch: 'amd64', os.version: '6.11.0-1018-azure', java.version: '21.0.9'\nDriver info: org.openqa.selenium.chrome.ChromeDriver\nCommand: [23ad637113321eb851a98528cead858b, clickElement {id=f.F37DA83714DC3DC51B94A088094E7D7A.d.4EE6372F777BCF6BF1A4C1C57532CF2C.e.47}]\nCapabilities {acceptInsecureCerts: false, browserName: chrome, browserVersion: 143.0.7499.109, chrome: {chromedriverVersion: 143.0.7499.169 (164b20aab62..., userDataDir: /tmp/.org.chromium.Chromium...}, fedcm:accounts: true, goog:chromeOptions: {debuggerAddress: localhost:34861}, goog:processID: 48528, networkConnectionEnabled: false, pageLoadStrategy: normal, platformName: linux, proxy: Proxy(), se:cdp: ws://localhost:34861/devtoo..., se:cdpVersion: 143.0.7499.109, setWindowRect: true, strictFileInteractability: false, timeouts: {implicit: 0, pageLoad: 300000, script: 30000}, unhandledPromptBehavior: dismiss and notify, webauthn:extension:credBlob: true, webauthn:extension:largeBlob: true, webauthn:extension:minPinLength: true, webauthn:extension:prf: true, webauthn:virtualAuthenticators: true}\nElement: [[ChromeDriver: chrome on linux (23ad637113321eb851a98528cead858b)] -> xpath: //button[@type='submit']]\nSession ID: 23ad637113321eb851a98528cead858b","time":{"start":1766630808910,"stop":1766630809434,"duration":524}},{"uid":"82323f4f77a187b8","reportUrl":"https://m1mohammed1.github.io/orangeHRM/15/#testresult/82323f4f77a187b8","status":"broken","statusDetails":"Expected condition failed: waiting for presence of element located by: By.xpath: //div[contains(@class,'oxd-sheet')][descendant::*[contains(normalize-space(),'Safety Check ')]]//button[contains(@class,'oxd-icon-button')] (tried for 10 second(s) with 300 milliseconds interval)","time":{"start":1766623066296,"stop":1766623087136,"duration":20840}},{"uid":"1806a0248d7adfb0","reportUrl":"https://m1mohammed1.github.io/orangeHRM/13/#testresult/1806a0248d7adfb0","status":"passed","time":{"start":1766619411185,"stop":1766619412852,"duration":1667}},{"uid":"e82e3ad275acefb0","reportUrl":"https://m1mohammed1.github.io/orangeHRM/11/#testresult/e82e3ad275acefb0","status":"broken","statusDetails":"Expected condition failed: waiting for presence of element located by: By.xpath: //div[contains(@class,'oxd-sheet')][descendant::*[contains(normalize-space(),'Safety Check ')]]//button[contains(@class,'oxd-icon-button')] (tried for 5 second(s) with 300 milliseconds interval)","time":{"start":1766605006478,"stop":1766605030425,"duration":23947}},{"uid":"23abbd56fe185ab1","reportUrl":"https://m1mohammed1.github.io/orangeHRM/9/#testresult/23abbd56fe185ab1","status":"passed","time":{"start":1766596746388,"stop":1766596747349,"duration":961}}]},"tags":[]},"source":"d13a459e6837f14c.json","parameterValues":["edge"]}