{"uid":"d9bd0d0d13d428cf","name":"TC02 - Verify Submit, Edit Claim Logic","fullName":"project_orangehrm.Test.Claim_Operations_Test.verifyClaim_Edit","historyId":"d50b6ec4e66e2d9e2a49a5c44a297d42","time":{"start":1766606386849,"stop":1766606400453,"duration":13604},"status":"broken","statusMessage":"Expected condition failed: waiting for project_orangehrm.Base.BasePage$$Lambda/0x00007f5df0348268@283b3155 (tried for 5 second(s) with 300 milliseconds interval)","statusTrace":"org.openqa.selenium.TimeoutException: Expected condition failed: waiting for project_orangehrm.Base.BasePage$$Lambda/0x00007f5df0348268@283b3155 (tried for 5 second(s) with 300 milliseconds interval)\n\tat org.openqa.selenium.support.ui.FluentWait.timeoutException(FluentWait.java:265)\n\tat org.openqa.selenium.support.ui.FluentWait.until(FluentWait.java:228)\n\tat project_orangehrm.Base.BasePage.clickWhenReady(BasePage.java:73)\n\tat project_orangehrm.Pages.CommonPage.add(CommonPage.java:168)\n\tat project_orangehrm.Pages.ClaimPage.clickAddExpense(ClaimPage.java:39)\n\tat project_orangehrm.Test.Claim_Operations_Test.verifyClaim_Edit(Claim_Operations_Test.java:77)\n\tat java.base/jdk.internal.reflect.DirectMethodHandleAccessor.invoke(DirectMethodHandleAccessor.java:103)\n\tat java.base/java.lang.reflect.Method.invoke(Method.java:580)\n\tat org.testng.internal.invokers.MethodInvocationHelper.invokeMethod(MethodInvocationHelper.java:141)\n\tat org.testng.internal.invokers.TestInvoker.invokeMethod(TestInvoker.java:687)\n\tat org.testng.internal.invokers.TestInvoker.invokeTestMethod(TestInvoker.java:230)\n\tat org.testng.internal.invokers.MethodRunner.runInSequence(MethodRunner.java:63)\n\tat org.testng.internal.invokers.TestInvoker$MethodInvocationAgent.invoke(TestInvoker.java:995)\n\tat org.testng.internal.invokers.TestInvoker.invokeTestMethods(TestInvoker.java:203)\n\tat org.testng.internal.invokers.TestMethodWorker.invokeTestMethods(TestMethodWorker.java:154)\n\tat org.testng.internal.invokers.TestMethodWorker.run(TestMethodWorker.java:134)\n\tat java.base/java.util.concurrent.Executors$RunnableAdapter.call(Executors.java:572)\n\tat java.base/java.util.concurrent.FutureTask.run(FutureTask.java:317)\n\tat org.testng.internal.thread.graph.TestNGFutureTask.run(TestNGFutureTask.java:22)\n\tat java.base/java.util.concurrent.ThreadPoolExecutor.runWorker(ThreadPoolExecutor.java:1144)\n\tat java.base/java.util.concurrent.ThreadPoolExecutor$Worker.run(ThreadPoolExecutor.java:642)\n\tat java.base/java.lang.Thread.run(Thread.java:1583)\nCaused by: org.openqa.selenium.ElementClickInterceptedException: element click intercepted: Element <button data-v-10d463b7=\"\" data-v-6a9dd8d1=\"\" type=\"button\" class=\"oxd-button oxd-button--medium oxd-button--text\">...</button> is not clickable at point (469, 575). Other element would receive the click: <div data-v-bcfca726=\"\" data-v-126e9e0f=\"\" class=\"oxd-dialog-container-default\">...</div>\n  (Session info: chrome=143.0.7499.109)\nBuild info: version: '4.37.0', revision: '3c1da1e342'\nSystem info: os.name: 'Linux', os.arch: 'amd64', os.version: '6.11.0-1018-azure', java.version: '21.0.9'\nDriver info: org.openqa.selenium.chrome.ChromeDriver\nCommand: [8b41ed48d20b80ad87c946f9c03e55ba, clickElement {id=f.D92AAAA84EF50BCCFADFE680B54C803D.d.2C50B7DE900816AE53EFB41A3EC5EC80.e.91}]\nCapabilities {acceptInsecureCerts: false, browserName: chrome, browserVersion: 143.0.7499.109, chrome: {chromedriverVersion: 143.0.7499.169 (164b20aab62..., userDataDir: /tmp/.org.chromium.Chromium...}, fedcm:accounts: true, goog:chromeOptions: {debuggerAddress: localhost:45437}, goog:processID: 24085, networkConnectionEnabled: false, pageLoadStrategy: normal, platformName: linux, proxy: Proxy(), se:cdp: ws://localhost:45437/devtoo..., se:cdpVersion: 143.0.7499.109, setWindowRect: true, strictFileInteractability: false, timeouts: {implicit: 0, pageLoad: 300000, script: 30000}, unhandledPromptBehavior: dismiss and notify, webauthn:extension:credBlob: true, webauthn:extension:largeBlob: true, webauthn:extension:minPinLength: true, webauthn:extension:prf: true, webauthn:virtualAuthenticators: true}\nElement: [[ChromeDriver: chrome on linux (8b41ed48d20b80ad87c946f9c03e55ba)] -> xpath: //button[normalize-space()='Add']]\nSession ID: 8b41ed48d20b80ad87c946f9c03e55ba\n\tat java.base/jdk.internal.reflect.DirectConstructorHandleAccessor.newInstance(DirectConstructorHandleAccessor.java:62)\n\tat java.base/java.lang.reflect.Constructor.newInstanceWithCaller(Constructor.java:502)\n\tat java.base/java.lang.reflect.Constructor.newInstance(Constructor.java:486)\n\tat org.openqa.selenium.remote.ErrorCodec.decode(ErrorCodec.java:167)\n\tat org.openqa.selenium.remote.codec.w3c.W3CHttpResponseCodec.decode(W3CHttpResponseCodec.java:138)\n\tat org.openqa.selenium.remote.codec.w3c.W3CHttpResponseCodec.decode(W3CHttpResponseCodec.java:50)\n\tat org.openqa.selenium.remote.HttpCommandExecutor.execute(HttpCommandExecutor.java:215)\n\tat org.openqa.selenium.remote.service.DriverCommandExecutor.invokeExecute(DriverCommandExecutor.java:216)\n\tat org.openqa.selenium.remote.service.DriverCommandExecutor.execute(DriverCommandExecutor.java:174)\n\tat org.openqa.selenium.remote.RemoteWebDriver.execute(RemoteWebDriver.java:557)\n\tat org.openqa.selenium.remote.RemoteWebElement.execute(RemoteWebElement.java:223)\n\tat org.openqa.selenium.remote.RemoteWebElement.click(RemoteWebElement.java:76)\n\tat project_orangehrm.Base.BasePage.lambda$clickWhenReady$1(BasePage.java:75)\n\tat org.openqa.selenium.support.ui.FluentWait.until(FluentWait.java:203)\n\t... 20 more\n","flaky":false,"newFailed":false,"newBroken":false,"newPassed":false,"retriesCount":3,"retriesStatusChange":false,"beforeStages":[{"name":"setUp","time":{"start":1766606383435,"stop":1766606384545,"duration":1110},"description":"","status":"passed","steps":[],"attachments":[],"parameters":[],"stepsCount":0,"shouldDisplayMessage":false,"attachmentsCount":0,"hasContent":false,"attachmentStep":false},{"name":"setup","time":{"start":1766606384549,"stop":1766606386848,"duration":2299},"description":"","status":"passed","steps":[],"attachments":[],"parameters":[],"stepsCount":0,"shouldDisplayMessage":false,"attachmentsCount":0,"hasContent":false,"attachmentStep":false}],"afterStages":[{"name":"tearDown","time":{"start":1766606400454,"stop":1766606400570,"duration":116},"description":"","status":"passed","steps":[],"attachments":[{"uid":"7b3baa6646d9274b","name":"Screenshot Error","source":"7b3baa6646d9274b.txt","type":"text/plain","size":1152}],"parameters":[],"stepsCount":0,"shouldDisplayMessage":false,"attachmentsCount":1,"hasContent":true,"attachmentStep":false}],"labels":[{"name":"package","value":"project_orangehrm.Test.Claim_Operations_Test"},{"name":"testClass","value":"project_orangehrm.Test.Claim_Operations_Test"},{"name":"testMethod","value":"verifyClaim_Edit"},{"name":"parentSuite","value":"OrangeHRM_E2E_Suite"},{"name":"suite","value":"Step4_Operational"},{"name":"subSuite","value":"project_orangehrm.Test.Claim_Operations_Test"},{"name":"host","value":"runnervmh13bl"},{"name":"thread","value":"2276@runnervmh13bl.TestNG-test-Step4_Operational-3(1478)"},{"name":"framework","value":"testng"},{"name":"language","value":"java"},{"name":"resultFormat","value":"allure2"}],"parameters":[{"name":"browser","value":"edge"}],"links":[],"hidden":false,"retry":false,"extra":{"severity":"normal","retries":[{"uid":"e0c264e35f97547d","status":"broken","statusDetails":"Expected condition failed: waiting for project_orangehrm.Base.BasePage$$Lambda/0x00007f45e8348b88@5bb80a0d (tried for 5 second(s) with 300 milliseconds interval)","time":{"start":1766604863207,"stop":1766604876820,"duration":13613}},{"uid":"84b21fda2259847f","status":"broken","statusDetails":"Expected condition failed: waiting for project_orangehrm.Base.BasePage$$Lambda/0x00007f5edc349cb8@21041b92 (tried for 5 second(s) with 300 milliseconds interval)","time":{"start":1766604685863,"stop":1766604699279,"duration":13416}},{"uid":"6ed804d59692c15c","status":"broken","statusDetails":"Expected condition failed: waiting for project_orangehrm.Base.BasePage$$Lambda/0x00007f59a8348268@69fd1854 (tried for 5 second(s) with 300 milliseconds interval)","time":{"start":1766603275689,"stop":1766603289699,"duration":14010}}],"categories":[{"name":"Test defects","matchedStatuses":[],"flaky":false}],"history":{"statistic":{"failed":0,"broken":3,"skipped":0,"passed":0,"unknown":0,"total":3},"items":[{"uid":"4997c1826dba0d28","reportUrl":"https://m1mohammed1.github.io/orangeHRM/10/#testresult/4997c1826dba0d28","status":"broken","statusDetails":"Expected condition failed: waiting for project_orangehrm.Base.BasePage$$Lambda/0x00007f24a434a560@14d760fc (tried for 7 second(s) with 300 milliseconds interval)","time":{"start":1766598267263,"stop":1766598283940,"duration":16677}},{"uid":"db243728d903edc0","reportUrl":"https://m1mohammed1.github.io/orangeHRM/9/#testresult/db243728d903edc0","status":"broken","statusDetails":"Expected condition failed: waiting for project_orangehrm.Base.BasePage$$Lambda/0x00007f1508381f10@4bdc8ff7 (tried for 15 second(s) with 300 milliseconds interval)","time":{"start":1766596409354,"stop":1766596434367,"duration":25013}}]},"tags":[]},"source":"d9bd0d0d13d428cf.json","parameterValues":["edge"]}