{"uid":"dd7c2e7f9890611b","name":"TC03 - Verify Custom Field Lifecycle: Create, Verify, Edit, Delete","fullName":"project_orangehrm.Test.PIM_Configuration_Test.verifyCustomField_Lifecycle_Edit","historyId":"b52714c768b2efe06e75db6d02525759","time":{"start":1766770136562,"stop":1766770159269,"duration":22707},"status":"broken","statusMessage":"Expected condition failed: waiting for element to be clickable: By.xpath: //div[contains(text(),'Automation Badge ID Edit')]/ancestor::div[@role='row']//button[i[contains(@class, 'bi-pencil')]] (tried for 10 second(s) with 300 milliseconds interval)\nBuild info: version: '4.37.0', revision: '3c1da1e342'\nSystem info: os.name: 'Linux', os.arch: 'amd64', os.version: '6.11.0-1018-azure', java.version: '21.0.9'\nDriver info: driver.version: unknown","statusTrace":"org.openqa.selenium.TimeoutException: Expected condition failed: waiting for element to be clickable: By.xpath: //div[contains(text(),'Automation Badge ID Edit')]/ancestor::div[@role='row']//button[i[contains(@class, 'bi-pencil')]] (tried for 10 second(s) with 300 milliseconds interval)\nBuild info: version: '4.37.0', revision: '3c1da1e342'\nSystem info: os.name: 'Linux', os.arch: 'amd64', os.version: '6.11.0-1018-azure', java.version: '21.0.9'\nDriver info: driver.version: unknown\n\tat org.openqa.selenium.support.ui.FluentWait.timeoutException(FluentWait.java:265)\n\tat org.openqa.selenium.support.ui.FluentWait.until(FluentWait.java:228)\n\tat project_orangehrm.Base.BasePage.clickWhenReady(BasePage.java:95)\n\tat project_orangehrm.Pages.CommonPage.edit(CommonPage.java:216)\n\tat project_orangehrm.Pages.PIMPage.clickToEdit(PIMPage.java:148)\n\tat project_orangehrm.Test.PIM_Configuration_Test.verifyCustomField_Lifecycle_Edit(PIM_Configuration_Test.java:65)\n\tat java.base/jdk.internal.reflect.DirectMethodHandleAccessor.invoke(DirectMethodHandleAccessor.java:103)\n\tat java.base/java.lang.reflect.Method.invoke(Method.java:580)\n\tat org.testng.internal.invokers.MethodInvocationHelper.invokeMethod(MethodInvocationHelper.java:141)\n\tat org.testng.internal.invokers.TestInvoker.invokeMethod(TestInvoker.java:687)\n\tat org.testng.internal.invokers.TestInvoker.invokeTestMethod(TestInvoker.java:230)\n\tat org.testng.internal.invokers.MethodRunner.runInSequence(MethodRunner.java:63)\n\tat org.testng.internal.invokers.TestInvoker$MethodInvocationAgent.invoke(TestInvoker.java:995)\n\tat org.testng.internal.invokers.TestInvoker.invokeTestMethods(TestInvoker.java:203)\n\tat org.testng.internal.invokers.TestMethodWorker.invokeTestMethods(TestMethodWorker.java:154)\n\tat org.testng.internal.invokers.TestMethodWorker.run(TestMethodWorker.java:134)\n\tat java.base/java.util.ArrayList.forEach(ArrayList.java:1596)\n\tat org.testng.TestRunner.privateRun(TestRunner.java:741)\n\tat org.testng.TestRunner.run(TestRunner.java:616)\n\tat org.testng.SuiteRunner.runTest(SuiteRunner.java:421)\n\tat org.testng.SuiteRunner.runSequentially(SuiteRunner.java:413)\n\tat org.testng.SuiteRunner.privateRun(SuiteRunner.java:373)\n\tat org.testng.SuiteRunner.run(SuiteRunner.java:312)\n\tat org.testng.SuiteRunnerWorker.runSuite(SuiteRunnerWorker.java:52)\n\tat org.testng.SuiteRunnerWorker.run(SuiteRunnerWorker.java:95)\n\tat org.testng.TestNG.runSuitesSequentially(TestNG.java:1274)\n\tat org.testng.TestNG.runSuitesLocally(TestNG.java:1208)\n\tat org.testng.TestNG.runSuites(TestNG.java:1112)\n\tat org.testng.TestNG.run(TestNG.java:1079)\n\tat org.apache.maven.surefire.testng.TestNGExecutor.run(TestNGExecutor.java:308)\n\tat org.apache.maven.surefire.testng.TestNGXmlTestSuite.execute(TestNGXmlTestSuite.java:71)\n\tat org.apache.maven.surefire.testng.TestNGProvider.invoke(TestNGProvider.java:113)\n\tat org.apache.maven.surefire.booter.ForkedBooter.runSuitesInProcess(ForkedBooter.java:385)\n\tat org.apache.maven.surefire.booter.ForkedBooter.execute(ForkedBooter.java:162)\n\tat org.apache.maven.surefire.booter.ForkedBooter.run(ForkedBooter.java:507)\n\tat org.apache.maven.surefire.booter.ForkedBooter.main(ForkedBooter.java:495)\n","flaky":false,"newFailed":false,"newBroken":true,"newPassed":false,"retriesCount":3,"retriesStatusChange":true,"beforeStages":[{"name":"setUp","time":{"start":1766770132489,"stop":1766770133442,"duration":953},"description":"","status":"passed","steps":[],"attachments":[],"parameters":[],"stepsCount":0,"shouldDisplayMessage":false,"attachmentsCount":0,"hasContent":false,"attachmentStep":false},{"name":"setup","time":{"start":1766770133443,"stop":1766770136561,"duration":3118},"description":"","status":"passed","steps":[],"attachments":[],"parameters":[],"stepsCount":0,"shouldDisplayMessage":false,"attachmentsCount":0,"hasContent":false,"attachmentStep":false}],"testStage":{"status":"broken","statusMessage":"Expected condition failed: waiting for element to be clickable: By.xpath: //div[contains(text(),'Automation Badge ID Edit')]/ancestor::div[@role='row']//button[i[contains(@class, 'bi-pencil')]] (tried for 10 second(s) with 300 milliseconds interval)\nBuild info: version: '4.37.0', revision: '3c1da1e342'\nSystem info: os.name: 'Linux', os.arch: 'amd64', os.version: '6.11.0-1018-azure', java.version: '21.0.9'\nDriver info: driver.version: unknown","statusTrace":"org.openqa.selenium.TimeoutException: Expected condition failed: waiting for element to be clickable: By.xpath: //div[contains(text(),'Automation Badge ID Edit')]/ancestor::div[@role='row']//button[i[contains(@class, 'bi-pencil')]] (tried for 10 second(s) with 300 milliseconds interval)\nBuild info: version: '4.37.0', revision: '3c1da1e342'\nSystem info: os.name: 'Linux', os.arch: 'amd64', os.version: '6.11.0-1018-azure', java.version: '21.0.9'\nDriver info: driver.version: unknown\n\tat org.openqa.selenium.support.ui.FluentWait.timeoutException(FluentWait.java:265)\n\tat org.openqa.selenium.support.ui.FluentWait.until(FluentWait.java:228)\n\tat project_orangehrm.Base.BasePage.clickWhenReady(BasePage.java:95)\n\tat project_orangehrm.Pages.CommonPage.edit(CommonPage.java:216)\n\tat project_orangehrm.Pages.PIMPage.clickToEdit(PIMPage.java:148)\n\tat project_orangehrm.Test.PIM_Configuration_Test.verifyCustomField_Lifecycle_Edit(PIM_Configuration_Test.java:65)\n\tat java.base/jdk.internal.reflect.DirectMethodHandleAccessor.invoke(DirectMethodHandleAccessor.java:103)\n\tat java.base/java.lang.reflect.Method.invoke(Method.java:580)\n\tat org.testng.internal.invokers.MethodInvocationHelper.invokeMethod(MethodInvocationHelper.java:141)\n\tat org.testng.internal.invokers.TestInvoker.invokeMethod(TestInvoker.java:687)\n\tat org.testng.internal.invokers.TestInvoker.invokeTestMethod(TestInvoker.java:230)\n\tat org.testng.internal.invokers.MethodRunner.runInSequence(MethodRunner.java:63)\n\tat org.testng.internal.invokers.TestInvoker$MethodInvocationAgent.invoke(TestInvoker.java:995)\n\tat org.testng.internal.invokers.TestInvoker.invokeTestMethods(TestInvoker.java:203)\n\tat org.testng.internal.invokers.TestMethodWorker.invokeTestMethods(TestMethodWorker.java:154)\n\tat org.testng.internal.invokers.TestMethodWorker.run(TestMethodWorker.java:134)\n\tat java.base/java.util.ArrayList.forEach(ArrayList.java:1596)\n\tat org.testng.TestRunner.privateRun(TestRunner.java:741)\n\tat org.testng.TestRunner.run(TestRunner.java:616)\n\tat org.testng.SuiteRunner.runTest(SuiteRunner.java:421)\n\tat org.testng.SuiteRunner.runSequentially(SuiteRunner.java:413)\n\tat org.testng.SuiteRunner.privateRun(SuiteRunner.java:373)\n\tat org.testng.SuiteRunner.run(SuiteRunner.java:312)\n\tat org.testng.SuiteRunnerWorker.runSuite(SuiteRunnerWorker.java:52)\n\tat org.testng.SuiteRunnerWorker.run(SuiteRunnerWorker.java:95)\n\tat org.testng.TestNG.runSuitesSequentially(TestNG.java:1274)\n\tat org.testng.TestNG.runSuitesLocally(TestNG.java:1208)\n\tat org.testng.TestNG.runSuites(TestNG.java:1112)\n\tat org.testng.TestNG.run(TestNG.java:1079)\n\tat org.apache.maven.surefire.testng.TestNGExecutor.run(TestNGExecutor.java:308)\n\tat org.apache.maven.surefire.testng.TestNGXmlTestSuite.execute(TestNGXmlTestSuite.java:71)\n\tat org.apache.maven.surefire.testng.TestNGProvider.invoke(TestNGProvider.java:113)\n\tat org.apache.maven.surefire.booter.ForkedBooter.runSuitesInProcess(ForkedBooter.java:385)\n\tat org.apache.maven.surefire.booter.ForkedBooter.execute(ForkedBooter.java:162)\n\tat org.apache.maven.surefire.booter.ForkedBooter.run(ForkedBooter.java:507)\n\tat org.apache.maven.surefire.booter.ForkedBooter.main(ForkedBooter.java:495)\n","steps":[],"attachments":[{"uid":"2c75451ac73e1519","name":"SoftAssert_Failed - 2025-12-26T17:29:09.147380625","source":"2c75451ac73e1519.png","type":"image/png","size":100965},{"uid":"d89e44e31b1efa11","name":"Page Source","source":"d89e44e31b1efa11.html","type":"text/html","size":295781}],"parameters":[],"stepsCount":0,"shouldDisplayMessage":true,"attachmentsCount":2,"hasContent":true,"attachmentStep":false},"afterStages":[{"name":"tearDown","time":{"start":1766770159270,"stop":1766770159453,"duration":183},"description":"","status":"passed","steps":[],"attachments":[{"uid":"c4d1999ffc7e6170","name":"Screenshot Failure - verifyCustomField_Lifecycle_Edit","source":"c4d1999ffc7e6170.png","type":"image/png","size":100965},{"uid":"f53402cf56e5178","name":"Page Source","source":"f53402cf56e5178.html","type":"text/html","size":295781}],"parameters":[],"stepsCount":0,"shouldDisplayMessage":false,"attachmentsCount":2,"hasContent":true,"attachmentStep":false}],"labels":[{"name":"package","value":"project_orangehrm.Test.PIM_Configuration_Test"},{"name":"testClass","value":"project_orangehrm.Test.PIM_Configuration_Test"},{"name":"testMethod","value":"verifyCustomField_Lifecycle_Edit"},{"name":"parentSuite","value":"OrangeHRM_Strategic_Suite"},{"name":"suite","value":"Step2_PIM_User_Foundation"},{"name":"subSuite","value":"project_orangehrm.Test.PIM_Configuration_Test"},{"name":"host","value":"runnervmh13bl"},{"name":"thread","value":"2206@runnervmh13bl.main(1)"},{"name":"framework","value":"testng"},{"name":"language","value":"java"},{"name":"resultFormat","value":"allure2"}],"parameters":[{"name":"browser","value":"edge"}],"links":[],"hidden":false,"retry":false,"extra":{"severity":"normal","retries":[{"uid":"fdfc6d381b6d59c2","status":"passed","time":{"start":1766770133405,"stop":1766770155394,"duration":21989}},{"uid":"16a040044a98a809","status":"passed","time":{"start":1766770038107,"stop":1766770057878,"duration":19771}},{"uid":"86e640bfcd5d885d","status":"passed","time":{"start":1766767177764,"stop":1766767198489,"duration":20725}}],"categories":[{"name":"Test defects","matchedStatuses":[],"flaky":false}],"history":{"statistic":{"failed":2,"broken":2,"skipped":1,"passed":7,"unknown":0,"total":12},"items":[{"uid":"72ea933c661412c5","reportUrl":"https://m1mohammed1.github.io/orangeHRM/24/#testresult/72ea933c661412c5","status":"skipped","statusDetails":"Expected condition failed: waiting for project_orangehrm.Base.BasePage$$Lambda/0x00007fd2f83468a8@6c6928c (tried for 10 second(s) with 300 milliseconds interval)","time":{"start":1766763664820,"stop":1766763664820,"duration":0}},{"uid":"2294a43a2c3cf63","reportUrl":"https://m1mohammed1.github.io/orangeHRM/23/#testresult/2294a43a2c3cf63","status":"passed","time":{"start":1766759948748,"stop":1766759970073,"duration":21325}},{"uid":"178502323c44ead3","reportUrl":"https://m1mohammed1.github.io/orangeHRM/22/#testresult/178502323c44ead3","status":"passed","time":{"start":1766705866863,"stop":1766705886490,"duration":19627}},{"uid":"da3527b8c9ad0a5b","reportUrl":"https://m1mohammed1.github.io/orangeHRM/17/#testresult/da3527b8c9ad0a5b","status":"passed","time":{"start":1766697910728,"stop":1766697930711,"duration":19983}},{"uid":"b312227cfb77d29a","reportUrl":"https://m1mohammed1.github.io/orangeHRM/16/#testresult/b312227cfb77d29a","status":"passed","time":{"start":1766632054751,"stop":1766632075417,"duration":20666}},{"uid":"d2b289b94c2902df","reportUrl":"https://m1mohammed1.github.io/orangeHRM/15/#testresult/d2b289b94c2902df","status":"passed","time":{"start":1766624321414,"stop":1766624344192,"duration":22778}},{"uid":"a8d35f859315660e","reportUrl":"https://m1mohammed1.github.io/orangeHRM/13/#testresult/a8d35f859315660e","status":"passed","time":{"start":1766618106232,"stop":1766618125812,"duration":19580}},{"uid":"25a7cb52ffb766dc","reportUrl":"https://m1mohammed1.github.io/orangeHRM/12/#testresult/25a7cb52ffb766dc","status":"passed","time":{"start":1766616698213,"stop":1766616717943,"duration":19730}},{"uid":"5a4bfddd65a1744f","reportUrl":"https://m1mohammed1.github.io/orangeHRM/11/#testresult/5a4bfddd65a1744f","status":"broken","statusDetails":"Expected condition failed: waiting for project_orangehrm.Base.BasePage$$Lambda/0x00007f5df0348268@2ccb0929 (tried for 5 second(s) with 300 milliseconds interval)","time":{"start":1766605915549,"stop":1766605931125,"duration":15576}},{"uid":"3c69d99c805fd804","reportUrl":"https://m1mohammed1.github.io/orangeHRM/10/#testresult/3c69d99c805fd804","status":"failed","statusDetails":"Success message not displayed | Locator: By.xpath: //div[contains(@class, 'oxd-toast--success')]","time":{"start":1766597766895,"stop":1766597778993,"duration":12098}},{"uid":"ba90c5a5b9e1af7d","reportUrl":"https://m1mohammed1.github.io/orangeHRM/9/#testresult/ba90c5a5b9e1af7d","status":"failed","statusDetails":"Success message not displayed | Locator: By.xpath: //div[contains(@class, 'oxd-toast--success')]","time":{"start":1766596056138,"stop":1766596078742,"duration":22604}}]},"tags":[]},"source":"dd7c2e7f9890611b.json","parameterValues":["edge"]}