{"uid":"dedb400cef2786ab","name":"TC10 - Verify OAuth Client Lifecycle: Create, Verify, Delete","fullName":"project_orangehrm.Test.Admin_Configuration_Test.verifyOAuthClient_Lifecycle_Success","historyId":"aa9f4063b8659c365a5d8b01bc254d7d","time":{"start":1766770011744,"stop":1766770034153,"duration":22409},"status":"failed","statusMessage":"Record not found: Test_OAuth_Client | Locator: By.xpath: //div[@role='row']//div[normalize-space()='Test_OAuth_Client']","statusTrace":"java.lang.AssertionError: Record not found: Test_OAuth_Client | Locator: By.xpath: //div[@role='row']//div[normalize-space()='Test_OAuth_Client']\n\tat org.testng.Assert.fail(Assert.java:111)\n\tat project_orangehrm.Base.BasePage.assertVisible(BasePage.java:46)\n\tat project_orangehrm.Pages.CommonPage.verifyRecordVisible(CommonPage.java:311)\n\tat project_orangehrm.Pages.AdminPage.verifyRecordExists(AdminPage.java:132)\n\tat project_orangehrm.Test.Admin_Configuration_Test.verifyOAuthClient_Lifecycle_Success(Admin_Configuration_Test.java:177)\n\tat java.base/jdk.internal.reflect.DirectMethodHandleAccessor.invoke(DirectMethodHandleAccessor.java:103)\n\tat java.base/java.lang.reflect.Method.invoke(Method.java:580)\n\tat org.testng.internal.invokers.MethodInvocationHelper.invokeMethod(MethodInvocationHelper.java:141)\n\tat org.testng.internal.invokers.TestInvoker.invokeMethod(TestInvoker.java:687)\n\tat org.testng.internal.invokers.TestInvoker.invokeTestMethod(TestInvoker.java:230)\n\tat org.testng.internal.invokers.MethodRunner.runInSequence(MethodRunner.java:63)\n\tat org.testng.internal.invokers.TestInvoker$MethodInvocationAgent.invoke(TestInvoker.java:995)\n\tat org.testng.internal.invokers.TestInvoker.invokeTestMethods(TestInvoker.java:203)\n\tat org.testng.internal.invokers.TestMethodWorker.invokeTestMethods(TestMethodWorker.java:154)\n\tat org.testng.internal.invokers.TestMethodWorker.run(TestMethodWorker.java:134)\n\tat java.base/java.util.ArrayList.forEach(ArrayList.java:1596)\n\tat org.testng.TestRunner.privateRun(TestRunner.java:741)\n\tat org.testng.TestRunner.run(TestRunner.java:616)\n\tat org.testng.SuiteRunner.runTest(SuiteRunner.java:421)\n\tat org.testng.SuiteRunner.runSequentially(SuiteRunner.java:413)\n\tat org.testng.SuiteRunner.privateRun(SuiteRunner.java:373)\n\tat org.testng.SuiteRunner.run(SuiteRunner.java:312)\n\tat org.testng.SuiteRunnerWorker.runSuite(SuiteRunnerWorker.java:52)\n\tat org.testng.SuiteRunnerWorker.run(SuiteRunnerWorker.java:95)\n\tat org.testng.TestNG.runSuitesSequentially(TestNG.java:1274)\n\tat org.testng.TestNG.runSuitesLocally(TestNG.java:1208)\n\tat org.testng.TestNG.runSuites(TestNG.java:1112)\n\tat org.testng.TestNG.run(TestNG.java:1079)\n\tat org.apache.maven.surefire.testng.TestNGExecutor.run(TestNGExecutor.java:308)\n\tat org.apache.maven.surefire.testng.TestNGXmlTestSuite.execute(TestNGXmlTestSuite.java:71)\n\tat org.apache.maven.surefire.testng.TestNGProvider.invoke(TestNGProvider.java:113)\n\tat org.apache.maven.surefire.booter.ForkedBooter.runSuitesInProcess(ForkedBooter.java:385)\n\tat org.apache.maven.surefire.booter.ForkedBooter.execute(ForkedBooter.java:162)\n\tat org.apache.maven.surefire.booter.ForkedBooter.run(ForkedBooter.java:507)\n\tat org.apache.maven.surefire.booter.ForkedBooter.main(ForkedBooter.java:495)\n","flaky":false,"newFailed":true,"newBroken":false,"newPassed":false,"retriesCount":3,"retriesStatusChange":true,"beforeStages":[{"name":"setUp","time":{"start":1766770009233,"stop":1766770009979,"duration":746},"description":"","status":"passed","steps":[],"attachments":[],"parameters":[],"stepsCount":0,"shouldDisplayMessage":false,"attachmentsCount":0,"hasContent":false,"attachmentStep":false},{"name":"setup","time":{"start":1766770009980,"stop":1766770011743,"duration":1763},"description":"","status":"passed","steps":[],"attachments":[],"parameters":[],"stepsCount":0,"shouldDisplayMessage":false,"attachmentsCount":0,"hasContent":false,"attachmentStep":false}],"testStage":{"status":"failed","statusMessage":"Record not found: Test_OAuth_Client | Locator: By.xpath: //div[@role='row']//div[normalize-space()='Test_OAuth_Client']","statusTrace":"java.lang.AssertionError: Record not found: Test_OAuth_Client | Locator: By.xpath: //div[@role='row']//div[normalize-space()='Test_OAuth_Client']\n\tat org.testng.Assert.fail(Assert.java:111)\n\tat project_orangehrm.Base.BasePage.assertVisible(BasePage.java:46)\n\tat project_orangehrm.Pages.CommonPage.verifyRecordVisible(CommonPage.java:311)\n\tat project_orangehrm.Pages.AdminPage.verifyRecordExists(AdminPage.java:132)\n\tat project_orangehrm.Test.Admin_Configuration_Test.verifyOAuthClient_Lifecycle_Success(Admin_Configuration_Test.java:177)\n\tat java.base/jdk.internal.reflect.DirectMethodHandleAccessor.invoke(DirectMethodHandleAccessor.java:103)\n\tat java.base/java.lang.reflect.Method.invoke(Method.java:580)\n\tat org.testng.internal.invokers.MethodInvocationHelper.invokeMethod(MethodInvocationHelper.java:141)\n\tat org.testng.internal.invokers.TestInvoker.invokeMethod(TestInvoker.java:687)\n\tat org.testng.internal.invokers.TestInvoker.invokeTestMethod(TestInvoker.java:230)\n\tat org.testng.internal.invokers.MethodRunner.runInSequence(MethodRunner.java:63)\n\tat org.testng.internal.invokers.TestInvoker$MethodInvocationAgent.invoke(TestInvoker.java:995)\n\tat org.testng.internal.invokers.TestInvoker.invokeTestMethods(TestInvoker.java:203)\n\tat org.testng.internal.invokers.TestMethodWorker.invokeTestMethods(TestMethodWorker.java:154)\n\tat org.testng.internal.invokers.TestMethodWorker.run(TestMethodWorker.java:134)\n\tat java.base/java.util.ArrayList.forEach(ArrayList.java:1596)\n\tat org.testng.TestRunner.privateRun(TestRunner.java:741)\n\tat org.testng.TestRunner.run(TestRunner.java:616)\n\tat org.testng.SuiteRunner.runTest(SuiteRunner.java:421)\n\tat org.testng.SuiteRunner.runSequentially(SuiteRunner.java:413)\n\tat org.testng.SuiteRunner.privateRun(SuiteRunner.java:373)\n\tat org.testng.SuiteRunner.run(SuiteRunner.java:312)\n\tat org.testng.SuiteRunnerWorker.runSuite(SuiteRunnerWorker.java:52)\n\tat org.testng.SuiteRunnerWorker.run(SuiteRunnerWorker.java:95)\n\tat org.testng.TestNG.runSuitesSequentially(TestNG.java:1274)\n\tat org.testng.TestNG.runSuitesLocally(TestNG.java:1208)\n\tat org.testng.TestNG.runSuites(TestNG.java:1112)\n\tat org.testng.TestNG.run(TestNG.java:1079)\n\tat org.apache.maven.surefire.testng.TestNGExecutor.run(TestNGExecutor.java:308)\n\tat org.apache.maven.surefire.testng.TestNGXmlTestSuite.execute(TestNGXmlTestSuite.java:71)\n\tat org.apache.maven.surefire.testng.TestNGProvider.invoke(TestNGProvider.java:113)\n\tat org.apache.maven.surefire.booter.ForkedBooter.runSuitesInProcess(ForkedBooter.java:385)\n\tat org.apache.maven.surefire.booter.ForkedBooter.execute(ForkedBooter.java:162)\n\tat org.apache.maven.surefire.booter.ForkedBooter.run(ForkedBooter.java:507)\n\tat org.apache.maven.surefire.booter.ForkedBooter.main(ForkedBooter.java:495)\n","steps":[],"attachments":[{"uid":"d7e22c347a127f3b","name":"SoftAssert_Failed - 2025-12-26T17:27:03.454842893","source":"d7e22c347a127f3b.png","type":"image/png","size":104560},{"uid":"876d7ed32833bab5","name":"Page Source","source":"876d7ed32833bab5.html","type":"text/html","size":296612}],"parameters":[],"stepsCount":0,"shouldDisplayMessage":true,"attachmentsCount":2,"hasContent":true,"attachmentStep":false},"afterStages":[{"name":"tearDown","time":{"start":1766770034154,"stop":1766770034362,"duration":208},"description":"","status":"passed","steps":[],"attachments":[{"uid":"99f8a5db34005380","name":"Screenshot Failure - verifyOAuthClient_Lifecycle_Success","source":"99f8a5db34005380.png","type":"image/png","size":103851},{"uid":"da6be47cd0bbc449","name":"Page Source","source":"da6be47cd0bbc449.html","type":"text/html","size":297114}],"parameters":[],"stepsCount":0,"shouldDisplayMessage":false,"attachmentsCount":2,"hasContent":true,"attachmentStep":false}],"labels":[{"name":"package","value":"project_orangehrm.Test.Admin_Configuration_Test"},{"name":"testClass","value":"project_orangehrm.Test.Admin_Configuration_Test"},{"name":"testMethod","value":"verifyOAuthClient_Lifecycle_Success"},{"name":"parentSuite","value":"OrangeHRM_Strategic_Suite"},{"name":"suite","value":"Step1_Hyper_Admin_PIM_Foundation"},{"name":"subSuite","value":"project_orangehrm.Test.Admin_Configuration_Test"},{"name":"host","value":"runnervmh13bl"},{"name":"thread","value":"2206@runnervmh13bl.main(1)"},{"name":"framework","value":"testng"},{"name":"language","value":"java"},{"name":"resultFormat","value":"allure2"}],"parameters":[{"name":"browser","value":"edge"}],"links":[],"hidden":false,"retry":false,"extra":{"severity":"normal","retries":[{"uid":"59c7d60cad29286d","status":"passed","time":{"start":1766770010299,"stop":1766770014670,"duration":4371}},{"uid":"7b3c0e8483e8f075","status":"passed","time":{"start":1766769928769,"stop":1766769932639,"duration":3870}},{"uid":"996701553e0ef1d7","status":"passed","time":{"start":1766767088696,"stop":1766767092599,"duration":3903}}],"categories":[{"name":"Product defects","matchedStatuses":[],"flaky":false}],"history":{"statistic":{"failed":1,"broken":0,"skipped":1,"passed":10,"unknown":0,"total":12},"items":[{"uid":"acbcba5f9f64f512","reportUrl":"https://m1mohammed1.github.io/orangeHRM/24/#testresult/acbcba5f9f64f512","status":"skipped","statusDetails":"Expected condition failed: waiting for project_orangehrm.Base.BasePage$$Lambda/0x00007fd2f83468a8@250967f1 (tried for 10 second(s) with 300 milliseconds interval)","time":{"start":1766763641741,"stop":1766763641741,"duration":0}},{"uid":"868903b0c6d845df","reportUrl":"https://m1mohammed1.github.io/orangeHRM/23/#testresult/868903b0c6d845df","status":"passed","time":{"start":1766759824743,"stop":1766759828944,"duration":4201}},{"uid":"2659e74302d648f2","reportUrl":"https://m1mohammed1.github.io/orangeHRM/22/#testresult/2659e74302d648f2","status":"passed","time":{"start":1766705793077,"stop":1766705797001,"duration":3924}},{"uid":"ef70e15414ba33b3","reportUrl":"https://m1mohammed1.github.io/orangeHRM/17/#testresult/ef70e15414ba33b3","status":"passed","time":{"start":1766697834309,"stop":1766697838154,"duration":3845}},{"uid":"ba16453314fe5af7","reportUrl":"https://m1mohammed1.github.io/orangeHRM/16/#testresult/ba16453314fe5af7","status":"passed","time":{"start":1766631965882,"stop":1766631969921,"duration":4039}},{"uid":"a0d0a09b28fa40e","reportUrl":"https://m1mohammed1.github.io/orangeHRM/15/#testresult/a0d0a09b28fa40e","status":"passed","time":{"start":1766624208801,"stop":1766624212404,"duration":3603}},{"uid":"f84811a13a6e2f10","reportUrl":"https://m1mohammed1.github.io/orangeHRM/13/#testresult/f84811a13a6e2f10","status":"passed","time":{"start":1766620313205,"stop":1766620317000,"duration":3795}},{"uid":"e88f31b5409ccb01","reportUrl":"https://m1mohammed1.github.io/orangeHRM/12/#testresult/e88f31b5409ccb01","status":"passed","time":{"start":1766616636274,"stop":1766616639739,"duration":3465}},{"uid":"759e737728fde265","reportUrl":"https://m1mohammed1.github.io/orangeHRM/11/#testresult/759e737728fde265","status":"passed","time":{"start":1766605892780,"stop":1766605895637,"duration":2857}},{"uid":"3b6ea690991e90d8","reportUrl":"https://m1mohammed1.github.io/orangeHRM/10/#testresult/3b6ea690991e90d8","status":"passed","time":{"start":1766597694789,"stop":1766597697880,"duration":3091}},{"uid":"bdadaa91ee25312d","reportUrl":"https://m1mohammed1.github.io/orangeHRM/9/#testresult/bdadaa91ee25312d","status":"passed","time":{"start":1766595808317,"stop":1766595812785,"duration":4468}}]},"tags":[]},"source":"dedb400cef2786ab.json","parameterValues":["edge"]}