{"uid":"e5c8f2f960f01564","name":"TC07 - Verify Expense Type Lifecycle: Create, Edit, Delete","fullName":"project_orangehrm.Test.Claim_Configuration_Test.verifyExpenseType_Lifecycle_Edit","historyId":"cff9860856908d7aecd7fd2f9e68d54f","time":{"start":1766606413521,"stop":1766606413521,"duration":0},"status":"skipped","statusMessage":"Expected condition failed: waiting for project_orangehrm.Base.BasePage$$Lambda/0x00007f5df0348268@25fba298 (tried for 5 second(s) with 300 milliseconds interval)","statusTrace":"org.openqa.selenium.TimeoutException: Expected condition failed: waiting for project_orangehrm.Base.BasePage$$Lambda/0x00007f5df0348268@25fba298 (tried for 5 second(s) with 300 milliseconds interval)\n\tat org.openqa.selenium.support.ui.FluentWait.timeoutException(FluentWait.java:265)\n\tat org.openqa.selenium.support.ui.FluentWait.until(FluentWait.java:228)\n\tat project_orangehrm.Base.BasePage.clickWhenReady(BasePage.java:73)\n\tat project_orangehrm.Pages.CommonPage.navigateToModule(CommonPage.java:61)\n\tat project_orangehrm.Test.Claim_Configuration_Test.setup(Claim_Configuration_Test.java:27)\n\tat java.base/jdk.internal.reflect.DirectMethodHandleAccessor.invoke(DirectMethodHandleAccessor.java:103)\n\tat java.base/java.lang.reflect.Method.invoke(Method.java:580)\n\tat org.testng.internal.invokers.MethodInvocationHelper.invokeMethod(MethodInvocationHelper.java:141)\n\tat org.testng.internal.invokers.MethodInvocationHelper.invokeMethodConsideringTimeout(MethodInvocationHelper.java:71)\n\tat org.testng.internal.invokers.ConfigInvoker.invokeConfigurationMethod(ConfigInvoker.java:400)\n\tat org.testng.internal.invokers.ConfigInvoker.invokeConfigurations(ConfigInvoker.java:333)\n\tat org.testng.internal.invokers.TestInvoker.runConfigMethods(TestInvoker.java:836)\n\tat org.testng.internal.invokers.TestInvoker.invokeMethod(TestInvoker.java:601)\n\tat org.testng.internal.invokers.TestInvoker.invokeTestMethod(TestInvoker.java:230)\n\tat org.testng.internal.invokers.MethodRunner.runInSequence(MethodRunner.java:63)\n\tat org.testng.internal.invokers.TestInvoker$MethodInvocationAgent.invoke(TestInvoker.java:995)\n\tat org.testng.internal.invokers.TestInvoker.invokeTestMethods(TestInvoker.java:203)\n\tat org.testng.internal.invokers.TestMethodWorker.invokeTestMethods(TestMethodWorker.java:154)\n\tat org.testng.internal.invokers.TestMethodWorker.run(TestMethodWorker.java:134)\n\tat java.base/java.util.concurrent.Executors$RunnableAdapter.call(Executors.java:572)\n\tat java.base/java.util.concurrent.FutureTask.run(FutureTask.java:317)\n\tat org.testng.internal.thread.graph.TestNGFutureTask.run(TestNGFutureTask.java:22)\n\tat java.base/java.util.concurrent.ThreadPoolExecutor.runWorker(ThreadPoolExecutor.java:1144)\n\tat java.base/java.util.concurrent.ThreadPoolExecutor$Worker.run(ThreadPoolExecutor.java:642)\n\tat java.base/java.lang.Thread.run(Thread.java:1583)\nCaused by: org.openqa.selenium.NoSuchElementException: no such element: Unable to locate element: {\"method\":\"xpath\",\"selector\":\"//a[contains(@class,'oxd-main-menu-item')]/span[text()='Claim']\"}\n  (Session info: chrome=143.0.7499.109)\nFor documentation on this error, please visit: https://www.selenium.dev/documentation/webdriver/troubleshooting/errors#nosuchelementexception\nBuild info: version: '4.37.0', revision: '3c1da1e342'\nSystem info: os.name: 'Linux', os.arch: 'amd64', os.version: '6.11.0-1018-azure', java.version: '21.0.9'\nDriver info: org.openqa.selenium.chrome.ChromeDriver\nCommand: [e2c359b7d61ae4242f19e2fa8e92f2c5, findElement {using=xpath, value=//a[contains(@class,'oxd-main-menu-item')]/span[text()='Claim']}]\nCapabilities {acceptInsecureCerts: false, browserName: chrome, browserVersion: 143.0.7499.109, chrome: {chromedriverVersion: 143.0.7499.169 (164b20aab62..., userDataDir: /tmp/.org.chromium.Chromium...}, fedcm:accounts: true, goog:chromeOptions: {debuggerAddress: localhost:34307}, goog:processID: 24832, networkConnectionEnabled: false, pageLoadStrategy: normal, platformName: linux, proxy: Proxy(), se:cdp: ws://localhost:34307/devtoo..., se:cdpVersion: 143.0.7499.109, setWindowRect: true, strictFileInteractability: false, timeouts: {implicit: 0, pageLoad: 300000, script: 30000}, unhandledPromptBehavior: dismiss and notify, webauthn:extension:credBlob: true, webauthn:extension:largeBlob: true, webauthn:extension:minPinLength: true, webauthn:extension:prf: true, webauthn:virtualAuthenticators: true}\nSession ID: e2c359b7d61ae4242f19e2fa8e92f2c5\n\tat java.base/jdk.internal.reflect.DirectConstructorHandleAccessor.newInstance(DirectConstructorHandleAccessor.java:62)\n\tat java.base/java.lang.reflect.Constructor.newInstanceWithCaller(Constructor.java:502)\n\tat java.base/java.lang.reflect.Constructor.newInstance(Constructor.java:486)\n\tat org.openqa.selenium.remote.ErrorCodec.decode(ErrorCodec.java:167)\n\tat org.openqa.selenium.remote.codec.w3c.W3CHttpResponseCodec.decode(W3CHttpResponseCodec.java:138)\n\tat org.openqa.selenium.remote.codec.w3c.W3CHttpResponseCodec.decode(W3CHttpResponseCodec.java:50)\n\tat org.openqa.selenium.remote.HttpCommandExecutor.execute(HttpCommandExecutor.java:215)\n\tat org.openqa.selenium.remote.service.DriverCommandExecutor.invokeExecute(DriverCommandExecutor.java:216)\n\tat org.openqa.selenium.remote.service.DriverCommandExecutor.execute(DriverCommandExecutor.java:174)\n\tat org.openqa.selenium.remote.RemoteWebDriver.execute(RemoteWebDriver.java:557)\n\tat org.openqa.selenium.remote.ElementLocation$ElementFinder$2.findElement(ElementLocation.java:165)\n\tat org.openqa.selenium.remote.ElementLocation.findElement(ElementLocation.java:59)\n\tat org.openqa.selenium.remote.RemoteWebDriver.findElement(RemoteWebDriver.java:380)\n\tat org.openqa.selenium.remote.RemoteWebDriver.findElement(RemoteWebDriver.java:374)\n\tat project_orangehrm.Base.BasePage.lambda$clickWhenReady$1(BasePage.java:74)\n\tat org.openqa.selenium.support.ui.FluentWait.until(FluentWait.java:203)\n\t... 23 more\n","flaky":false,"newFailed":false,"newBroken":false,"newPassed":false,"retriesCount":3,"retriesStatusChange":true,"beforeStages":[{"name":"setUp","time":{"start":1766606413520,"stop":1766606413520,"duration":0},"description":"","status":"broken","steps":[],"attachments":[],"parameters":[],"stepsCount":0,"shouldDisplayMessage":false,"attachmentsCount":0,"hasContent":false,"attachmentStep":false},{"name":"setup","time":{"start":1766606413520,"stop":1766606413520,"duration":0},"description":"","status":"broken","steps":[],"attachments":[],"parameters":[],"stepsCount":0,"shouldDisplayMessage":false,"attachmentsCount":0,"hasContent":false,"attachmentStep":false}],"afterStages":[{"name":"tearDown","time":{"start":1766606413521,"stop":1766606413521,"duration":0},"description":"","status":"broken","steps":[],"attachments":[],"parameters":[],"stepsCount":0,"shouldDisplayMessage":false,"attachmentsCount":0,"hasContent":false,"attachmentStep":false}],"labels":[{"name":"package","value":"project_orangehrm.Test.Claim_Configuration_Test"},{"name":"testClass","value":"project_orangehrm.Test.Claim_Configuration_Test"},{"name":"testMethod","value":"verifyExpenseType_Lifecycle_Edit"},{"name":"parentSuite","value":"OrangeHRM_E2E_Suite"},{"name":"suite","value":"Step4_Operational"},{"name":"subSuite","value":"project_orangehrm.Test.Claim_Configuration_Test"},{"name":"host","value":"runnervmh13bl"},{"name":"thread","value":"2276@runnervmh13bl.TestNG-test-Step4_Operational-4(1479)"},{"name":"framework","value":"testng"},{"name":"language","value":"java"},{"name":"resultFormat","value":"allure2"}],"parameters":[{"name":"browser","value":"edge"}],"links":[],"hidden":false,"retry":false,"extra":{"severity":"normal","retries":[{"uid":"43713b8d49887a64","status":"passed","time":{"start":1766604879562,"stop":1766604889890,"duration":10328}},{"uid":"4a6f45c5144a6e89","status":"passed","time":{"start":1766604703547,"stop":1766604713476,"duration":9929}},{"uid":"9263356375eacfa1","status":"passed","time":{"start":1766603307074,"stop":1766603316419,"duration":9345}}],"categories":[],"history":{"statistic":{"failed":2,"broken":0,"skipped":1,"passed":0,"unknown":0,"total":3},"items":[{"uid":"5344fa39034e4e6c","reportUrl":"https://m1mohammed1.github.io/orangeHRM/10/#testresult/5344fa39034e4e6c","status":"failed","statusDetails":"Success message not displayed | Locator: By.xpath: //div[contains(@class, 'oxd-toast--success')]","time":{"start":1766598290148,"stop":1766598301755,"duration":11607}},{"uid":"b750e96f5bcc19f8","reportUrl":"https://m1mohammed1.github.io/orangeHRM/9/#testresult/b750e96f5bcc19f8","status":"failed","statusDetails":"Success message not displayed | Locator: By.xpath: //div[contains(@class, 'oxd-toast--success')]","time":{"start":1766596454057,"stop":1766596476067,"duration":22010}}]},"tags":[]},"source":"e5c8f2f960f01564.json","parameterValues":["edge"]}