{"uid":"e7f364b4c6ceae27","name":"TC02 - Positive: Verify Engagement (Like and Comment)","fullName":"project_orangehrm.Test.Buzz_Newsfeed_Test.verifyEngagement_Success","historyId":"fc41fb952595f8a3781300ca386a7b51","time":{"start":1766598339122,"stop":1766598363380,"duration":24258},"status":"broken","statusMessage":"Expected condition failed: waiting for presence of element located by: By.xpath: //div[contains(@class,'orangehrm-buzz-post')][.//*[contains(normalize-space(),'Engagement ')]]//div[contains(@class,'orangehrm-buzz-post-actions')]//button[i[contains(@class,'bi-heart')]] (tried for 7 second(s) with 300 milliseconds interval)","statusTrace":"org.openqa.selenium.TimeoutException: Expected condition failed: waiting for presence of element located by: By.xpath: //div[contains(@class,'orangehrm-buzz-post')][.//*[contains(normalize-space(),'Engagement ')]]//div[contains(@class,'orangehrm-buzz-post-actions')]//button[i[contains(@class,'bi-heart')]] (tried for 7 second(s) with 300 milliseconds interval)\n\tat org.openqa.selenium.support.ui.FluentWait.timeoutException(FluentWait.java:265)\n\tat org.openqa.selenium.support.ui.FluentWait.until(FluentWait.java:228)\n\tat project_orangehrm.Base.BasePage.clickJS(BasePage.java:109)\n\tat project_orangehrm.Pages.BuzzPage.clickLikeOnPost(BuzzPage.java:34)\n\tat project_orangehrm.Test.Buzz_Newsfeed_Test.verifyEngagement_Success(Buzz_Newsfeed_Test.java:49)\n\tat java.base/jdk.internal.reflect.DirectMethodHandleAccessor.invoke(DirectMethodHandleAccessor.java:103)\n\tat java.base/java.lang.reflect.Method.invoke(Method.java:580)\n\tat org.testng.internal.invokers.MethodInvocationHelper.invokeMethod(MethodInvocationHelper.java:141)\n\tat org.testng.internal.invokers.TestInvoker.invokeMethod(TestInvoker.java:687)\n\tat org.testng.internal.invokers.TestInvoker.invokeTestMethod(TestInvoker.java:230)\n\tat org.testng.internal.invokers.MethodRunner.runInSequence(MethodRunner.java:63)\n\tat org.testng.internal.invokers.TestInvoker$MethodInvocationAgent.invoke(TestInvoker.java:995)\n\tat org.testng.internal.invokers.TestInvoker.invokeTestMethods(TestInvoker.java:203)\n\tat org.testng.internal.invokers.TestMethodWorker.invokeTestMethods(TestMethodWorker.java:154)\n\tat org.testng.internal.invokers.TestMethodWorker.run(TestMethodWorker.java:134)\n\tat java.base/java.util.concurrent.Executors$RunnableAdapter.call(Executors.java:572)\n\tat java.base/java.util.concurrent.FutureTask.run(FutureTask.java:317)\n\tat org.testng.internal.thread.graph.TestNGFutureTask.run(TestNGFutureTask.java:22)\n\tat java.base/java.util.concurrent.ThreadPoolExecutor.runWorker(ThreadPoolExecutor.java:1144)\n\tat java.base/java.util.concurrent.ThreadPoolExecutor$Worker.run(ThreadPoolExecutor.java:642)\n\tat java.base/java.lang.Thread.run(Thread.java:1583)\nCaused by: org.openqa.selenium.NoSuchElementException: no such element: Unable to locate element: {\"method\":\"xpath\",\"selector\":\"//div[contains(@class,'orangehrm-buzz-post')][.//*[contains(normalize-space(),'Engagement ')]]//div[contains(@class,'orangehrm-buzz-post-actions')]//button[i[contains(@class,'bi-heart')]]\"}\n  (Session info: MicrosoftEdge=143.0.3650.80)\nFor documentation on this error, please visit: https://www.selenium.dev/documentation/webdriver/troubleshooting/errors#nosuchelementexception\nBuild info: version: '4.37.0', revision: '3c1da1e342'\nSystem info: os.name: 'Linux', os.arch: 'amd64', os.version: '6.11.0-1018-azure', java.version: '21.0.9'\nDriver info: org.openqa.selenium.edge.EdgeDriver\nCommand: [b78defb3228bcc5de9780e79f92366df, findElement {using=xpath, value=//div[contains(@class,'orangehrm-buzz-post')][.//*[contains(normalize-space(),'Engagement ')]]//div[contains(@class,'orangehrm-buzz-post-actions')]//button[i[contains(@class,'bi-heart')]]}]\nCapabilities {acceptInsecureCerts: false, browserName: MicrosoftEdge, browserVersion: 143.0.3650.80, fedcm:accounts: true, goog:processID: 47801, ms:edgeOptions: {debuggerAddress: localhost:38245}, msedge: {msedgedriverVersion: 143.0.3650.80 (788579717f68..., userDataDir: /tmp/.com.microsoft.Edge.sc...}, networkConnectionEnabled: false, pageLoadStrategy: normal, platformName: linux, proxy: Proxy(), se:cdp: ws://localhost:38245/devtoo..., se:cdpVersion: 143.0.3650.80, setWindowRect: true, strictFileInteractability: false, timeouts: {implicit: 0, pageLoad: 300000, script: 30000}, unhandledPromptBehavior: dismiss and notify, webauthn:extension:credBlob: true, webauthn:extension:largeBlob: true, webauthn:extension:minPinLength: true, webauthn:extension:prf: true, webauthn:virtualAuthenticators: true}\nSession ID: b78defb3228bcc5de9780e79f92366df\n\tat java.base/jdk.internal.reflect.DirectConstructorHandleAccessor.newInstance(DirectConstructorHandleAccessor.java:62)\n\tat java.base/java.lang.reflect.Constructor.newInstanceWithCaller(Constructor.java:502)\n\tat java.base/java.lang.reflect.Constructor.newInstance(Constructor.java:486)\n\tat org.openqa.selenium.remote.ErrorCodec.decode(ErrorCodec.java:167)\n\tat org.openqa.selenium.remote.codec.w3c.W3CHttpResponseCodec.decode(W3CHttpResponseCodec.java:138)\n\tat org.openqa.selenium.remote.codec.w3c.W3CHttpResponseCodec.decode(W3CHttpResponseCodec.java:50)\n\tat org.openqa.selenium.remote.HttpCommandExecutor.execute(HttpCommandExecutor.java:215)\n\tat org.openqa.selenium.remote.service.DriverCommandExecutor.invokeExecute(DriverCommandExecutor.java:216)\n\tat org.openqa.selenium.remote.service.DriverCommandExecutor.execute(DriverCommandExecutor.java:174)\n\tat org.openqa.selenium.remote.RemoteWebDriver.execute(RemoteWebDriver.java:557)\n\tat org.openqa.selenium.remote.ElementLocation$ElementFinder$2.findElement(ElementLocation.java:165)\n\tat org.openqa.selenium.remote.ElementLocation.findElement(ElementLocation.java:59)\n\tat org.openqa.selenium.remote.RemoteWebDriver.findElement(RemoteWebDriver.java:380)\n\tat org.openqa.selenium.remote.RemoteWebDriver.findElement(RemoteWebDriver.java:374)\n\tat org.openqa.selenium.support.ui.ExpectedConditions$6.apply(ExpectedConditions.java:171)\n\tat org.openqa.selenium.support.ui.ExpectedConditions$6.apply(ExpectedConditions.java:168)\n\tat org.openqa.selenium.support.ui.FluentWait.until(FluentWait.java:203)\n\t... 19 more\n","flaky":false,"newFailed":false,"newBroken":false,"newPassed":false,"retriesCount":0,"retriesStatusChange":false,"beforeStages":[{"name":"setUp","time":{"start":1766598334118,"stop":1766598336448,"duration":2330},"description":"","status":"passed","steps":[],"attachments":[],"parameters":[],"stepsCount":0,"shouldDisplayMessage":false,"attachmentsCount":0,"hasContent":false,"attachmentStep":false},{"name":"setup","time":{"start":1766598336449,"stop":1766598339121,"duration":2672},"description":"","status":"passed","steps":[],"attachments":[],"parameters":[],"stepsCount":0,"shouldDisplayMessage":false,"attachmentsCount":0,"hasContent":false,"attachmentStep":false}],"afterStages":[{"name":"tearDown","time":{"start":1766598363381,"stop":1766598365519,"duration":2138},"description":"","status":"passed","steps":[],"attachments":[{"uid":"fdff2d31edd9717e","name":"Screenshot Failure - verifyEngagement_Success","source":"fdff2d31edd9717e.png","type":"image/png","size":99015},{"uid":"234e3babb7e2f003","name":"Page Source","source":"234e3babb7e2f003.html","type":"text/html","size":6010}],"parameters":[],"stepsCount":0,"shouldDisplayMessage":false,"attachmentsCount":2,"hasContent":true,"attachmentStep":false}],"labels":[{"name":"package","value":"project_orangehrm.Test.Buzz_Newsfeed_Test"},{"name":"testClass","value":"project_orangehrm.Test.Buzz_Newsfeed_Test"},{"name":"testMethod","value":"verifyEngagement_Success"},{"name":"parentSuite","value":"OrangeHRM_Revolutionary_E2E_Suite"},{"name":"suite","value":"Step4_Performance_And_Engagement"},{"name":"subSuite","value":"project_orangehrm.Test.Buzz_Newsfeed_Test"},{"name":"host","value":"runnervmh13bl"},{"name":"thread","value":"2200@runnervmh13bl.TestNG-test-Step4_Performance_And_Engagement-4(2062)"},{"name":"framework","value":"testng"},{"name":"language","value":"java"},{"name":"resultFormat","value":"allure2"}],"parameters":[{"name":"browser","value":"edge"}],"links":[],"hidden":false,"retry":false,"extra":{"severity":"normal","retries":[],"categories":[{"name":"Test defects","matchedStatuses":[],"flaky":false}],"history":{"statistic":{"failed":0,"broken":2,"skipped":0,"passed":0,"unknown":0,"total":2},"items":[{"uid":"f3f9f09019c821a6","reportUrl":"https://m1mohammed1.github.io/orangeHRM/9/#testresult/f3f9f09019c821a6","status":"broken","statusDetails":"Expected condition failed: waiting for presence of element located by: By.xpath: //div[contains(@class,'orangehrm-buzz-post')][.//*[contains(normalize-space(),'Engagement ')]]//div[contains(@class,'orangehrm-buzz-post-actions')]//button[i[contains(@class,'bi-heart')]] (tried for 15 second(s) with 300 milliseconds interval)","time":{"start":1766596655876,"stop":1766596687573,"duration":31697}}]},"tags":[]},"source":"e7f364b4c6ceae27.json","parameterValues":["edge"]}